#
# There is insufficient memory for the Java Runtime Environment to continue.
# Native memory allocation (malloc) failed to allocate 1409424 bytes for Chunk::new
# Possible reasons:
#   The system is out of physical RAM or swap space
#   The process is running with CompressedOops enabled, and the Java Heap may be blocking the growth of the native heap
# Possible solutions:
#   Reduce memory load on the system
#   Increase physical memory or swap space
#   Check if swap backing store is full
#   Decrease Java heap size (-Xmx/-Xms)
#   Decrease number of Java threads
#   Decrease Java thread stack sizes (-Xss)
#   Set larger code cache with -XX:ReservedCodeCacheSize=
#   JVM is running with Unscaled Compressed Oops mode in which the Java heap is
#     placed in the first 4GB address space. The Java Heap base address is the
#     maximum limit for the native heap growth. Please use -XX:HeapBaseMinAddress
#     to set the Java Heap base and to place the Java Heap above 4GB virtual address.
# This output file may be truncated or incomplete.
#
#  Out of Memory Error (arena.cpp:189), pid=12172, tid=3832
#
# JRE version: OpenJDK Runtime Environment (17.0.6) (build 17.0.6+0-b2043.56-10027231)
# Java VM: OpenJDK 64-Bit Server VM (17.0.6+0-b2043.56-10027231, mixed mode, tiered, compressed oops, compressed class ptrs, g1 gc, windows-amd64)
# No core dump will be written. Minidumps are not enabled by default on client versions of Windows
#

---------------  S U M M A R Y ------------

Command Line: --add-opens=java.base/java.util=ALL-UNNAMED --add-opens=java.base/java.lang=ALL-UNNAMED --add-opens=java.base/java.lang.invoke=ALL-UNNAMED --add-opens=java.prefs/java.util.prefs=ALL-UNNAMED --add-opens=java.base/java.nio.charset=ALL-UNNAMED --add-opens=java.base/java.net=ALL-UNNAMED --add-opens=java.base/java.util.concurrent.atomic=ALL-UNNAMED -Xmx2048m -Dfile.encoding=UTF-8 -Duser.country=IN -Duser.language=en -Duser.variant org.gradle.launcher.daemon.bootstrap.GradleDaemon 8.0

Host: Intel(R) Core(TM) i5-6300U CPU @ 2.40GHz, 4 cores, 7G,  Windows 10 , 64 bit Build 19041 (10.0.19041.3155)
Time: Sun Aug 20 21:17:37 2023 India Standard Time elapsed time: 5.644660 seconds (0d 0h 0m 5s)

---------------  T H R E A D  ---------------

Current thread (0x00000268611a2e60):  JavaThread "C2 CompilerThread0" daemon [_thread_in_native, id=3832, stack(0x000000eda5e00000,0x000000eda5f00000)]


Current CompileTask:
C2:   5644 1982       4       jdk.internal.org.objectweb.asm.Frame::execute (2305 bytes)

Stack: [0x000000eda5e00000,0x000000eda5f00000]
Native frames: (J=compiled Java code, j=interpreted, Vv=VM code, C=native code)
V  [jvm.dll+0x683c9a]
V  [jvm.dll+0x8427a4]
V  [jvm.dll+0x843f9e]
V  [jvm.dll+0x844603]
V  [jvm.dll+0x249b75]
V  [jvm.dll+0xabcac]
V  [jvm.dll+0xac27c]
V  [jvm.dll+0x368857]
V  [jvm.dll+0x1bd0b8]
V  [jvm.dll+0x21c359]
V  [jvm.dll+0x21b621]
V  [jvm.dll+0x1a4fdd]
V  [jvm.dll+0x22b098]
V  [jvm.dll+0x229159]
V  [jvm.dll+0x7f81ec]
V  [jvm.dll+0x7f274a]
V  [jvm.dll+0x682ad5]
C  [ucrtbase.dll+0x21bb2]
C  [KERNEL32.DLL+0x17614]
C  [ntdll.dll+0x526b1]


---------------  P R O C E S S  ---------------

Threads class SMR info:
_java_thread_list=0x00000268645b9880, length=22, elements={
0x0000026847baa2e0, 0x00000268611555b0, 0x0000026861157340, 0x00000268611783c0,
0x0000026861179e90, 0x00000268611a1210, 0x00000268611a1ad0, 0x00000268611a2e60,
0x0000026861c147d0, 0x00000268611a9d10, 0x0000026861dbe030, 0x0000026861dc2920,
0x00000268636c3010, 0x0000026864452640, 0x00000268636d8860, 0x0000026864ac9320,
0x0000026864806030, 0x00000268635915a0, 0x0000026863593c20, 0x0000026863590260,
0x0000026863591a70, 0x0000026863590730
}

Java Threads: ( => current thread )
  0x0000026847baa2e0 JavaThread "main" [_thread_blocked, id=10424, stack(0x000000eda5100000,0x000000eda5200000)]
  0x00000268611555b0 JavaThread "Reference Handler" daemon [_thread_blocked, id=8356, stack(0x000000eda5800000,0x000000eda5900000)]
  0x0000026861157340 JavaThread "Finalizer" daemon [_thread_blocked, id=6700, stack(0x000000eda5900000,0x000000eda5a00000)]
  0x00000268611783c0 JavaThread "Signal Dispatcher" daemon [_thread_blocked, id=9260, stack(0x000000eda5a00000,0x000000eda5b00000)]
  0x0000026861179e90 JavaThread "Attach Listener" daemon [_thread_blocked, id=10112, stack(0x000000eda5b00000,0x000000eda5c00000)]
  0x00000268611a1210 JavaThread "Service Thread" daemon [_thread_blocked, id=8432, stack(0x000000eda5c00000,0x000000eda5d00000)]
  0x00000268611a1ad0 JavaThread "Monitor Deflation Thread" daemon [_thread_blocked, id=2080, stack(0x000000eda5d00000,0x000000eda5e00000)]
=>0x00000268611a2e60 JavaThread "C2 CompilerThread0" daemon [_thread_in_native, id=3832, stack(0x000000eda5e00000,0x000000eda5f00000)]
  0x0000026861c147d0 JavaThread "C1 CompilerThread0" daemon [_thread_blocked, id=7388, stack(0x000000eda5f00000,0x000000eda6000000)]
  0x00000268611a9d10 JavaThread "Sweeper thread" daemon [_thread_blocked, id=4424, stack(0x000000eda6000000,0x000000eda6100000)]
  0x0000026861dbe030 JavaThread "Common-Cleaner" daemon [_thread_blocked, id=8608, stack(0x000000eda6100000,0x000000eda6200000)]
  0x0000026861dc2920 JavaThread "Notification Thread" daemon [_thread_blocked, id=10464, stack(0x000000eda6200000,0x000000eda6300000)]
  0x00000268636c3010 JavaThread "Daemon health stats" [_thread_blocked, id=7844, stack(0x000000eda6800000,0x000000eda6900000)]
  0x0000026864452640 JavaThread "Incoming local TCP Connector on port 62486" [_thread_in_native, id=7760, stack(0x000000eda6400000,0x000000eda6500000)]
  0x00000268636d8860 JavaThread "Daemon periodic checks" [_thread_blocked, id=9728, stack(0x000000eda6900000,0x000000eda6a00000)]
  0x0000026864ac9320 JavaThread "Daemon" [_thread_blocked, id=11468, stack(0x000000eda6a00000,0x000000eda6b00000)]
  0x0000026864806030 JavaThread "Handler for socket connection from /127.0.0.1:62486 to /127.0.0.1:62487" [_thread_in_native, id=10988, stack(0x000000eda6b00000,0x000000eda6c00000)]
  0x00000268635915a0 JavaThread "Cancel handler" [_thread_blocked, id=8268, stack(0x000000eda6c00000,0x000000eda6d00000)]
  0x0000026863593c20 JavaThread "Daemon worker" [_thread_in_native, id=10364, stack(0x000000eda6d00000,0x000000eda6e00000)]
  0x0000026863590260 JavaThread "Asynchronous log dispatcher for DefaultDaemonConnection: socket connection from /127.0.0.1:62486 to /127.0.0.1:62487" [_thread_blocked, id=11144, stack(0x000000eda6e00000,0x000000eda6f00000)]
  0x0000026863591a70 JavaThread "Stdin handler" [_thread_blocked, id=2900, stack(0x000000eda6f00000,0x000000eda7000000)]
  0x0000026863590730 JavaThread "Daemon client event forwarder" [_thread_blocked, id=1068, stack(0x000000eda7000000,0x000000eda7100000)]

Other Threads:
  0x000002686114fa60 VMThread "VM Thread" [stack: 0x000000eda5700000,0x000000eda5800000] [id=9048]
  0x0000026861dc2df0 WatcherThread [stack: 0x000000eda6300000,0x000000eda6400000] [id=10208]
  0x0000026847c05750 GCTaskThread "GC Thread#0" [stack: 0x000000eda5200000,0x000000eda5300000] [id=11524]
  0x0000026862401010 GCTaskThread "GC Thread#1" [stack: 0x000000eda6500000,0x000000eda6600000] [id=4676]
  0x0000026862483000 GCTaskThread "GC Thread#2" [stack: 0x000000eda6600000,0x000000eda6700000] [id=2052]
  0x0000026862ebbef0 GCTaskThread "GC Thread#3" [stack: 0x000000eda6700000,0x000000eda6800000] [id=8816]
  0x0000026847c165a0 ConcurrentGCThread "G1 Main Marker" [stack: 0x000000eda5300000,0x000000eda5400000] [id=11024]
  0x0000026847c17ed0 ConcurrentGCThread "G1 Conc#0" [stack: 0x000000eda5400000,0x000000eda5500000] [id=8568]
  0x0000026860fc0090 ConcurrentGCThread "G1 Refine#0" [stack: 0x000000eda5500000,0x000000eda5600000] [id=8156]
  0x0000026860fc19d0 ConcurrentGCThread "G1 Service" [stack: 0x000000eda5600000,0x000000eda5700000] [id=7532]

Threads with active compile tasks:
C2 CompilerThread0     5694 1982       4       jdk.internal.org.objectweb.asm.Frame::execute (2305 bytes)

VM state: not at safepoint (normal execution)

VM Mutex/Monitor currently owned by a thread: None

Heap address: 0x0000000080000000, size: 2048 MB, Compressed Oops mode: 32-bit

CDS archive(s) not mapped
Compressed class space mapped at: 0x0000000100000000-0x0000000140000000, reserved size: 1073741824
Narrow klass base: 0x0000000000000000, Narrow klass shift: 3, Narrow klass range: 0x140000000

GC Precious Log:
 CPUs: 4 total, 4 available
 Memory: 7847M
 Large Page Support: Disabled
 NUMA Support: Disabled
 Compressed Oops: Enabled (32-bit)
 Heap Region Size: 1M
 Heap Min Capacity: 8M
 Heap Initial Capacity: 124M
 Heap Max Capacity: 2G
 Pre-touch: Disabled
 Parallel Workers: 4
 Concurrent Workers: 1
 Concurrent Refinement Workers: 4
 Periodic GC: Disabled

Heap:
 garbage-first heap   total 68608K, used 22662K [0x0000000080000000, 0x0000000100000000)
  region size 1024K, 13 young (13312K), 8 survivors (8192K)
 Metaspace       used 21705K, committed 21952K, reserved 1073152K
  class space    used 2681K, committed 2816K, reserved 1048576K

Heap Regions: E=young(eden), S=young(survivor), O=old, HS=humongous(starts), HC=humongous(continues), CS=collection set, F=free, OA=open archive, CA=closed archive, TAMS=top-at-mark-start (previous, next)
|   0|0x0000000080000000, 0x0000000080100000, 0x0000000080100000|100%| O|  |TAMS 0x0000000080100000, 0x0000000080000000| Untracked 
|   1|0x0000000080100000, 0x0000000080200000, 0x0000000080200000|100%| O|  |TAMS 0x0000000080200000, 0x0000000080100000| Untracked 
|   2|0x0000000080200000, 0x0000000080300000, 0x0000000080300000|100%|HS|  |TAMS 0x0000000080300000, 0x0000000080200000| Complete 
|   3|0x0000000080300000, 0x0000000080400000, 0x0000000080400000|100%|HC|  |TAMS 0x0000000080400000, 0x0000000080300000| Complete 
|   4|0x0000000080400000, 0x0000000080500000, 0x0000000080500000|100%|HC|  |TAMS 0x0000000080500000, 0x0000000080400000| Complete 
|   5|0x0000000080500000, 0x0000000080600000, 0x0000000080600000|100%|HC|  |TAMS 0x0000000080600000, 0x0000000080500000| Complete 
|   6|0x0000000080600000, 0x0000000080700000, 0x0000000080700000|100%| O|  |TAMS 0x0000000080700000, 0x0000000080600000| Untracked 
|   7|0x0000000080700000, 0x0000000080800000, 0x0000000080800000|100%| O|  |TAMS 0x0000000080800000, 0x0000000080700000| Untracked 
|   8|0x0000000080800000, 0x0000000080800000, 0x0000000080900000|  0%| F|  |TAMS 0x0000000080800000, 0x0000000080800000| Untracked 
|   9|0x0000000080900000, 0x0000000080a00000, 0x0000000080a00000|100%| O|  |TAMS 0x0000000080a00000, 0x0000000080900000| Untracked 
|  10|0x0000000080a00000, 0x0000000080b00000, 0x0000000080b00000|100%| O|  |TAMS 0x0000000080b00000, 0x0000000080a00000| Untracked 
|  11|0x0000000080b00000, 0x0000000080b62800, 0x0000000080c00000| 38%| O|  |TAMS 0x0000000080b62800, 0x0000000080b00000| Untracked 
|  12|0x0000000080c00000, 0x0000000080c00000, 0x0000000080d00000|  0%| F|  |TAMS 0x0000000080c00000, 0x0000000080c00000| Untracked 
|  13|0x0000000080d00000, 0x0000000080d00000, 0x0000000080e00000|  0%| F|  |TAMS 0x0000000080d00000, 0x0000000080d00000| Untracked 
|  14|0x0000000080e00000, 0x0000000080e00000, 0x0000000080f00000|  0%| F|  |TAMS 0x0000000080e00000, 0x0000000080e00000| Untracked 
|  15|0x0000000080f00000, 0x0000000080f00000, 0x0000000081000000|  0%| F|  |TAMS 0x0000000080f00000, 0x0000000080f00000| Untracked 
|  16|0x0000000081000000, 0x0000000081000000, 0x0000000081100000|  0%| F|  |TAMS 0x0000000081000000, 0x0000000081000000| Untracked 
|  17|0x0000000081100000, 0x0000000081100000, 0x0000000081200000|  0%| F|  |TAMS 0x0000000081100000, 0x0000000081100000| Untracked 
|  18|0x0000000081200000, 0x0000000081200000, 0x0000000081300000|  0%| F|  |TAMS 0x0000000081200000, 0x0000000081200000| Untracked 
|  19|0x0000000081300000, 0x0000000081300000, 0x0000000081400000|  0%| F|  |TAMS 0x0000000081300000, 0x0000000081300000| Untracked 
|  20|0x0000000081400000, 0x0000000081400000, 0x0000000081500000|  0%| F|  |TAMS 0x0000000081400000, 0x0000000081400000| Untracked 
|  21|0x0000000081500000, 0x0000000081500000, 0x0000000081600000|  0%| F|  |TAMS 0x0000000081500000, 0x0000000081500000| Untracked 
|  22|0x0000000081600000, 0x0000000081600000, 0x0000000081700000|  0%| F|  |TAMS 0x0000000081600000, 0x0000000081600000| Untracked 
|  23|0x0000000081700000, 0x0000000081700000, 0x0000000081800000|  0%| F|  |TAMS 0x0000000081700000, 0x0000000081700000| Untracked 
|  24|0x0000000081800000, 0x0000000081800000, 0x0000000081900000|  0%| F|  |TAMS 0x0000000081800000, 0x0000000081800000| Untracked 
|  25|0x0000000081900000, 0x0000000081900000, 0x0000000081a00000|  0%| F|  |TAMS 0x0000000081900000, 0x0000000081900000| Untracked 
|  26|0x0000000081a00000, 0x0000000081a00000, 0x0000000081b00000|  0%| F|  |TAMS 0x0000000081a00000, 0x0000000081a00000| Untracked 
|  27|0x0000000081b00000, 0x0000000081b00000, 0x0000000081c00000|  0%| F|  |TAMS 0x0000000081b00000, 0x0000000081b00000| Untracked 
|  28|0x0000000081c00000, 0x0000000081c00000, 0x0000000081d00000|  0%| F|  |TAMS 0x0000000081c00000, 0x0000000081c00000| Untracked 
|  29|0x0000000081d00000, 0x0000000081d00000, 0x0000000081e00000|  0%| F|  |TAMS 0x0000000081d00000, 0x0000000081d00000| Untracked 
|  30|0x0000000081e00000, 0x0000000081e00000, 0x0000000081f00000|  0%| F|  |TAMS 0x0000000081e00000, 0x0000000081e00000| Untracked 
|  31|0x0000000081f00000, 0x0000000081f00000, 0x0000000082000000|  0%| F|  |TAMS 0x0000000081f00000, 0x0000000081f00000| Untracked 
|  32|0x0000000082000000, 0x0000000082000000, 0x0000000082100000|  0%| F|  |TAMS 0x0000000082000000, 0x0000000082000000| Untracked 
|  33|0x0000000082100000, 0x0000000082100000, 0x0000000082200000|  0%| F|  |TAMS 0x0000000082100000, 0x0000000082100000| Untracked 
|  34|0x0000000082200000, 0x0000000082200000, 0x0000000082300000|  0%| F|  |TAMS 0x0000000082200000, 0x0000000082200000| Untracked 
|  35|0x0000000082300000, 0x0000000082300000, 0x0000000082400000|  0%| F|  |TAMS 0x0000000082300000, 0x0000000082300000| Untracked 
|  36|0x0000000082400000, 0x0000000082400000, 0x0000000082500000|  0%| F|  |TAMS 0x0000000082400000, 0x0000000082400000| Untracked 
|  37|0x0000000082500000, 0x0000000082500000, 0x0000000082600000|  0%| F|  |TAMS 0x0000000082500000, 0x0000000082500000| Untracked 
|  38|0x0000000082600000, 0x0000000082600000, 0x0000000082700000|  0%| F|  |TAMS 0x0000000082600000, 0x0000000082600000| Untracked 
|  39|0x0000000082700000, 0x0000000082700000, 0x0000000082800000|  0%| F|  |TAMS 0x0000000082700000, 0x0000000082700000| Untracked 
|  40|0x0000000082800000, 0x0000000082800000, 0x0000000082900000|  0%| F|  |TAMS 0x0000000082800000, 0x0000000082800000| Untracked 
|  41|0x0000000082900000, 0x0000000082900000, 0x0000000082a00000|  0%| F|  |TAMS 0x0000000082900000, 0x0000000082900000| Untracked 
|  42|0x0000000082a00000, 0x0000000082a00000, 0x0000000082b00000|  0%| F|  |TAMS 0x0000000082a00000, 0x0000000082a00000| Untracked 
|  43|0x0000000082b00000, 0x0000000082b00000, 0x0000000082c00000|  0%| F|  |TAMS 0x0000000082b00000, 0x0000000082b00000| Untracked 
|  44|0x0000000082c00000, 0x0000000082c00000, 0x0000000082d00000|  0%| F|  |TAMS 0x0000000082c00000, 0x0000000082c00000| Untracked 
|  45|0x0000000082d00000, 0x0000000082d00000, 0x0000000082e00000|  0%| F|  |TAMS 0x0000000082d00000, 0x0000000082d00000| Untracked 
|  46|0x0000000082e00000, 0x0000000082e00000, 0x0000000082f00000|  0%| F|  |TAMS 0x0000000082e00000, 0x0000000082e00000| Untracked 
|  47|0x0000000082f00000, 0x0000000082f00000, 0x0000000083000000|  0%| F|  |TAMS 0x0000000082f00000, 0x0000000082f00000| Untracked 
|  48|0x0000000083000000, 0x0000000083000000, 0x0000000083100000|  0%| F|  |TAMS 0x0000000083000000, 0x0000000083000000| Untracked 
|  49|0x0000000083100000, 0x0000000083100000, 0x0000000083200000|  0%| F|  |TAMS 0x0000000083100000, 0x0000000083100000| Untracked 
|  50|0x0000000083200000, 0x0000000083200000, 0x0000000083300000|  0%| F|  |TAMS 0x0000000083200000, 0x0000000083200000| Untracked 
|  51|0x0000000083300000, 0x0000000083300000, 0x0000000083400000|  0%| F|  |TAMS 0x0000000083300000, 0x0000000083300000| Untracked 
|  52|0x0000000083400000, 0x0000000083400000, 0x0000000083500000|  0%| F|  |TAMS 0x0000000083400000, 0x0000000083400000| Untracked 
|  53|0x0000000083500000, 0x0000000083500000, 0x0000000083600000|  0%| F|  |TAMS 0x0000000083500000, 0x0000000083500000| Untracked 
|  54|0x0000000083600000, 0x000000008369dc58, 0x0000000083700000| 61%| E|  |TAMS 0x0000000083600000, 0x0000000083600000| Complete 
|  55|0x0000000083700000, 0x0000000083800000, 0x0000000083800000|100%| E|CS|TAMS 0x0000000083700000, 0x0000000083700000| Complete 
|  56|0x0000000083800000, 0x0000000083900000, 0x0000000083900000|100%| E|CS|TAMS 0x0000000083800000, 0x0000000083800000| Complete 
|  57|0x0000000083900000, 0x0000000083a00000, 0x0000000083a00000|100%| E|CS|TAMS 0x0000000083900000, 0x0000000083900000| Complete 
|  74|0x0000000084a00000, 0x0000000084abf0d0, 0x0000000084b00000| 74%| S|CS|TAMS 0x0000000084a00000, 0x0000000084a00000| Complete 
|  75|0x0000000084b00000, 0x0000000084c00000, 0x0000000084c00000|100%| S|CS|TAMS 0x0000000084b00000, 0x0000000084b00000| Complete 
|  76|0x0000000084c00000, 0x0000000084d00000, 0x0000000084d00000|100%| S|CS|TAMS 0x0000000084c00000, 0x0000000084c00000| Complete 
|  77|0x0000000084d00000, 0x0000000084e00000, 0x0000000084e00000|100%| S|CS|TAMS 0x0000000084d00000, 0x0000000084d00000| Complete 
|  78|0x0000000084e00000, 0x0000000084f00000, 0x0000000084f00000|100%| S|CS|TAMS 0x0000000084e00000, 0x0000000084e00000| Complete 
|  79|0x0000000084f00000, 0x0000000085000000, 0x0000000085000000|100%| S|CS|TAMS 0x0000000084f00000, 0x0000000084f00000| Complete 
|  80|0x0000000085000000, 0x0000000085100000, 0x0000000085100000|100%| S|CS|TAMS 0x0000000085000000, 0x0000000085000000| Complete 
|  81|0x0000000085100000, 0x0000000085200000, 0x0000000085200000|100%| S|CS|TAMS 0x0000000085100000, 0x0000000085100000| Complete 
| 123|0x0000000087b00000, 0x0000000087c00000, 0x0000000087c00000|100%| E|CS|TAMS 0x0000000087b00000, 0x0000000087b00000| Complete 

Card table byte_map: [0x000002685a480000,0x000002685a880000] _byte_map_base: 0x000002685a080000

Marking Bits (Prev, Next): (CMBitMap*) 0x0000026847c05cb0, (CMBitMap*) 0x0000026847c05c70
 Prev Bits: [0x000002685cc80000, 0x000002685ec80000)
 Next Bits: [0x000002685ac80000, 0x000002685cc80000)

Polling page: 0x0000026845b20000

Metaspace:

Usage:
  Non-class:     18.58 MB used.
      Class:      2.62 MB used.
       Both:     21.20 MB used.

Virtual space:
  Non-class space:       24.00 MB reserved,      18.69 MB ( 78%) committed,  3 nodes.
      Class space:        1.00 GB reserved,       2.75 MB ( <1%) committed,  1 nodes.
             Both:        1.02 GB reserved,      21.44 MB (  2%) committed. 

Chunk freelists:
   Non-Class:  384.00 KB
       Class:  1.07 MB
        Both:  1.44 MB

MaxMetaspaceSize: unlimited
CompressedClassSpaceSize: 1.00 GB
Initial GC threshold: 21.00 MB
Current GC threshold: 35.12 MB
CDS: off
MetaspaceReclaimPolicy: balanced
 - commit_granule_bytes: 65536.
 - commit_granule_words: 8192.
 - virtual_space_node_default_size: 1048576.
 - enlarge_chunks_in_place: 1.
 - new_chunks_are_fully_committed: 0.
 - uncommit_free_chunks: 1.
 - use_allocation_guard: 0.
 - handle_deallocations: 1.


Internal statistics:

num_allocs_failed_limit: 3.
num_arena_births: 180.
num_arena_deaths: 0.
num_vsnodes_births: 4.
num_vsnodes_deaths: 0.
num_space_committed: 343.
num_space_uncommitted: 0.
num_chunks_returned_to_freelist: 3.
num_chunks_taken_from_freelist: 586.
num_chunk_merges: 3.
num_chunk_splits: 385.
num_chunks_enlarged: 286.
num_purges: 0.
num_inconsistent_stats: 0.

CodeHeap 'non-profiled nmethods': size=120000Kb used=1067Kb max_used=1067Kb free=118932Kb
 bounds [0x0000026852b50000, 0x0000026852dc0000, 0x000002685a080000]
CodeHeap 'profiled nmethods': size=120000Kb used=4197Kb max_used=4197Kb free=115802Kb
 bounds [0x000002684b080000, 0x000002684b4a0000, 0x00000268525b0000]
CodeHeap 'non-nmethods': size=5760Kb used=1201Kb max_used=1233Kb free=4558Kb
 bounds [0x00000268525b0000, 0x0000026852820000, 0x0000026852b50000]
 total_blobs=2562 nmethods=2054 adapters=421
 compilation: enabled
              stopped_count=0, restarted_count=0
 full_count=0

Compilation events (20 events):
Event: 5.563 Thread 0x0000026861c147d0 2043       3       java.util.LinkedList::listIterator (15 bytes)
Event: 5.563 Thread 0x0000026861c147d0 nmethod 2043 0x000002684b48cb90 code [0x000002684b48cd80, 0x000002684b48d1e8]
Event: 5.580 Thread 0x0000026861c147d0 2044       3       java.util.AbstractSequentialList::iterator (5 bytes)
Event: 5.581 Thread 0x0000026861c147d0 nmethod 2044 0x000002684b48d390 code [0x000002684b48d580, 0x000002684b48dae8]
Event: 5.582 Thread 0x0000026861c147d0 2045       3       org.gradle.internal.service.DefaultServiceRegistry$ClassInspector$ClassDetails::<init> (36 bytes)
Event: 5.582 Thread 0x0000026861c147d0 nmethod 2045 0x000002684b48dd10 code [0x000002684b48df20, 0x000002684b48e6a8]
Event: 5.620 Thread 0x0000026861c147d0 2046       1       org.gradle.internal.service.DefaultServiceRegistry$SingletonService::getServiceType (5 bytes)
Event: 5.620 Thread 0x0000026861c147d0 nmethod 2046 0x0000026852c5a110 code [0x0000026852c5a2a0, 0x0000026852c5a378]
Event: 5.621 Thread 0x0000026861c147d0 2047       3       org.gradle.internal.service.DefaultServiceRegistry$ClassInspector$ClassDetails::locateAnnotation (44 bytes)
Event: 5.621 Thread 0x0000026861c147d0 nmethod 2047 0x000002684b48e910 code [0x000002684b48eb40, 0x000002684b48f458]
Event: 5.629 Thread 0x0000026861c147d0 2048       1       java.lang.reflect.Constructor::getModifiers (5 bytes)
Event: 5.629 Thread 0x0000026861c147d0 nmethod 2048 0x0000026852c5a410 code [0x0000026852c5a5a0, 0x0000026852c5a678]
Event: 5.635 Thread 0x0000026861c147d0 2049       3       org.gradle.internal.concurrent.CompositeStoppable::toStoppable (37 bytes)
Event: 5.635 Thread 0x0000026861c147d0 nmethod 2049 0x000002684b48f710 code [0x000002684b48f900, 0x000002684b48ff48]
Event: 5.636 Thread 0x0000026861c147d0 2050       3       jdk.internal.org.objectweb.asm.MethodWriter::computeAllFrames (510 bytes)
Event: 5.638 Thread 0x0000026861c147d0 nmethod 2050 0x000002684b490090 code [0x000002684b4903e0, 0x000002684b491848]
Event: 5.638 Thread 0x0000026861c147d0 2051   !   3       jdk.internal.reflect.ReflectionFactory::checkInitted (100 bytes)
Event: 5.639 Thread 0x0000026861c147d0 nmethod 2051 0x000002684b492310 code [0x000002684b492620, 0x000002684b493628]
Event: 5.639 Thread 0x0000026861c147d0 2052       3       java.lang.reflect.ReflectAccess::getRoot (5 bytes)
Event: 5.639 Thread 0x0000026861c147d0 nmethod 2052 0x000002684b493a90 code [0x000002684b493c40, 0x000002684b493e08]

GC Heap History (8 events):
Event: 1.022 GC heap before
{Heap before GC invocations=0 (full 0):
 garbage-first heap   total 126976K, used 12288K [0x0000000080000000, 0x0000000100000000)
  region size 1024K, 13 young (13312K), 0 survivors (0K)
 Metaspace       used 7089K, committed 7296K, reserved 1056768K
  class space    used 608K, committed 704K, reserved 1048576K
}
Event: 1.034 GC heap after
{Heap after GC invocations=1 (full 0):
 garbage-first heap   total 126976K, used 3696K [0x0000000080000000, 0x0000000100000000)
  region size 1024K, 2 young (2048K), 2 survivors (2048K)
 Metaspace       used 7089K, committed 7296K, reserved 1056768K
  class space    used 608K, committed 704K, reserved 1048576K
}
Event: 2.023 GC heap before
{Heap before GC invocations=1 (full 0):
 garbage-first heap   total 126976K, used 22128K [0x0000000080000000, 0x0000000100000000)
  region size 1024K, 17 young (17408K), 2 survivors (2048K)
 Metaspace       used 11148K, committed 11328K, reserved 1064960K
  class space    used 1163K, committed 1280K, reserved 1048576K
}
Event: 2.029 GC heap after
{Heap after GC invocations=2 (full 0):
 garbage-first heap   total 126976K, used 10694K [0x0000000080000000, 0x0000000100000000)
  region size 1024K, 3 young (3072K), 3 survivors (3072K)
 Metaspace       used 11148K, committed 11328K, reserved 1064960K
  class space    used 1163K, committed 1280K, reserved 1048576K
}
Event: 2.645 GC heap before
{Heap before GC invocations=2 (full 0):
 garbage-first heap   total 126976K, used 32198K [0x0000000080000000, 0x0000000100000000)
  region size 1024K, 24 young (24576K), 3 survivors (3072K)
 Metaspace       used 11235K, committed 11456K, reserved 1064960K
  class space    used 1163K, committed 1280K, reserved 1048576K
}
Event: 2.652 GC heap after
{Heap after GC invocations=3 (full 0):
 garbage-first heap   total 126976K, used 12878K [0x0000000080000000, 0x0000000100000000)
  region size 1024K, 3 young (3072K), 3 survivors (3072K)
 Metaspace       used 11235K, committed 11456K, reserved 1064960K
  class space    used 1163K, committed 1280K, reserved 1048576K
}
Event: 5.360 GC heap before
{Heap before GC invocations=3 (full 0):
 garbage-first heap   total 126976K, used 51790K [0x0000000080000000, 0x0000000100000000)
  region size 1024K, 42 young (43008K), 3 survivors (3072K)
 Metaspace       used 21210K, committed 21504K, reserved 1073152K
  class space    used 2571K, committed 2752K, reserved 1048576K
}
Event: 5.378 GC heap after
{Heap after GC invocations=4 (full 0):
 garbage-first heap   total 126976K, used 18566K [0x0000000080000000, 0x0000000100000000)
  region size 1024K, 8 young (8192K), 8 survivors (8192K)
 Metaspace       used 21210K, committed 21504K, reserved 1073152K
  class space    used 2571K, committed 2752K, reserved 1048576K
}

Dll operation events (2 events):
Event: 0.014 Loaded shared library D:\Android_Studio\jbr\bin\java.dll
Event: 0.918 Loaded shared library D:\Android_Studio\jbr\bin\verify.dll

Deoptimization events (20 events):
Event: 4.521 Thread 0x0000026864452640 Uncommon trap: trap_request=0xffffffc6 fr.pc=0x0000026852bd0338 relative=0x0000000000000118
Event: 4.521 Thread 0x0000026864452640 Uncommon trap: reason=bimorphic_or_optimized_type_check action=maybe_recompile pc=0x0000026852bd0338 method=java.util.AbstractList$Itr.next()Ljava/lang/Object; @ 14 c2
Event: 4.521 Thread 0x0000026864452640 DEOPT PACKING pc=0x0000026852bd0338 sp=0x000000eda64fdb00
Event: 4.521 Thread 0x0000026864452640 DEOPT UNPACKING pc=0x00000268526069a3 sp=0x000000eda64fda98 mode 2
Event: 4.544 Thread 0x0000026864452640 Uncommon trap: trap_request=0xffffff45 fr.pc=0x0000026852bdd5c8 relative=0x0000000000001de8
Event: 4.544 Thread 0x0000026864452640 Uncommon trap: reason=unstable_if action=reinterpret pc=0x0000026852bdd5c8 method=sun.nio.fs.WindowsPathParser.normalize(Ljava/lang/StringBuilder;Ljava/lang/String;I)Ljava/lang/String; @ 121 c2
Event: 4.544 Thread 0x0000026864452640 DEOPT PACKING pc=0x0000026852bdd5c8 sp=0x000000eda64fe1c0
Event: 4.544 Thread 0x0000026864452640 DEOPT UNPACKING pc=0x00000268526069a3 sp=0x000000eda64fe1b8 mode 2
Event: 4.704 Thread 0x0000026863593c20 Uncommon trap: trap_request=0xffffff45 fr.pc=0x0000026852c073d0 relative=0x00000000000012b0
Event: 4.704 Thread 0x0000026863593c20 Uncommon trap: reason=unstable_if action=reinterpret pc=0x0000026852c073d0 method=java.util.concurrent.ConcurrentHashMap.putVal(Ljava/lang/Object;Ljava/lang/Object;Z)Ljava/lang/Object; @ 256 c2
Event: 4.704 Thread 0x0000026863593c20 DEOPT PACKING pc=0x0000026852c073d0 sp=0x000000eda6dff0b0
Event: 4.704 Thread 0x0000026863593c20 DEOPT UNPACKING pc=0x00000268526069a3 sp=0x000000eda6dff028 mode 2
Event: 5.009 Thread 0x0000026863593c20 Uncommon trap: trap_request=0xffffff45 fr.pc=0x0000026852b8c8fc relative=0x000000000000023c
Event: 5.009 Thread 0x0000026863593c20 Uncommon trap: reason=unstable_if action=reinterpret pc=0x0000026852b8c8fc method=java.util.HashMap.getNode(Ljava/lang/Object;)Ljava/util/HashMap$Node; @ 66 c2
Event: 5.009 Thread 0x0000026863593c20 DEOPT PACKING pc=0x0000026852b8c8fc sp=0x000000eda6dfc590
Event: 5.009 Thread 0x0000026863593c20 DEOPT UNPACKING pc=0x00000268526069a3 sp=0x000000eda6dfc510 mode 2
Event: 5.033 Thread 0x0000026863593c20 Uncommon trap: trap_request=0xffffff45 fr.pc=0x0000026852c011e4 relative=0x0000000000000424
Event: 5.033 Thread 0x0000026863593c20 Uncommon trap: reason=unstable_if action=reinterpret pc=0x0000026852c011e4 method=java.util.concurrent.ConcurrentHashMap.get(Ljava/lang/Object;)Ljava/lang/Object; @ 152 c2
Event: 5.033 Thread 0x0000026863593c20 DEOPT PACKING pc=0x0000026852c011e4 sp=0x000000eda6dfbb00
Event: 5.033 Thread 0x0000026863593c20 DEOPT UNPACKING pc=0x00000268526069a3 sp=0x000000eda6dfba88 mode 2

Classes unloaded (0 events):
No events

Classes redefined (0 events):
No events

Internal exceptions (20 events):
Event: 1.289 Thread 0x0000026847baa2e0 Exception <a 'java/lang/NoSuchMethodError'{0x00000000877561b0}: 'int java.lang.invoke.DirectMethodHandle$Holder.invokeSpecial(java.lang.Object, java.lang.Object, java.lang.Object)'> (0x00000000877561b0) 
thrown [s\src\hotspot\share\interpreter\linkResolver.cpp, line 771]
Event: 1.295 Thread 0x0000026847baa2e0 Exception <a 'java/lang/NoSuchMethodError'{0x0000000087769a88}: 'java.lang.Object java.lang.invoke.Invokers$Holder.invokeExact_MT(java.lang.Object, java.lang.Object, java.lang.Object, java.lang.Object)'> (0x0000000087769a88) 
thrown [s\src\hotspot\share\interpreter\linkResolver.cpp, line 771]
Event: 1.928 Thread 0x0000026847baa2e0 Exception <a 'java/lang/NoSuchMethodError'{0x0000000086f9e578}: 'void java.lang.invoke.DirectMethodHandle$Holder.invokeInterface(java.lang.Object, java.lang.Object, java.lang.Object)'> (0x0000000086f9e578) 
thrown [s\src\hotspot\share\interpreter\linkResolver.cpp, line 771]
Event: 3.401 Thread 0x0000026847baa2e0 Exception <a 'java/lang/NoSuchMethodError'{0x0000000086d229c0}: 'java.lang.Object java.lang.invoke.DirectMethodHandle$Holder.invokeStaticInit(java.lang.Object)'> (0x0000000086d229c0) 
thrown [s\src\hotspot\share\interpreter\linkResolver.cpp, line 771]
Event: 3.466 Thread 0x0000026847baa2e0 Exception <a 'java/lang/NoSuchMethodError'{0x0000000086d83ff0}: 'java.lang.Object java.lang.invoke.DirectMethodHandle$Holder.invokeInterface(java.lang.Object, java.lang.Object)'> (0x0000000086d83ff0) 
thrown [s\src\hotspot\share\interpreter\linkResolver.cpp, line 771]
Event: 3.727 Thread 0x0000026847baa2e0 Exception <a 'java/lang/NoSuchMethodError'{0x0000000086880090}: 'java.lang.Object java.lang.invoke.DirectMethodHandle$Holder.invokeStaticInit(java.lang.Object, int, int, int, int)'> (0x0000000086880090) 
thrown [s\src\hotspot\share\interpreter\linkResolver.cpp, line 771]
Event: 3.885 Thread 0x0000026847baa2e0 Exception <a 'java/lang/NoSuchMethodError'{0x00000000868c5ee8}: 'java.lang.Object java.lang.invoke.DirectMethodHandle$Holder.invokeStaticInit(java.lang.Object, java.lang.Object, int, int, int, int)'> (0x00000000868c5ee8) 
thrown [s\src\hotspot\share\interpreter\linkResolver.cpp, line 771]
Event: 4.315 Thread 0x0000026847baa2e0 Exception <a 'java/lang/NoSuchMethodError'{0x00000000867e0748}: 'void java.lang.invoke.DirectMethodHandle$Holder.invokeStatic(java.lang.Object, java.lang.Object, java.lang.Object)'> (0x00000000867e0748) 
thrown [s\src\hotspot\share\interpreter\linkResolver.cpp, line 771]
Event: 4.404 Thread 0x0000026847baa2e0 Exception <a 'java/io/IOException'{0x00000000866837e8}> (0x00000000866837e8) 
thrown [s\src\hotspot\share\prims\jni.cpp, line 517]
Event: 4.796 Thread 0x0000026863593c20 Exception <a 'java/lang/NoSuchMethodError'{0x0000000085c47aa0}: 'long java.lang.invoke.DirectMethodHandle$Holder.invokeInterface(java.lang.Object, java.lang.Object)'> (0x0000000085c47aa0) 
thrown [s\src\hotspot\share\interpreter\linkResolver.cpp, line 771]
Event: 4.805 Thread 0x0000026863593c20 Exception <a 'java/lang/NoSuchMethodError'{0x0000000085c89748}: 'java.lang.Object java.lang.invoke.DirectMethodHandle$Holder.invokeVirtual(java.lang.Object, java.lang.Object, java.lang.Object)'> (0x0000000085c89748) 
thrown [s\src\hotspot\share\interpreter\linkResolver.cpp, line 771]
Event: 5.023 Thread 0x0000026863593c20 Exception <a 'java/lang/NoSuchMethodError'{0x00000000858ddff0}: 'java.lang.Object java.lang.invoke.DirectMethodHandle$Holder.newInvokeSpecial(java.lang.Object, java.lang.Object, java.lang.Object, java.lang.Object, java.lang.Object)'> (0x00000000858ddff0) 
thrown [s\src\hotspot\share\interpreter\linkResolver.cpp, line 771]
Event: 5.102 Thread 0x0000026863593c20 Exception <a 'java/lang/NoSuchMethodError'{0x0000000085684490}: 'void java.lang.invoke.DirectMethodHandle$Holder.invokeSpecial(java.lang.Object, java.lang.Object, java.lang.Object)'> (0x0000000085684490) 
thrown [s\src\hotspot\share\interpreter\linkResolver.cpp, line 771]
Event: 5.135 Thread 0x0000026863593c20 Exception <a 'java/lang/NoSuchMethodError'{0x0000000085505250}: 'java.lang.Object java.lang.invoke.DirectMethodHandle$Holder.newInvokeSpecial(java.lang.Object, java.lang.Object, java.lang.Object, java.lang.Object, java.lang.Object, java.lang.Object)'> (0x0000000085505250) 
thrown [s\src\hotspot\share\interpreter\linkResolver.cpp, line 771]
Event: 5.138 Thread 0x0000026863593c20 Exception <a 'java/lang/NoSuchMethodError'{0x0000000085512230}: 'void java.lang.invoke.DirectMethodHandle$Holder.invokeSpecial(java.lang.Object, java.lang.Object, java.lang.Object, java.lang.Object, java.lang.Object)'> (0x0000000085512230) 
thrown [s\src\hotspot\share\interpreter\linkResolver.cpp, line 771]
Event: 5.281 Thread 0x0000026863593c20 Exception <a 'java/lang/NoSuchMethodError'{0x000000008539b110}: 'void java.lang.invoke.DelegatingMethodHandle$Holder.reinvoke_L(java.lang.Object, java.lang.Object, java.lang.Object, java.lang.Object, java.lang.Object, java.lang.Object, java.lang.Object, java.lang.Object, java.lang.Object, java.lang.Object, java.lang.Object)'> (0x000000008539b110) 
thrown [s\src\hotspot\share\interpreter\linkResolver.cpp, line 771]
Event: 5.282 Thread 0x0000026863593c20 Exception <a 'java/lang/NoSuchMethodError'{0x00000000853a3c10}: 'java.lang.Object java.lang.invoke.DirectMethodHandle$Holder.invokeSpecial(java.lang.Object, java.lang.Object, java.lang.Object, java.lang.Object, java.lang.Object, java.lang.Object, java.lang.Object, java.lang.Object, java.lang.Object, java.lang.Object, java.lang.Object)'> (0x00000000853a3c10) 
thrown [s\src\hotspot\share\interpreter\linkResolver.cpp, line 771]
Event: 5.282 Thread 0x0000026863593c20 Exception <a 'java/lang/NoSuchMethodError'{0x00000000853a86d8}: 'java.lang.Object java.lang.invoke.Invokers$Holder.invoker(java.lang.Object, java.lang.Object, java.lang.Object, java.lang.Object, java.lang.Object, java.lang.Object, java.lang.Object, java.lang.Object, java.lang.Object, java.lang.Object, java.lang.Object)'> (0x00000000853a86d8) 
thrown [s\src\hotspot\share\interpreter\linkResolver.cpp, line 771]
Event: 5.283 Thread 0x0000026863593c20 Exception <a 'java/lang/NoSuchMethodError'{0x00000000853ae4d0}: 'java.lang.Object java.lang.invoke.DirectMethodHandle$Holder.invokeSpecial(java.lang.Object, java.lang.Object, java.lang.Object, java.lang.Object, java.lang.Object, java.lang.Object, java.lang.Object, java.lang.Object, java.lang.Object, java.lang.Object, java.lang.Object, java.lang.Object)'> (0x00000000853ae4d0) 
thrown [s\src\hotspot\share\interpreter\linkResolver.cpp, line 771]
Event: 5.437 Thread 0x0000026863593c20 Exception <a 'java/lang/NoSuchMethodError'{0x0000000087b932d8}: 'java.lang.Object java.lang.invoke.DirectMethodHandle$Holder.invokeSpecial(java.lang.Object, java.lang.Object, java.lang.Object, java.lang.Object, java.lang.Object, java.lang.Object, java.lang.Object, java.lang.Object, java.lang.Object)'> (0x0000000087b932d8) 
thrown [s\src\hotspot\share\interpreter\linkResolver.cpp, line 771]

VM Operations (20 events):
Event: 3.460 Executing VM operation: HandshakeAllThreads
Event: 3.460 Executing VM operation: HandshakeAllThreads done
Event: 3.585 Executing VM operation: HandshakeAllThreads
Event: 3.585 Executing VM operation: HandshakeAllThreads done
Event: 3.697 Executing VM operation: HandshakeAllThreads
Event: 3.697 Executing VM operation: HandshakeAllThreads done
Event: 3.697 Executing VM operation: Cleanup
Event: 3.697 Executing VM operation: Cleanup done
Event: 3.847 Executing VM operation: HandshakeAllThreads
Event: 3.847 Executing VM operation: HandshakeAllThreads done
Event: 4.311 Executing VM operation: HandshakeAllThreads
Event: 4.311 Executing VM operation: HandshakeAllThreads done
Event: 4.492 Executing VM operation: HandshakeAllThreads
Event: 4.492 Executing VM operation: HandshakeAllThreads done
Event: 5.360 Executing VM operation: CollectForMetadataAllocation
Event: 5.378 Executing VM operation: CollectForMetadataAllocation done
Event: 5.391 Executing VM operation: G1Concurrent
Event: 5.415 Executing VM operation: G1Concurrent done
Event: 5.418 Executing VM operation: G1Concurrent
Event: 5.419 Executing VM operation: G1Concurrent done

Events (20 events):
Event: 5.037 loading class java/util/stream/MatchOps$BooleanTerminalSink
Event: 5.037 loading class java/util/stream/MatchOps$BooleanTerminalSink done
Event: 5.039 loading class java/util/stream/MatchOps$1MatchSink
Event: 5.039 loading class java/util/stream/MatchOps$1MatchSink done
Event: 5.172 loading class java/lang/invoke/MethodHandle$1
Event: 5.172 loading class java/lang/invoke/MethodHandle$1 done
Event: 5.182 loading class java/util/ConcurrentModificationException
Event: 5.182 loading class java/util/ConcurrentModificationException done
Event: 5.233 loading class sun/reflect/generics/scope/ConstructorScope
Event: 5.233 loading class sun/reflect/generics/scope/ConstructorScope done
Event: 5.233 loading class sun/reflect/generics/tree/VoidDescriptor
Event: 5.233 loading class sun/reflect/generics/tree/VoidDescriptor done
Event: 5.289 loading class java/lang/invoke/BoundMethodHandle$Species_LLLLLLLL
Event: 5.289 loading class java/lang/invoke/BoundMethodHandle$Species_LLLLLLLL done
Event: 5.295 loading class java/lang/invoke/BoundMethodHandle$Species_LLLLLLLLL
Event: 5.298 loading class java/lang/invoke/BoundMethodHandle$Species_LLLLLLLLL done
Event: 5.306 loading class java/lang/invoke/BoundMethodHandle$Species_LLLLLLLLLL
Event: 5.306 loading class java/lang/invoke/BoundMethodHandle$Species_LLLLLLLLLL done
Event: 5.309 loading class java/lang/invoke/BoundMethodHandle$Species_LLLLLLLLLLL
Event: 5.309 loading class java/lang/invoke/BoundMethodHandle$Species_LLLLLLLLLLL done


Dynamic libraries:
0x00007ff7e4260000 - 0x00007ff7e426a000 	D:\Android_Studio\jbr\bin\java.exe
0x00007ffd128b0000 - 0x00007ffd12aa8000 	C:\Windows\SYSTEM32\ntdll.dll
0x00007ffd11e00000 - 0x00007ffd11ebf000 	C:\Windows\System32\KERNEL32.DLL
0x00007ffd10010000 - 0x00007ffd10306000 	C:\Windows\System32\KERNELBASE.dll
0x00007ffd106c0000 - 0x00007ffd107c0000 	C:\Windows\System32\ucrtbase.dll
0x00007ffce90d0000 - 0x00007ffce90e7000 	D:\Android_Studio\jbr\bin\jli.dll
0x00007ffcfe8a0000 - 0x00007ffcfe8bb000 	D:\Android_Studio\jbr\bin\VCRUNTIME140.dll
0x00007ffd11bf0000 - 0x00007ffd11d8d000 	C:\Windows\System32\USER32.dll
0x00007ffcff2c0000 - 0x00007ffcff55a000 	C:\Windows\WinSxS\amd64_microsoft.windows.common-controls_6595b64144ccf1df_6.0.19041.1110_none_60b5254171f9507e\COMCTL32.dll
0x00007ffd10310000 - 0x00007ffd10332000 	C:\Windows\System32\win32u.dll
0x00007ffd12710000 - 0x00007ffd127ae000 	C:\Windows\System32\msvcrt.dll
0x00007ffd12320000 - 0x00007ffd1234c000 	C:\Windows\System32\GDI32.dll
0x00007ffd104a0000 - 0x00007ffd105b5000 	C:\Windows\System32\gdi32full.dll
0x00007ffd107c0000 - 0x00007ffd1085d000 	C:\Windows\System32\msvcp_win.dll
0x00007ffd10c70000 - 0x00007ffd10ca0000 	C:\Windows\System32\IMM32.DLL
0x00007ffcfe890000 - 0x00007ffcfe89c000 	D:\Android_Studio\jbr\bin\vcruntime140_1.dll
0x00007ffccf650000 - 0x00007ffccf6dd000 	D:\Android_Studio\jbr\bin\msvcp140.dll
0x00007ffcc7150000 - 0x00007ffcc7dbe000 	D:\Android_Studio\jbr\bin\server\jvm.dll
0x00007ffd127b0000 - 0x00007ffd1285f000 	C:\Windows\System32\ADVAPI32.dll
0x00007ffd12670000 - 0x00007ffd1270c000 	C:\Windows\System32\sechost.dll
0x00007ffd12540000 - 0x00007ffd12666000 	C:\Windows\System32\RPCRT4.dll
0x00007ffcfa9b0000 - 0x00007ffcfa9b9000 	C:\Windows\SYSTEM32\WSOCK32.dll
0x00007ffd12250000 - 0x00007ffd122bb000 	C:\Windows\System32\WS2_32.dll
0x00007ffcfffc0000 - 0x00007ffcfffe7000 	C:\Windows\SYSTEM32\WINMM.dll
0x00007ffd0b670000 - 0x00007ffd0b67a000 	C:\Windows\SYSTEM32\VERSION.dll
0x00007ffd0de30000 - 0x00007ffd0de42000 	C:\Windows\SYSTEM32\kernel.appcore.dll
0x00007ffd0ba30000 - 0x00007ffd0ba3a000 	D:\Android_Studio\jbr\bin\jimage.dll
0x00007ffd06160000 - 0x00007ffd06344000 	C:\Windows\SYSTEM32\DBGHELP.DLL
0x00007ffcf55d0000 - 0x00007ffcf5604000 	C:\Windows\SYSTEM32\dbgcore.DLL
0x00007ffd105c0000 - 0x00007ffd10642000 	C:\Windows\System32\bcryptPrimitives.dll
0x00007ffcf0080000 - 0x00007ffcf00a5000 	D:\Android_Studio\jbr\bin\java.dll
0x00007ffceea10000 - 0x00007ffceea28000 	D:\Android_Studio\jbr\bin\zip.dll
0x00007ffd10f60000 - 0x00007ffd116a4000 	C:\Windows\System32\SHELL32.dll
0x00007ffd0e030000 - 0x00007ffd0e7c3000 	C:\Windows\SYSTEM32\windows.storage.dll
0x00007ffd10910000 - 0x00007ffd10c64000 	C:\Windows\System32\combase.dll
0x00007ffd0f950000 - 0x00007ffd0f97e000 	C:\Windows\SYSTEM32\Wldp.dll
0x00007ffd12480000 - 0x00007ffd1252d000 	C:\Windows\System32\SHCORE.dll
0x00007ffd122c0000 - 0x00007ffd12315000 	C:\Windows\System32\shlwapi.dll
0x00007ffd0fec0000 - 0x00007ffd0fee5000 	C:\Windows\SYSTEM32\profapi.dll
0x00007ffcee340000 - 0x00007ffcee359000 	D:\Android_Studio\jbr\bin\net.dll
0x00007ffd068b0000 - 0x00007ffd069ba000 	C:\Windows\SYSTEM32\WINHTTP.dll
0x00007ffd0f660000 - 0x00007ffd0f6ca000 	C:\Windows\system32\mswsock.dll
0x00007ffcee320000 - 0x00007ffcee336000 	D:\Android_Studio\jbr\bin\nio.dll
0x00007ffcfe8e0000 - 0x00007ffcfe8f0000 	D:\Android_Studio\jbr\bin\verify.dll
0x00007ffce8ea0000 - 0x00007ffce8ec7000 	C:\Users\User\.gradle\native\68d5fa5c4cc2d200863cafc0d521ce42e7d3e7ee720ec0a83991735586a16f82\windows-amd64\native-platform.dll
0x00007ffcced90000 - 0x00007ffcceed4000 	C:\Users\User\.gradle\native\e376f236ea51e6404a007f0833ffe2c6e607c4080706a723a18a27aeea778392\windows-amd64\native-platform-file-events.dll
0x00007ffcfb5b0000 - 0x00007ffcfb5b9000 	D:\Android_Studio\jbr\bin\management.dll
0x00007ffcfae60000 - 0x00007ffcfae6b000 	D:\Android_Studio\jbr\bin\management_ext.dll
0x00007ffd12860000 - 0x00007ffd12868000 	C:\Windows\System32\PSAPI.DLL
0x00007ffd0f850000 - 0x00007ffd0f868000 	C:\Windows\SYSTEM32\CRYPTSP.dll
0x00007ffd0ef70000 - 0x00007ffd0efa4000 	C:\Windows\system32\rsaenh.dll
0x00007ffd0ffe0000 - 0x00007ffd10007000 	C:\Windows\System32\bcrypt.dll
0x00007ffd0fe80000 - 0x00007ffd0feae000 	C:\Windows\SYSTEM32\USERENV.dll
0x00007ffd0fae0000 - 0x00007ffd0faec000 	C:\Windows\SYSTEM32\CRYPTBASE.dll
0x00007ffd0f350000 - 0x00007ffd0f38b000 	C:\Windows\SYSTEM32\IPHLPAPI.DLL
0x00007ffd12530000 - 0x00007ffd12538000 	C:\Windows\System32\NSI.dll
0x00007ffd0b6d0000 - 0x00007ffd0b6e7000 	C:\Windows\SYSTEM32\dhcpcsvc6.DLL
0x00007ffd05a40000 - 0x00007ffd05a5d000 	C:\Windows\SYSTEM32\dhcpcsvc.DLL
0x00007ffd0f390000 - 0x00007ffd0f45a000 	C:\Windows\SYSTEM32\DNSAPI.dll
0x00007ffcf99b0000 - 0x00007ffcf99b7000 	C:\Windows\system32\wshunix.dll

dbghelp: loaded successfully - version: 4.0.5 - missing functions: none
symbol engine: initialized successfully - sym options: 0x614 - pdb path: .;D:\Android_Studio\jbr\bin;C:\Windows\SYSTEM32;C:\Windows\WinSxS\amd64_microsoft.windows.common-controls_6595b64144ccf1df_6.0.19041.1110_none_60b5254171f9507e;D:\Android_Studio\jbr\bin\server;C:\Users\User\.gradle\native\68d5fa5c4cc2d200863cafc0d521ce42e7d3e7ee720ec0a83991735586a16f82\windows-amd64;C:\Users\User\.gradle\native\e376f236ea51e6404a007f0833ffe2c6e607c4080706a723a18a27aeea778392\windows-amd64

VM Arguments:
jvm_args: --add-opens=java.base/java.util=ALL-UNNAMED --add-opens=java.base/java.lang=ALL-UNNAMED --add-opens=java.base/java.lang.invoke=ALL-UNNAMED --add-opens=java.prefs/java.util.prefs=ALL-UNNAMED --add-opens=java.base/java.nio.charset=ALL-UNNAMED --add-opens=java.base/java.net=ALL-UNNAMED --add-opens=java.base/java.util.concurrent.atomic=ALL-UNNAMED -Xmx2048m -Dfile.encoding=UTF-8 -Duser.country=IN -Duser.language=en -Duser.variant 
java_command: org.gradle.launcher.daemon.bootstrap.GradleDaemon 8.0
java_class_path (initial): C:\Users\User\.gradle\wrapper\dists\gradle-8.0-bin\ca5e32bp14vu59qr306oxotwh\gradle-8.0\lib\gradle-launcher-8.0.jar
Launcher Type: SUN_STANDARD

[Global flags]
     intx CICompilerCount                          = 3                                         {product} {ergonomic}
     uint ConcGCThreads                            = 1                                         {product} {ergonomic}
     uint G1ConcRefinementThreads                  = 4                                         {product} {ergonomic}
   size_t G1HeapRegionSize                         = 1048576                                   {product} {ergonomic}
    uintx GCDrainStackTargetSize                   = 64                                        {product} {ergonomic}
   size_t InitialHeapSize                          = 130023424                                 {product} {ergonomic}
   size_t MarkStackSize                            = 4194304                                   {product} {ergonomic}
   size_t MaxHeapSize                              = 2147483648                                {product} {command line}
   size_t MaxNewSize                               = 1287651328                                {product} {ergonomic}
   size_t MinHeapDeltaBytes                        = 1048576                                   {product} {ergonomic}
   size_t MinHeapSize                              = 8388608                                   {product} {ergonomic}
    uintx NonNMethodCodeHeapSize                   = 5832780                                {pd product} {ergonomic}
    uintx NonProfiledCodeHeapSize                  = 122912730                              {pd product} {ergonomic}
    uintx ProfiledCodeHeapSize                     = 122912730                              {pd product} {ergonomic}
    uintx ReservedCodeCacheSize                    = 251658240                              {pd product} {ergonomic}
     bool SegmentedCodeCache                       = true                                      {product} {ergonomic}
   size_t SoftMaxHeapSize                          = 2147483648                             {manageable} {ergonomic}
     bool UseCompressedClassPointers               = true                           {product lp64_product} {ergonomic}
     bool UseCompressedOops                        = true                           {product lp64_product} {ergonomic}
     bool UseG1GC                                  = true                                      {product} {ergonomic}
     bool UseLargePagesIndividualAllocation        = false                                  {pd product} {ergonomic}

Logging:
Log output configuration:
 #0: stdout all=warning uptime,level,tags
 #1: stderr all=off uptime,level,tags

Environment Variables:
PATH=D:\VMWare\bin\;C:\Windows\system32;C:\Windows;C:\Windows\System32\Wbem;C:\Windows\System32\WindowsPowerShell\v1.0\;C:\Windows\System32\OpenSSH\;C:\Users\User\AppData\Local\Microsoft\WindowsApps;C:\sqlite;;D:\Local Folder\Intellij IDEA\IntelliJ IDEA Community Edition 2023.1.3\bin;
USERNAME=User
OS=Windows_NT
PROCESSOR_IDENTIFIER=Intel64 Family 6 Model 78 Stepping 3, GenuineIntel
TMP=C:\Users\User\AppData\Local\Temp
TEMP=C:\Users\User\AppData\Local\Temp


JNI global refs:
JNI global refs: 21, weak refs: 0

JNI global refs memory usage: 843, weak refs: 841


---------------  S Y S T E M  ---------------

OS:
 Windows 10 , 64 bit Build 19041 (10.0.19041.3155)
OS uptime: 2 days 23:42 hours

CPU: total 4 (initial active 4) (2 cores per cpu, 2 threads per core) family 6 model 78 stepping 3 microcode 0xf0, cx8, cmov, fxsr, ht, mmx, 3dnowpref, sse, sse2, sse3, ssse3, sse4.1, sse4.2, popcnt, lzcnt, tsc, tscinvbit, avx, avx2, aes, erms, clmul, bmi1, bmi2, rtm, adx, fma, vzeroupper, clflush, clflushopt

Memory: 4k page, system-wide physical 7847M (121M free)
TotalPageFile size 9723M (AvailPageFile size 0M)
current process WorkingSet (physical memory assigned to process): 117M, peak: 143M
current process commit charge ("private bytes"): 194M, peak: 251M

vm_info: OpenJDK 64-Bit Server VM (17.0.6+0-b2043.56-10027231) for windows-amd64 JRE (17.0.6+0-b2043.56-10027231), built on Apr 28 2023 00:43:19 by "androidbuild" with MS VC++ 16.10 / 16.11 (VS2019)

END.
