#
# There is insufficient memory for the Java Runtime Environment to continue.
# Native memory allocation (malloc) failed to allocate 2559936 bytes for Chunk::new
# Possible reasons:
#   The system is out of physical RAM or swap space
#   The process is running with CompressedOops enabled, and the Java Heap may be blocking the growth of the native heap
# Possible solutions:
#   Reduce memory load on the system
#   Increase physical memory or swap space
#   Check if swap backing store is full
#   Decrease Java heap size (-Xmx/-Xms)
#   Decrease number of Java threads
#   Decrease Java thread stack sizes (-Xss)
#   Set larger code cache with -XX:ReservedCodeCacheSize=
#   JVM is running with Unscaled Compressed Oops mode in which the Java heap is
#     placed in the first 4GB address space. The Java Heap base address is the
#     maximum limit for the native heap growth. Please use -XX:HeapBaseMinAddress
#     to set the Java Heap base and to place the Java Heap above 4GB virtual address.
# This output file may be truncated or incomplete.
#
#  Out of Memory Error (arena.cpp:189), pid=10076, tid=7596
#
# JRE version: OpenJDK Runtime Environment (17.0.6) (build 17.0.6+0-b2043.56-10027231)
# Java VM: OpenJDK 64-Bit Server VM (17.0.6+0-b2043.56-10027231, mixed mode, tiered, compressed oops, compressed class ptrs, g1 gc, windows-amd64)
# No core dump will be written. Minidumps are not enabled by default on client versions of Windows
#

---------------  S U M M A R Y ------------

Command Line: --add-opens=java.base/java.util=ALL-UNNAMED --add-opens=java.base/java.lang=ALL-UNNAMED --add-opens=java.base/java.lang.invoke=ALL-UNNAMED --add-opens=java.prefs/java.util.prefs=ALL-UNNAMED --add-opens=java.base/java.nio.charset=ALL-UNNAMED --add-opens=java.base/java.net=ALL-UNNAMED --add-opens=java.base/java.util.concurrent.atomic=ALL-UNNAMED -Xmx2048m -Dfile.encoding=UTF-8 -Duser.country=IN -Duser.language=en -Duser.variant org.gradle.launcher.daemon.bootstrap.GradleDaemon 8.0

Host: Intel(R) Core(TM) i5-6300U CPU @ 2.40GHz, 4 cores, 7G,  Windows 10 , 64 bit Build 19041 (10.0.19041.3155)
Time: Sun Aug 20 21:20:13 2023 India Standard Time elapsed time: 25.825426 seconds (0d 0h 0m 25s)

---------------  T H R E A D  ---------------

Current thread (0x000001b107816ed0):  JavaThread "C2 CompilerThread0" daemon [_thread_in_native, id=7596, stack(0x0000007b65800000,0x0000007b65900000)]


Current CompileTask:
C2:  25825 10442       4       org.gradle.internal.instantiation.generator.AbstractClassGenerator::inspectType (560 bytes)

Stack: [0x0000007b65800000,0x0000007b65900000]
Native frames: (J=compiled Java code, j=interpreted, Vv=VM code, C=native code)
V  [jvm.dll+0x683c9a]
V  [jvm.dll+0x8427a4]
V  [jvm.dll+0x843f9e]
V  [jvm.dll+0x844603]
V  [jvm.dll+0x249b75]
V  [jvm.dll+0xabcac]
V  [jvm.dll+0xac27c]
V  [jvm.dll+0x368857]
V  [jvm.dll+0x332f31]
V  [jvm.dll+0x3323da]
V  [jvm.dll+0x21c201]
V  [jvm.dll+0x21b621]
V  [jvm.dll+0x1a4fdd]
V  [jvm.dll+0x22b098]
V  [jvm.dll+0x229159]
V  [jvm.dll+0x7f81ec]
V  [jvm.dll+0x7f274a]
V  [jvm.dll+0x682ad5]
C  [ucrtbase.dll+0x21bb2]
C  [KERNEL32.DLL+0x17614]
C  [ntdll.dll+0x526b1]


---------------  P R O C E S S  ---------------

Threads class SMR info:
_java_thread_list=0x000001b10f831400, length=86, elements={
0x000001b16d55bf50, 0x000001b106bcded0, 0x000001b106bceed0, 0x000001b10781ef20,
0x000001b107813150, 0x000001b107815a20, 0x000001b1078162e0, 0x000001b107816ed0,
0x000001b10781a7f0, 0x000001b10782d5d0, 0x000001b1079bc020, 0x000001b1079bf920,
0x000001b108912870, 0x000001b108911530, 0x000001b108911060, 0x000001b1089123a0,
0x000001b108911ed0, 0x000001b108911a00, 0x000001b10a86df60, 0x000001b10a86bdb0,
0x000001b10a86aa70, 0x000001b10a86b410, 0x000001b10a86c280, 0x000001b10a86da90,
0x000001b10a86af40, 0x000001b10a86edd0, 0x000001b10a86a0d0, 0x000001b10a8705e0,
0x000001b10a871920, 0x000001b10a86e430, 0x000001b10a86c750, 0x000001b10a86cc20,
0x000001b10a86d0f0, 0x000001b10a86a5a0, 0x000001b10a86d5c0, 0x000001b10a86e900,
0x000001b10a870110, 0x000001b10a871450, 0x000001b10a870f80, 0x000001b10a7e8f80,
0x000001b10a7e85e0, 0x000001b10a7eb600, 0x000001b10a7e7c40, 0x000001b10a7e9450,
0x000001b10a7e6900, 0x000001b10a7e6dd0, 0x000001b10a7e50f0, 0x000001b10a7e8110,
0x000001b10a7e9920, 0x000001b10a7e9df0, 0x000001b10a7eac60, 0x000001b10a7e72a0,
0x000001b10a7e6430, 0x000001b10a7ea2c0, 0x000001b10a7e8ab0, 0x000001b10a7ea790,
0x000001b10a7e7770, 0x000001b10a7eb130, 0x000001b10a7ebad0, 0x000001b10a7ebfa0,
0x000001b10a7ec470, 0x000001b10a7ec940, 0x000001b10a7e55c0, 0x000001b10a7e5a90,
0x000001b10a7e5f60, 0x000001b10abeeac0, 0x000001b10abeef90, 0x000001b10abebf70,
0x000001b10abedc50, 0x000001b10abeb100, 0x000001b10abe8f50, 0x000001b10abed780,
0x000001b10abe9420, 0x000001b10abee120, 0x000001b10abee5f0, 0x000001b10abeac30,
0x000001b10abef460, 0x000001b10abe85b0, 0x000001b10abecde0, 0x000001b10abea290,
0x000001b10abed2b0, 0x000001b10abef930, 0x000001b10abe80e0, 0x000001b10abe8a80,
0x000001b10abe98f0, 0x000001b10abea760
}

Java Threads: ( => current thread )
  0x000001b16d55bf50 JavaThread "main" [_thread_blocked, id=8300, stack(0x0000007b64b00000,0x0000007b64c00000)]
  0x000001b106bcded0 JavaThread "Reference Handler" daemon [_thread_blocked, id=11572, stack(0x0000007b65200000,0x0000007b65300000)]
  0x000001b106bceed0 JavaThread "Finalizer" daemon [_thread_blocked, id=924, stack(0x0000007b65300000,0x0000007b65400000)]
  0x000001b10781ef20 JavaThread "Signal Dispatcher" daemon [_thread_blocked, id=5700, stack(0x0000007b65400000,0x0000007b65500000)]
  0x000001b107813150 JavaThread "Attach Listener" daemon [_thread_blocked, id=3208, stack(0x0000007b65500000,0x0000007b65600000)]
  0x000001b107815a20 JavaThread "Service Thread" daemon [_thread_blocked, id=10596, stack(0x0000007b65600000,0x0000007b65700000)]
  0x000001b1078162e0 JavaThread "Monitor Deflation Thread" daemon [_thread_blocked, id=5072, stack(0x0000007b65700000,0x0000007b65800000)]
=>0x000001b107816ed0 JavaThread "C2 CompilerThread0" daemon [_thread_in_native, id=7596, stack(0x0000007b65800000,0x0000007b65900000)]
  0x000001b10781a7f0 JavaThread "C1 CompilerThread0" daemon [_thread_blocked, id=11928, stack(0x0000007b65900000,0x0000007b65a00000)]
  0x000001b10782d5d0 JavaThread "Sweeper thread" daemon [_thread_blocked, id=9496, stack(0x0000007b65a00000,0x0000007b65b00000)]
  0x000001b1079bc020 JavaThread "Common-Cleaner" daemon [_thread_blocked, id=11200, stack(0x0000007b65b00000,0x0000007b65c00000)]
  0x000001b1079bf920 JavaThread "Notification Thread" daemon [_thread_blocked, id=3064, stack(0x0000007b65c00000,0x0000007b65d00000)]
  0x000001b108912870 JavaThread "Daemon health stats" [_thread_blocked, id=7528, stack(0x0000007b66200000,0x0000007b66300000)]
  0x000001b108911530 JavaThread "Incoming local TCP Connector on port 62518" [_thread_in_native, id=3940, stack(0x0000007b66300000,0x0000007b66400000)]
  0x000001b108911060 JavaThread "Daemon periodic checks" [_thread_blocked, id=1988, stack(0x0000007b66400000,0x0000007b66500000)]
  0x000001b1089123a0 JavaThread "Daemon" [_thread_blocked, id=6628, stack(0x0000007b66500000,0x0000007b66600000)]
  0x000001b108911ed0 JavaThread "Handler for socket connection from /127.0.0.1:62518 to /127.0.0.1:62519" [_thread_in_native, id=11448, stack(0x0000007b66600000,0x0000007b66700000)]
  0x000001b108911a00 JavaThread "Cancel handler" [_thread_blocked, id=3188, stack(0x0000007b66700000,0x0000007b66800000)]
  0x000001b10a86df60 JavaThread "Daemon worker" [_thread_blocked, id=6444, stack(0x0000007b66800000,0x0000007b66900000)]
  0x000001b10a86bdb0 JavaThread "Asynchronous log dispatcher for DefaultDaemonConnection: socket connection from /127.0.0.1:62518 to /127.0.0.1:62519" [_thread_blocked, id=10124, stack(0x0000007b66900000,0x0000007b66a00000)]
  0x000001b10a86aa70 JavaThread "Stdin handler" [_thread_blocked, id=1644, stack(0x0000007b66a00000,0x0000007b66b00000)]
  0x000001b10a86b410 JavaThread "Daemon client event forwarder" [_thread_blocked, id=6592, stack(0x0000007b66b00000,0x0000007b66c00000)]
  0x000001b10a86c280 JavaThread "Cache worker for journal cache (C:\Users\User\.gradle\caches\journal-1)" [_thread_blocked, id=9440, stack(0x0000007b65e00000,0x0000007b65f00000)]
  0x000001b10a86da90 JavaThread "File lock request listener" [_thread_in_native, id=2328, stack(0x0000007b66c00000,0x0000007b66d00000)]
  0x000001b10a86af40 JavaThread "Cache worker for file hash cache (C:\Users\User\.gradle\caches\8.0\fileHashes)" [_thread_blocked, id=1920, stack(0x0000007b66e00000,0x0000007b66f00000)]
  0x000001b10a86edd0 JavaThread "File watcher server" daemon [_thread_in_native, id=10440, stack(0x0000007b66f00000,0x0000007b67000000)]
  0x000001b10a86a0d0 JavaThread "File watcher consumer" daemon [_thread_blocked, id=7944, stack(0x0000007b67000000,0x0000007b67100000)]
  0x000001b10a8705e0 JavaThread "jar transforms" [_thread_blocked, id=5492, stack(0x0000007b67100000,0x0000007b67200000)]
  0x000001b10a871920 JavaThread "jar transforms Thread 2" [_thread_blocked, id=5776, stack(0x0000007b67200000,0x0000007b67300000)]
  0x000001b10a86e430 JavaThread "jar transforms Thread 3" [_thread_blocked, id=7076, stack(0x0000007b67300000,0x0000007b67400000)]
  0x000001b10a86c750 JavaThread "jar transforms Thread 4" [_thread_blocked, id=5716, stack(0x0000007b67400000,0x0000007b67500000)]
  0x000001b10a86cc20 JavaThread "Cache worker for checksums cache (D:\Android Studio projects\Unknown_App\.gradle\8.0\checksums)" [_thread_blocked, id=8884, stack(0x0000007b67500000,0x0000007b67600000)]
  0x000001b10a86d0f0 JavaThread "Cache worker for cache directory md-rule (C:\Users\User\.gradle\caches\8.0\md-rule)" [_thread_blocked, id=9856, stack(0x0000007b67600000,0x0000007b67700000)]
  0x000001b10a86a5a0 JavaThread "Cache worker for file content cache (C:\Users\User\.gradle\caches\8.0\fileContent)" [_thread_blocked, id=4396, stack(0x0000007b67700000,0x0000007b67800000)]
  0x000001b10a86d5c0 JavaThread "Cache worker for file hash cache (D:\Android Studio projects\Unknown_App\.gradle\8.0\fileHashes)" [_thread_blocked, id=11608, stack(0x0000007b67800000,0x0000007b67900000)]
  0x000001b10a86e900 JavaThread "Cache worker for cache directory md-supplier (C:\Users\User\.gradle\caches\8.0\md-supplier)" [_thread_blocked, id=732, stack(0x0000007b67900000,0x0000007b67a00000)]
  0x000001b10a870110 JavaThread "Cache worker for execution history cache (C:\Users\User\.gradle\caches\8.0\executionHistory)" [_thread_blocked, id=8156, stack(0x0000007b66d00000,0x0000007b66e00000)]
  0x000001b10a871450 JavaThread "Cache worker for dependencies-accessors (D:\Android Studio projects\Unknown_App\.gradle\8.0\dependencies-accessors)" [_thread_blocked, id=4676, stack(0x0000007b67b00000,0x0000007b67c00000)]
  0x000001b10a870f80 JavaThread "Cache worker for Build Output Cleanup Cache (D:\Android Studio projects\Unknown_App\.gradle\buildOutputCleanup)" [_thread_blocked, id=8816, stack(0x0000007b67c00000,0x0000007b67d00000)]
  0x000001b10a7e8f80 JavaThread "Unconstrained build operations" [_thread_blocked, id=10424, stack(0x0000007b67d00000,0x0000007b67e00000)]
  0x000001b10a7e85e0 JavaThread "Unconstrained build operations Thread 2" [_thread_blocked, id=7760, stack(0x0000007b67e00000,0x0000007b67f00000)]
  0x000001b10a7eb600 JavaThread "Unconstrained build operations Thread 3" [_thread_blocked, id=9728, stack(0x0000007b67f00000,0x0000007b68000000)]
  0x000001b10a7e7c40 JavaThread "Unconstrained build operations Thread 4" [_thread_blocked, id=11468, stack(0x0000007b68000000,0x0000007b68100000)]
  0x000001b10a7e9450 JavaThread "Unconstrained build operations Thread 5" [_thread_blocked, id=10988, stack(0x0000007b68100000,0x0000007b68200000)]
  0x000001b10a7e6900 JavaThread "Unconstrained build operations Thread 6" [_thread_blocked, id=8268, stack(0x0000007b68200000,0x0000007b68300000)]
  0x000001b10a7e6dd0 JavaThread "Unconstrained build operations Thread 7" [_thread_blocked, id=10364, stack(0x0000007b68300000,0x0000007b68400000)]
  0x000001b10a7e50f0 JavaThread "Unconstrained build operations Thread 8" [_thread_blocked, id=11144, stack(0x0000007b68400000,0x0000007b68500000)]
  0x000001b10a7e8110 JavaThread "Unconstrained build operations Thread 9" [_thread_blocked, id=2900, stack(0x0000007b68500000,0x0000007b68600000)]
  0x000001b10a7e9920 JavaThread "Unconstrained build operations Thread 10" [_thread_blocked, id=1068, stack(0x0000007b68600000,0x0000007b68700000)]
  0x000001b10a7e9df0 JavaThread "Unconstrained build operations Thread 11" [_thread_blocked, id=3832, stack(0x0000007b68700000,0x0000007b68800000)]
  0x000001b10a7eac60 JavaThread "Unconstrained build operations Thread 12" [_thread_blocked, id=8692, stack(0x0000007b68800000,0x0000007b68900000)]
  0x000001b10a7e72a0 JavaThread "Unconstrained build operations Thread 13" [_thread_blocked, id=11012, stack(0x0000007b68900000,0x0000007b68a00000)]
  0x000001b10a7e6430 JavaThread "Unconstrained build operations Thread 14" [_thread_blocked, id=2076, stack(0x0000007b68a00000,0x0000007b68b00000)]
  0x000001b10a7ea2c0 JavaThread "Unconstrained build operations Thread 15" [_thread_blocked, id=9224, stack(0x0000007b68b00000,0x0000007b68c00000)]
  0x000001b10a7e8ab0 JavaThread "Unconstrained build operations Thread 16" [_thread_blocked, id=3476, stack(0x0000007b68c00000,0x0000007b68d00000)]
  0x000001b10a7ea790 JavaThread "Unconstrained build operations Thread 17" [_thread_blocked, id=7812, stack(0x0000007b68d00000,0x0000007b68e00000)]
  0x000001b10a7e7770 JavaThread "Unconstrained build operations Thread 18" [_thread_blocked, id=2044, stack(0x0000007b68e00000,0x0000007b68f00000)]
  0x000001b10a7eb130 JavaThread "Unconstrained build operations Thread 19" [_thread_blocked, id=1656, stack(0x0000007b68f00000,0x0000007b69000000)]
  0x000001b10a7ebad0 JavaThread "Unconstrained build operations Thread 20" [_thread_blocked, id=7684, stack(0x0000007b69000000,0x0000007b69100000)]
  0x000001b10a7ebfa0 JavaThread "Unconstrained build operations Thread 21" [_thread_blocked, id=5740, stack(0x0000007b69100000,0x0000007b69200000)]
  0x000001b10a7ec470 JavaThread "Unconstrained build operations Thread 22" [_thread_blocked, id=7932, stack(0x0000007b69200000,0x0000007b69300000)]
  0x000001b10a7ec940 JavaThread "Unconstrained build operations Thread 23" [_thread_blocked, id=6604, stack(0x0000007b69300000,0x0000007b69400000)]
  0x000001b10a7e55c0 JavaThread "Unconstrained build operations Thread 24" [_thread_blocked, id=10108, stack(0x0000007b69400000,0x0000007b69500000)]
  0x000001b10a7e5a90 JavaThread "Unconstrained build operations Thread 25" [_thread_blocked, id=11192, stack(0x0000007b69500000,0x0000007b69600000)]
  0x000001b10a7e5f60 JavaThread "Unconstrained build operations Thread 26" [_thread_blocked, id=10352, stack(0x0000007b69600000,0x0000007b69700000)]
  0x000001b10abeeac0 JavaThread "Unconstrained build operations Thread 27" [_thread_blocked, id=5828, stack(0x0000007b69700000,0x0000007b69800000)]
  0x000001b10abeef90 JavaThread "Unconstrained build operations Thread 28" [_thread_blocked, id=7976, stack(0x0000007b69800000,0x0000007b69900000)]
  0x000001b10abebf70 JavaThread "Unconstrained build operations Thread 29" [_thread_blocked, id=8672, stack(0x0000007b69900000,0x0000007b69a00000)]
  0x000001b10abedc50 JavaThread "Unconstrained build operations Thread 30" [_thread_blocked, id=3196, stack(0x0000007b69a00000,0x0000007b69b00000)]
  0x000001b10abeb100 JavaThread "Unconstrained build operations Thread 31" [_thread_blocked, id=7216, stack(0x0000007b69b00000,0x0000007b69c00000)]
  0x000001b10abe8f50 JavaThread "Unconstrained build operations Thread 32" [_thread_blocked, id=11256, stack(0x0000007b69c00000,0x0000007b69d00000)]
  0x000001b10abed780 JavaThread "Unconstrained build operations Thread 33" [_thread_blocked, id=12272, stack(0x0000007b69d00000,0x0000007b69e00000)]
  0x000001b10abe9420 JavaThread "Unconstrained build operations Thread 34" [_thread_blocked, id=9000, stack(0x0000007b69e00000,0x0000007b69f00000)]
  0x000001b10abee120 JavaThread "Unconstrained build operations Thread 35" [_thread_blocked, id=11132, stack(0x0000007b69f00000,0x0000007b6a000000)]
  0x000001b10abee5f0 JavaThread "Unconstrained build operations Thread 36" [_thread_blocked, id=11340, stack(0x0000007b6a000000,0x0000007b6a100000)]
  0x000001b10abeac30 JavaThread "Unconstrained build operations Thread 37" [_thread_blocked, id=9396, stack(0x0000007b6a100000,0x0000007b6a200000)]
  0x000001b10abef460 JavaThread "Unconstrained build operations Thread 38" [_thread_blocked, id=9964, stack(0x0000007b6a200000,0x0000007b6a300000)]
  0x000001b10abe85b0 JavaThread "Unconstrained build operations Thread 39" [_thread_blocked, id=11336, stack(0x0000007b6a300000,0x0000007b6a400000)]
  0x000001b10abecde0 JavaThread "Unconstrained build operations Thread 40" [_thread_blocked, id=2632, stack(0x0000007b6a400000,0x0000007b6a500000)]
  0x000001b10abea290 JavaThread "Memory manager" [_thread_blocked, id=3772, stack(0x0000007b67a00000,0x0000007b67b00000)]
  0x000001b10abed2b0 JavaThread "included builds" [_thread_blocked, id=10712, stack(0x0000007b6a500000,0x0000007b6a600000)]
  0x000001b10abef930 JavaThread "Execution worker" [_thread_blocked, id=528, stack(0x0000007b6a600000,0x0000007b6a700000)]
  0x000001b10abe80e0 JavaThread "Execution worker Thread 2" [_thread_blocked, id=3152, stack(0x0000007b6a700000,0x0000007b6a800000)]
  0x000001b10abe8a80 JavaThread "Execution worker Thread 3" [_thread_blocked, id=11600, stack(0x0000007b6a800000,0x0000007b6a900000)]
  0x000001b10abe98f0 JavaThread "Cache worker for execution history cache (D:\Android Studio projects\Unknown_App\.gradle\8.0\executionHistory)" [_thread_blocked, id=8188, stack(0x0000007b6a900000,0x0000007b6aa00000)]
  0x000001b10abea760 JavaThread "idea-tooling-model-converter" [_thread_blocked, id=11752, stack(0x0000007b6aa00000,0x0000007b6ab00000)]

Other Threads:
  0x000001b106bc9b20 VMThread "VM Thread" [stack: 0x0000007b65100000,0x0000007b65200000] [id=4792]
  0x000001b16d5d8860 WatcherThread [stack: 0x0000007b65d00000,0x0000007b65e00000] [id=8204]
  0x000001b16d5b62d0 GCTaskThread "GC Thread#0" [stack: 0x0000007b64c00000,0x0000007b64d00000] [id=10292]
  0x000001b107fd4a60 GCTaskThread "GC Thread#1" [stack: 0x0000007b65f00000,0x0000007b66000000] [id=5888]
  0x000001b1080ec140 GCTaskThread "GC Thread#2" [stack: 0x0000007b66000000,0x0000007b66100000] [id=12124]
  0x000001b1089f6930 GCTaskThread "GC Thread#3" [stack: 0x0000007b66100000,0x0000007b66200000] [id=11724]
  0x000001b16d5c7120 ConcurrentGCThread "G1 Main Marker" [stack: 0x0000007b64d00000,0x0000007b64e00000] [id=7056]
  0x000001b16d5c91f0 ConcurrentGCThread "G1 Conc#0" [stack: 0x0000007b64e00000,0x0000007b64f00000] [id=12100]
  0x000001b16d62dd90 ConcurrentGCThread "G1 Refine#0" [stack: 0x0000007b64f00000,0x0000007b65000000] [id=3496]
  0x000001b16d62e800 ConcurrentGCThread "G1 Service" [stack: 0x0000007b65000000,0x0000007b65100000] [id=7956]

Threads with active compile tasks:
C2 CompilerThread0    25878 10442       4       org.gradle.internal.instantiation.generator.AbstractClassGenerator::inspectType (560 bytes)

VM state: at safepoint (normal execution)

VM Mutex/Monitor currently owned by a thread:  ([mutex/lock_event])
[0x000001b16d5554a0] Threads_lock - owner thread: 0x000001b106bc9b20
[0x000001b16d5548d0] Heap_lock - owner thread: 0x000001b10a86df60

Heap address: 0x0000000080000000, size: 2048 MB, Compressed Oops mode: 32-bit

CDS archive(s) not mapped
Compressed class space mapped at: 0x0000000100000000-0x0000000140000000, reserved size: 1073741824
Narrow klass base: 0x0000000000000000, Narrow klass shift: 3, Narrow klass range: 0x140000000

GC Precious Log:
 CPUs: 4 total, 4 available
 Memory: 7847M
 Large Page Support: Disabled
 NUMA Support: Disabled
 Compressed Oops: Enabled (32-bit)
 Heap Region Size: 1M
 Heap Min Capacity: 8M
 Heap Initial Capacity: 124M
 Heap Max Capacity: 2G
 Pre-touch: Disabled
 Parallel Workers: 4
 Concurrent Workers: 1
 Concurrent Refinement Workers: 4
 Periodic GC: Disabled

Heap:
 garbage-first heap   total 245760K, used 184536K [0x0000000080000000, 0x0000000100000000)
  region size 1024K, 54 young (55296K), 6 survivors (6144K)
 Metaspace       used 95619K, committed 96448K, reserved 1138688K
  class space    used 12789K, committed 13184K, reserved 1048576K

Heap Regions: E=young(eden), S=young(survivor), O=old, HS=humongous(starts), HC=humongous(continues), CS=collection set, F=free, OA=open archive, CA=closed archive, TAMS=top-at-mark-start (previous, next)
|   0|0x0000000080000000, 0x0000000080100000, 0x0000000080100000|100%| O|  |TAMS 0x0000000080100000, 0x0000000080000000| Untracked 
|   1|0x0000000080100000, 0x0000000080200000, 0x0000000080200000|100%| O|  |TAMS 0x0000000080200000, 0x0000000080100000| Untracked 
|   2|0x0000000080200000, 0x0000000080300000, 0x0000000080300000|100%|HS|  |TAMS 0x0000000080300000, 0x0000000080200000| Complete 
|   3|0x0000000080300000, 0x0000000080400000, 0x0000000080400000|100%|HC|  |TAMS 0x0000000080400000, 0x0000000080300000| Complete 
|   4|0x0000000080400000, 0x0000000080500000, 0x0000000080500000|100%|HC|  |TAMS 0x0000000080500000, 0x0000000080400000| Complete 
|   5|0x0000000080500000, 0x0000000080600000, 0x0000000080600000|100%|HC|  |TAMS 0x0000000080600000, 0x0000000080500000| Complete 
|   6|0x0000000080600000, 0x0000000080700000, 0x0000000080700000|100%| O|  |TAMS 0x0000000080700000, 0x0000000080600000| Untracked 
|   7|0x0000000080700000, 0x0000000080800000, 0x0000000080800000|100%| O|  |TAMS 0x0000000080800000, 0x0000000080700000| Untracked 
|   8|0x0000000080800000, 0x0000000080900000, 0x0000000080900000|100%| O|  |TAMS 0x0000000080900000, 0x0000000080800000| Untracked 
|   9|0x0000000080900000, 0x0000000080a00000, 0x0000000080a00000|100%| O|  |TAMS 0x0000000080a00000, 0x0000000080900000| Untracked 
|  10|0x0000000080a00000, 0x0000000080b00000, 0x0000000080b00000|100%| O|  |TAMS 0x0000000080b00000, 0x0000000080a00000| Untracked 
|  11|0x0000000080b00000, 0x0000000080c00000, 0x0000000080c00000|100%| O|  |TAMS 0x0000000080c00000, 0x0000000080b00000| Untracked 
|  12|0x0000000080c00000, 0x0000000080d00000, 0x0000000080d00000|100%| O|  |TAMS 0x0000000080d00000, 0x0000000080c00000| Untracked 
|  13|0x0000000080d00000, 0x0000000080e00000, 0x0000000080e00000|100%| O|  |TAMS 0x0000000080e00000, 0x0000000080d00000| Untracked 
|  14|0x0000000080e00000, 0x0000000080f00000, 0x0000000080f00000|100%| O|  |TAMS 0x0000000080f00000, 0x0000000080e00000| Untracked 
|  15|0x0000000080f00000, 0x0000000081000000, 0x0000000081000000|100%| O|  |TAMS 0x0000000081000000, 0x0000000080f00000| Untracked 
|  16|0x0000000081000000, 0x0000000081100000, 0x0000000081100000|100%| O|  |TAMS 0x0000000081100000, 0x0000000081000000| Untracked 
|  17|0x0000000081100000, 0x0000000081200000, 0x0000000081200000|100%| O|  |TAMS 0x0000000081200000, 0x0000000081100000| Untracked 
|  18|0x0000000081200000, 0x0000000081300000, 0x0000000081300000|100%| O|  |TAMS 0x0000000081300000, 0x0000000081200000| Untracked 
|  19|0x0000000081300000, 0x0000000081400000, 0x0000000081400000|100%|HS|  |TAMS 0x0000000081400000, 0x0000000081300000| Complete 
|  20|0x0000000081400000, 0x0000000081500000, 0x0000000081500000|100%|HC|  |TAMS 0x0000000081500000, 0x0000000081400000| Complete 
|  21|0x0000000081500000, 0x0000000081600000, 0x0000000081600000|100%|HS|  |TAMS 0x0000000081600000, 0x0000000081500000| Complete 
|  22|0x0000000081600000, 0x0000000081700000, 0x0000000081700000|100%|HC|  |TAMS 0x0000000081700000, 0x0000000081600000| Complete 
|  23|0x0000000081700000, 0x0000000081800000, 0x0000000081800000|100%|HC|  |TAMS 0x0000000081800000, 0x0000000081700000| Complete 
|  24|0x0000000081800000, 0x0000000081900000, 0x0000000081900000|100%| O|  |TAMS 0x0000000081900000, 0x0000000081800000| Untracked 
|  25|0x0000000081900000, 0x0000000081a00000, 0x0000000081a00000|100%| O|  |TAMS 0x0000000081a00000, 0x0000000081900000| Untracked 
|  26|0x0000000081a00000, 0x0000000081b00000, 0x0000000081b00000|100%| O|  |TAMS 0x0000000081b00000, 0x0000000081a00000| Untracked 
|  27|0x0000000081b00000, 0x0000000081c00000, 0x0000000081c00000|100%|HS|  |TAMS 0x0000000081c00000, 0x0000000081b00000| Complete 
|  28|0x0000000081c00000, 0x0000000081d00000, 0x0000000081d00000|100%|HC|  |TAMS 0x0000000081d00000, 0x0000000081c00000| Complete 
|  29|0x0000000081d00000, 0x0000000081e00000, 0x0000000081e00000|100%|HC|  |TAMS 0x0000000081e00000, 0x0000000081d00000| Complete 
|  30|0x0000000081e00000, 0x0000000081f00000, 0x0000000081f00000|100%| O|  |TAMS 0x0000000081f00000, 0x0000000081e00000| Untracked 
|  31|0x0000000081f00000, 0x0000000082000000, 0x0000000082000000|100%| O|  |TAMS 0x0000000082000000, 0x0000000081f00000| Untracked 
|  32|0x0000000082000000, 0x0000000082100000, 0x0000000082100000|100%| O|  |TAMS 0x0000000082100000, 0x0000000082000000| Untracked 
|  33|0x0000000082100000, 0x0000000082200000, 0x0000000082200000|100%|HS|  |TAMS 0x0000000082200000, 0x0000000082100000| Complete 
|  34|0x0000000082200000, 0x0000000082300000, 0x0000000082300000|100%|HC|  |TAMS 0x0000000082300000, 0x0000000082200000| Complete 
|  35|0x0000000082300000, 0x0000000082400000, 0x0000000082400000|100%| O|  |TAMS 0x0000000082400000, 0x0000000082300000| Untracked 
|  36|0x0000000082400000, 0x0000000082500000, 0x0000000082500000|100%| O|  |TAMS 0x0000000082500000, 0x0000000082400000| Untracked 
|  37|0x0000000082500000, 0x0000000082600000, 0x0000000082600000|100%| O|  |TAMS 0x0000000082600000, 0x0000000082500000| Untracked 
|  38|0x0000000082600000, 0x0000000082700000, 0x0000000082700000|100%| O|  |TAMS 0x0000000082700000, 0x0000000082600000| Untracked 
|  39|0x0000000082700000, 0x0000000082800000, 0x0000000082800000|100%| O|  |TAMS 0x0000000082800000, 0x0000000082700000| Untracked 
|  40|0x0000000082800000, 0x0000000082900000, 0x0000000082900000|100%| O|  |TAMS 0x0000000082900000, 0x0000000082800000| Untracked 
|  41|0x0000000082900000, 0x0000000082a00000, 0x0000000082a00000|100%| O|  |TAMS 0x0000000082900000, 0x0000000082900000| Untracked 
|  42|0x0000000082a00000, 0x0000000082b00000, 0x0000000082b00000|100%|HS|  |TAMS 0x0000000082b00000, 0x0000000082a00000| Complete 
|  43|0x0000000082b00000, 0x0000000082c00000, 0x0000000082c00000|100%|HC|  |TAMS 0x0000000082c00000, 0x0000000082b00000| Complete 
|  44|0x0000000082c00000, 0x0000000082d00000, 0x0000000082d00000|100%|HC|  |TAMS 0x0000000082d00000, 0x0000000082c00000| Complete 
|  45|0x0000000082d00000, 0x0000000082e00000, 0x0000000082e00000|100%| O|  |TAMS 0x0000000082e00000, 0x0000000082d00000| Untracked 
|  46|0x0000000082e00000, 0x0000000082f00000, 0x0000000082f00000|100%|HS|  |TAMS 0x0000000082f00000, 0x0000000082e00000| Complete 
|  47|0x0000000082f00000, 0x0000000083000000, 0x0000000083000000|100%|HC|  |TAMS 0x0000000083000000, 0x0000000082f00000| Complete 
|  48|0x0000000083000000, 0x0000000083100000, 0x0000000083100000|100%|HC|  |TAMS 0x0000000083100000, 0x0000000083000000| Complete 
|  49|0x0000000083100000, 0x0000000083200000, 0x0000000083200000|100%|HC|  |TAMS 0x0000000083200000, 0x0000000083100000| Complete 
|  50|0x0000000083200000, 0x0000000083300000, 0x0000000083300000|100%|HC|  |TAMS 0x0000000083300000, 0x0000000083200000| Complete 
|  51|0x0000000083300000, 0x0000000083400000, 0x0000000083400000|100%|HC|  |TAMS 0x0000000083400000, 0x0000000083300000| Complete 
|  52|0x0000000083400000, 0x0000000083500000, 0x0000000083500000|100%|HC|  |TAMS 0x0000000083500000, 0x0000000083400000| Complete 
|  53|0x0000000083500000, 0x0000000083600000, 0x0000000083600000|100%|HC|  |TAMS 0x0000000083600000, 0x0000000083500000| Complete 
|  54|0x0000000083600000, 0x0000000083700000, 0x0000000083700000|100%|HC|  |TAMS 0x0000000083700000, 0x0000000083600000| Complete 
|  55|0x0000000083700000, 0x0000000083800000, 0x0000000083800000|100%|HC|  |TAMS 0x0000000083800000, 0x0000000083700000| Complete 
|  56|0x0000000083800000, 0x0000000083900000, 0x0000000083900000|100%|HC|  |TAMS 0x0000000083900000, 0x0000000083800000| Complete 
|  57|0x0000000083900000, 0x0000000083a00000, 0x0000000083a00000|100%|HC|  |TAMS 0x0000000083a00000, 0x0000000083900000| Complete 
|  58|0x0000000083a00000, 0x0000000083b00000, 0x0000000083b00000|100%|HS|  |TAMS 0x0000000083b00000, 0x0000000083a00000| Complete 
|  59|0x0000000083b00000, 0x0000000083c00000, 0x0000000083c00000|100%|HC|  |TAMS 0x0000000083c00000, 0x0000000083b00000| Complete 
|  60|0x0000000083c00000, 0x0000000083d00000, 0x0000000083d00000|100%|HC|  |TAMS 0x0000000083d00000, 0x0000000083c00000| Complete 
|  61|0x0000000083d00000, 0x0000000083e00000, 0x0000000083e00000|100%| O|  |TAMS 0x0000000083e00000, 0x0000000083d00000| Untracked 
|  62|0x0000000083e00000, 0x0000000083f00000, 0x0000000083f00000|100%| O|  |TAMS 0x0000000083f00000, 0x0000000083e00000| Untracked 
|  63|0x0000000083f00000, 0x0000000084000000, 0x0000000084000000|100%| O|  |TAMS 0x0000000084000000, 0x0000000083f00000| Untracked 
|  64|0x0000000084000000, 0x0000000084100000, 0x0000000084100000|100%| O|  |TAMS 0x0000000084100000, 0x0000000084000000| Untracked 
|  65|0x0000000084100000, 0x0000000084200000, 0x0000000084200000|100%| O|  |TAMS 0x0000000084200000, 0x0000000084100000| Untracked 
|  66|0x0000000084200000, 0x0000000084300000, 0x0000000084300000|100%| O|  |TAMS 0x0000000084300000, 0x0000000084200000| Complete 
|  67|0x0000000084300000, 0x0000000084400000, 0x0000000084400000|100%| O|  |TAMS 0x0000000084400000, 0x0000000084300000| Untracked 
|  68|0x0000000084400000, 0x0000000084500000, 0x0000000084500000|100%| O|  |TAMS 0x0000000084500000, 0x0000000084400000| Untracked 
|  69|0x0000000084500000, 0x0000000084600000, 0x0000000084600000|100%| O|  |TAMS 0x0000000084600000, 0x0000000084500000| Untracked 
|  70|0x0000000084600000, 0x0000000084700000, 0x0000000084700000|100%| O|  |TAMS 0x0000000084700000, 0x0000000084600000| Untracked 
|  71|0x0000000084700000, 0x0000000084800000, 0x0000000084800000|100%| O|  |TAMS 0x0000000084800000, 0x0000000084700000| Untracked 
|  72|0x0000000084800000, 0x0000000084900000, 0x0000000084900000|100%| O|  |TAMS 0x0000000084900000, 0x0000000084800000| Untracked 
|  73|0x0000000084900000, 0x0000000084a00000, 0x0000000084a00000|100%| O|  |TAMS 0x0000000084a00000, 0x0000000084900000| Untracked 
|  74|0x0000000084a00000, 0x0000000084b00000, 0x0000000084b00000|100%|HS|  |TAMS 0x0000000084b00000, 0x0000000084a00000| Complete 
|  75|0x0000000084b00000, 0x0000000084c00000, 0x0000000084c00000|100%|HS|  |TAMS 0x0000000084c00000, 0x0000000084b00000| Complete 
|  76|0x0000000084c00000, 0x0000000084d00000, 0x0000000084d00000|100%|HS|  |TAMS 0x0000000084d00000, 0x0000000084c00000| Complete 
|  77|0x0000000084d00000, 0x0000000084e00000, 0x0000000084e00000|100%| O|  |TAMS 0x0000000084e00000, 0x0000000084d00000| Untracked 
|  78|0x0000000084e00000, 0x0000000084f00000, 0x0000000084f00000|100%| O|  |TAMS 0x0000000084f00000, 0x0000000084e00000| Untracked 
|  79|0x0000000084f00000, 0x0000000085000000, 0x0000000085000000|100%| O|  |TAMS 0x0000000085000000, 0x0000000084f00000| Untracked 
|  80|0x0000000085000000, 0x0000000085100000, 0x0000000085100000|100%| O|  |TAMS 0x0000000085100000, 0x0000000085000000| Untracked 
|  81|0x0000000085100000, 0x0000000085200000, 0x0000000085200000|100%| O|  |TAMS 0x0000000085200000, 0x0000000085100000| Untracked 
|  82|0x0000000085200000, 0x0000000085300000, 0x0000000085300000|100%| O|  |TAMS 0x0000000085300000, 0x0000000085200000| Untracked 
|  83|0x0000000085300000, 0x0000000085400000, 0x0000000085400000|100%| O|  |TAMS 0x0000000085400000, 0x0000000085300000| Untracked 
|  84|0x0000000085400000, 0x0000000085500000, 0x0000000085500000|100%| O|  |TAMS 0x0000000085500000, 0x0000000085400000| Untracked 
|  85|0x0000000085500000, 0x0000000085600000, 0x0000000085600000|100%| O|  |TAMS 0x0000000085600000, 0x0000000085500000| Untracked 
|  86|0x0000000085600000, 0x0000000085700000, 0x0000000085700000|100%| O|  |TAMS 0x0000000085700000, 0x0000000085600000| Untracked 
|  87|0x0000000085700000, 0x0000000085800000, 0x0000000085800000|100%| O|  |TAMS 0x0000000085800000, 0x0000000085700000| Untracked 
|  88|0x0000000085800000, 0x0000000085900000, 0x0000000085900000|100%| O|  |TAMS 0x0000000085900000, 0x0000000085800000| Untracked 
|  89|0x0000000085900000, 0x0000000085a00000, 0x0000000085a00000|100%| O|  |TAMS 0x0000000085a00000, 0x0000000085900000| Untracked 
|  90|0x0000000085a00000, 0x0000000085b00000, 0x0000000085b00000|100%| O|  |TAMS 0x0000000085b00000, 0x0000000085a00000| Untracked 
|  91|0x0000000085b00000, 0x0000000085c00000, 0x0000000085c00000|100%| O|  |TAMS 0x0000000085c00000, 0x0000000085b00000| Untracked 
|  92|0x0000000085c00000, 0x0000000085d00000, 0x0000000085d00000|100%|HS|  |TAMS 0x0000000085d00000, 0x0000000085c00000| Complete 
|  93|0x0000000085d00000, 0x0000000085e00000, 0x0000000085e00000|100%|HC|  |TAMS 0x0000000085e00000, 0x0000000085d00000| Complete 
|  94|0x0000000085e00000, 0x0000000085f00000, 0x0000000085f00000|100%|HS|  |TAMS 0x0000000085f00000, 0x0000000085e00000| Complete 
|  95|0x0000000085f00000, 0x0000000086000000, 0x0000000086000000|100%|HC|  |TAMS 0x0000000086000000, 0x0000000085f00000| Complete 
|  96|0x0000000086000000, 0x0000000086100000, 0x0000000086100000|100%|HC|  |TAMS 0x0000000086100000, 0x0000000086000000| Complete 
|  97|0x0000000086100000, 0x0000000086200000, 0x0000000086200000|100%|HS|  |TAMS 0x0000000086200000, 0x0000000086100000| Complete 
|  98|0x0000000086200000, 0x0000000086300000, 0x0000000086300000|100%|HC|  |TAMS 0x0000000086300000, 0x0000000086200000| Complete 
|  99|0x0000000086300000, 0x0000000086400000, 0x0000000086400000|100%|HC|  |TAMS 0x0000000086400000, 0x0000000086300000| Complete 
| 100|0x0000000086400000, 0x0000000086500000, 0x0000000086500000|100%|HS|  |TAMS 0x0000000086500000, 0x0000000086400000| Complete 
| 101|0x0000000086500000, 0x0000000086600000, 0x0000000086600000|100%|HC|  |TAMS 0x0000000086600000, 0x0000000086500000| Complete 
| 102|0x0000000086600000, 0x0000000086700000, 0x0000000086700000|100%|HC|  |TAMS 0x0000000086700000, 0x0000000086600000| Complete 
| 103|0x0000000086700000, 0x0000000086800000, 0x0000000086800000|100%|HC|  |TAMS 0x0000000086800000, 0x0000000086700000| Complete 
| 104|0x0000000086800000, 0x0000000086900000, 0x0000000086900000|100%|HC|  |TAMS 0x0000000086900000, 0x0000000086800000| Complete 
| 105|0x0000000086900000, 0x0000000086a00000, 0x0000000086a00000|100%|HC|  |TAMS 0x0000000086a00000, 0x0000000086900000| Complete 
| 106|0x0000000086a00000, 0x0000000086b00000, 0x0000000086b00000|100%|HC|  |TAMS 0x0000000086b00000, 0x0000000086a00000| Complete 
| 107|0x0000000086b00000, 0x0000000086c00000, 0x0000000086c00000|100%|HC|  |TAMS 0x0000000086c00000, 0x0000000086b00000| Complete 
| 108|0x0000000086c00000, 0x0000000086d00000, 0x0000000086d00000|100%|HC|  |TAMS 0x0000000086d00000, 0x0000000086c00000| Complete 
| 109|0x0000000086d00000, 0x0000000086e00000, 0x0000000086e00000|100%|HC|  |TAMS 0x0000000086e00000, 0x0000000086d00000| Complete 
| 110|0x0000000086e00000, 0x0000000086f00000, 0x0000000086f00000|100%|HC|  |TAMS 0x0000000086f00000, 0x0000000086e00000| Complete 
| 111|0x0000000086f00000, 0x0000000087000000, 0x0000000087000000|100%|HC|  |TAMS 0x0000000087000000, 0x0000000086f00000| Complete 
| 112|0x0000000087000000, 0x0000000087100000, 0x0000000087100000|100%|HS|  |TAMS 0x0000000087100000, 0x0000000087000000| Complete 
| 113|0x0000000087100000, 0x0000000087200000, 0x0000000087200000|100%|HC|  |TAMS 0x0000000087200000, 0x0000000087100000| Complete 
| 114|0x0000000087200000, 0x0000000087300000, 0x0000000087300000|100%| O|  |TAMS 0x0000000087300000, 0x0000000087200000| Untracked 
| 115|0x0000000087300000, 0x0000000087400000, 0x0000000087400000|100%| O|  |TAMS 0x0000000087400000, 0x0000000087300000| Untracked 
| 116|0x0000000087400000, 0x0000000087500000, 0x0000000087500000|100%| O|  |TAMS 0x0000000087500000, 0x0000000087400000| Untracked 
| 117|0x0000000087500000, 0x0000000087600000, 0x0000000087600000|100%| O|  |TAMS 0x0000000087600000, 0x0000000087500000| Untracked 
| 118|0x0000000087600000, 0x0000000087700000, 0x0000000087700000|100%| O|  |TAMS 0x0000000087700000, 0x0000000087600000| Untracked 
| 119|0x0000000087700000, 0x0000000087800000, 0x0000000087800000|100%| O|  |TAMS 0x0000000087800000, 0x0000000087700000| Untracked 
| 120|0x0000000087800000, 0x0000000087900000, 0x0000000087900000|100%| O|  |TAMS 0x0000000087900000, 0x0000000087800000| Untracked 
| 121|0x0000000087900000, 0x0000000087a00000, 0x0000000087a00000|100%| O|  |TAMS 0x0000000087a00000, 0x0000000087900000| Untracked 
| 122|0x0000000087a00000, 0x0000000087b00000, 0x0000000087b00000|100%| O|  |TAMS 0x0000000087b00000, 0x0000000087a00000| Untracked 
| 123|0x0000000087b00000, 0x0000000087c00000, 0x0000000087c00000|100%| O|  |TAMS 0x0000000087c00000, 0x0000000087b00000| Untracked 
| 124|0x0000000087c00000, 0x0000000087d00000, 0x0000000087d00000|100%| O|  |TAMS 0x0000000087d00000, 0x0000000087c00000| Untracked 
| 125|0x0000000087d00000, 0x0000000087e00000, 0x0000000087e00000|100%| O|  |TAMS 0x0000000087e00000, 0x0000000087d00000| Untracked 
| 126|0x0000000087e00000, 0x0000000087f00000, 0x0000000087f00000|100%| O|  |TAMS 0x0000000087f00000, 0x0000000087e00000| Untracked 
| 127|0x0000000087f00000, 0x0000000088000000, 0x0000000088000000|100%| O|  |TAMS 0x0000000087f00000, 0x0000000087f00000| Untracked 
| 128|0x0000000088000000, 0x0000000088100000, 0x0000000088100000|100%| O|  |TAMS 0x0000000088000000, 0x0000000088000000| Untracked 
| 129|0x0000000088100000, 0x0000000088200000, 0x0000000088200000|100%| O|  |TAMS 0x0000000088100000, 0x0000000088100000| Untracked 
| 130|0x0000000088200000, 0x00000000882f5e00, 0x0000000088300000| 96%| O|  |TAMS 0x0000000088200000, 0x0000000088200000| Untracked 
| 131|0x0000000088300000, 0x0000000088300000, 0x0000000088400000|  0%| F|  |TAMS 0x0000000088300000, 0x0000000088300000| Untracked 
| 132|0x0000000088400000, 0x0000000088400000, 0x0000000088500000|  0%| F|  |TAMS 0x0000000088400000, 0x0000000088400000| Untracked 
| 133|0x0000000088500000, 0x0000000088500000, 0x0000000088600000|  0%| F|  |TAMS 0x0000000088500000, 0x0000000088500000| Untracked 
| 134|0x0000000088600000, 0x0000000088600000, 0x0000000088700000|  0%| F|  |TAMS 0x0000000088600000, 0x0000000088600000| Untracked 
| 135|0x0000000088700000, 0x0000000088700000, 0x0000000088800000|  0%| F|  |TAMS 0x0000000088700000, 0x0000000088700000| Untracked 
| 136|0x0000000088800000, 0x0000000088800000, 0x0000000088900000|  0%| F|  |TAMS 0x0000000088800000, 0x0000000088800000| Untracked 
| 137|0x0000000088900000, 0x0000000088900000, 0x0000000088a00000|  0%| F|  |TAMS 0x0000000088900000, 0x0000000088900000| Untracked 
| 138|0x0000000088a00000, 0x0000000088a00000, 0x0000000088b00000|  0%| F|  |TAMS 0x0000000088a00000, 0x0000000088a00000| Untracked 
| 139|0x0000000088b00000, 0x0000000088b00000, 0x0000000088c00000|  0%| F|  |TAMS 0x0000000088b00000, 0x0000000088b00000| Untracked 
| 140|0x0000000088c00000, 0x0000000088c00000, 0x0000000088d00000|  0%| F|  |TAMS 0x0000000088c00000, 0x0000000088c00000| Untracked 
| 141|0x0000000088d00000, 0x0000000088d00000, 0x0000000088e00000|  0%| F|  |TAMS 0x0000000088d00000, 0x0000000088d00000| Untracked 
| 142|0x0000000088e00000, 0x0000000088e00000, 0x0000000088f00000|  0%| F|  |TAMS 0x0000000088e00000, 0x0000000088e00000| Untracked 
| 143|0x0000000088f00000, 0x0000000088f00000, 0x0000000089000000|  0%| F|  |TAMS 0x0000000088f00000, 0x0000000088f00000| Untracked 
| 144|0x0000000089000000, 0x0000000089000000, 0x0000000089100000|  0%| F|  |TAMS 0x0000000089000000, 0x0000000089000000| Untracked 
| 145|0x0000000089100000, 0x0000000089100000, 0x0000000089200000|  0%| F|  |TAMS 0x0000000089100000, 0x0000000089100000| Untracked 
| 146|0x0000000089200000, 0x0000000089200000, 0x0000000089300000|  0%| F|  |TAMS 0x0000000089200000, 0x0000000089200000| Untracked 
| 147|0x0000000089300000, 0x0000000089300000, 0x0000000089400000|  0%| F|  |TAMS 0x0000000089300000, 0x0000000089300000| Untracked 
| 148|0x0000000089400000, 0x0000000089400000, 0x0000000089500000|  0%| F|  |TAMS 0x0000000089400000, 0x0000000089400000| Untracked 
| 149|0x0000000089500000, 0x0000000089500000, 0x0000000089600000|  0%| F|  |TAMS 0x0000000089500000, 0x0000000089500000| Untracked 
| 150|0x0000000089600000, 0x0000000089600000, 0x0000000089700000|  0%| F|  |TAMS 0x0000000089600000, 0x0000000089600000| Untracked 
| 151|0x0000000089700000, 0x0000000089700000, 0x0000000089800000|  0%| F|  |TAMS 0x0000000089700000, 0x0000000089700000| Untracked 
| 152|0x0000000089800000, 0x0000000089800000, 0x0000000089900000|  0%| F|  |TAMS 0x0000000089800000, 0x0000000089800000| Untracked 
| 153|0x0000000089900000, 0x0000000089900000, 0x0000000089a00000|  0%| F|  |TAMS 0x0000000089900000, 0x0000000089900000| Untracked 
| 154|0x0000000089a00000, 0x0000000089a00000, 0x0000000089b00000|  0%| F|  |TAMS 0x0000000089a00000, 0x0000000089a00000| Untracked 
| 155|0x0000000089b00000, 0x0000000089b00000, 0x0000000089c00000|  0%| F|  |TAMS 0x0000000089b00000, 0x0000000089b00000| Untracked 
| 156|0x0000000089c00000, 0x0000000089c00000, 0x0000000089d00000|  0%| F|  |TAMS 0x0000000089c00000, 0x0000000089c00000| Untracked 
| 157|0x0000000089d00000, 0x0000000089d00000, 0x0000000089e00000|  0%| F|  |TAMS 0x0000000089d00000, 0x0000000089d00000| Untracked 
| 158|0x0000000089e00000, 0x0000000089e00000, 0x0000000089f00000|  0%| F|  |TAMS 0x0000000089e00000, 0x0000000089e00000| Untracked 
| 159|0x0000000089f00000, 0x0000000089f00000, 0x000000008a000000|  0%| F|  |TAMS 0x0000000089f00000, 0x0000000089f00000| Untracked 
| 160|0x000000008a000000, 0x000000008a000000, 0x000000008a100000|  0%| F|  |TAMS 0x000000008a000000, 0x000000008a000000| Untracked 
| 161|0x000000008a100000, 0x000000008a100000, 0x000000008a200000|  0%| F|  |TAMS 0x000000008a100000, 0x000000008a100000| Untracked 
| 162|0x000000008a200000, 0x000000008a200000, 0x000000008a300000|  0%| F|  |TAMS 0x000000008a200000, 0x000000008a200000| Untracked 
| 163|0x000000008a300000, 0x000000008a300000, 0x000000008a400000|  0%| F|  |TAMS 0x000000008a300000, 0x000000008a300000| Untracked 
| 164|0x000000008a400000, 0x000000008a400000, 0x000000008a500000|  0%| F|  |TAMS 0x000000008a400000, 0x000000008a400000| Untracked 
| 165|0x000000008a500000, 0x000000008a500000, 0x000000008a600000|  0%| F|  |TAMS 0x000000008a500000, 0x000000008a500000| Untracked 
| 166|0x000000008a600000, 0x000000008a600000, 0x000000008a700000|  0%| F|  |TAMS 0x000000008a600000, 0x000000008a600000| Untracked 
| 167|0x000000008a700000, 0x000000008a700000, 0x000000008a800000|  0%| F|  |TAMS 0x000000008a700000, 0x000000008a700000| Untracked 
| 168|0x000000008a800000, 0x000000008a800000, 0x000000008a900000|  0%| F|  |TAMS 0x000000008a800000, 0x000000008a800000| Untracked 
| 169|0x000000008a900000, 0x000000008a900000, 0x000000008aa00000|  0%| F|  |TAMS 0x000000008a900000, 0x000000008a900000| Untracked 
| 170|0x000000008aa00000, 0x000000008aa00000, 0x000000008ab00000|  0%| F|  |TAMS 0x000000008aa00000, 0x000000008aa00000| Untracked 
| 171|0x000000008ab00000, 0x000000008ab00000, 0x000000008ac00000|  0%| F|  |TAMS 0x000000008ab00000, 0x000000008ab00000| Untracked 
| 172|0x000000008ac00000, 0x000000008ac00000, 0x000000008ad00000|  0%| F|  |TAMS 0x000000008ac00000, 0x000000008ac00000| Untracked 
| 173|0x000000008ad00000, 0x000000008ad00000, 0x000000008ae00000|  0%| F|  |TAMS 0x000000008ad00000, 0x000000008ad00000| Untracked 
| 174|0x000000008ae00000, 0x000000008ae00000, 0x000000008af00000|  0%| F|  |TAMS 0x000000008ae00000, 0x000000008ae00000| Untracked 
| 175|0x000000008af00000, 0x000000008af00000, 0x000000008b000000|  0%| F|  |TAMS 0x000000008af00000, 0x000000008af00000| Untracked 
| 176|0x000000008b000000, 0x000000008b000000, 0x000000008b100000|  0%| F|  |TAMS 0x000000008b000000, 0x000000008b000000| Untracked 
| 177|0x000000008b100000, 0x000000008b100000, 0x000000008b200000|  0%| F|  |TAMS 0x000000008b100000, 0x000000008b100000| Untracked 
| 178|0x000000008b200000, 0x000000008b200000, 0x000000008b300000|  0%| F|  |TAMS 0x000000008b200000, 0x000000008b200000| Untracked 
| 179|0x000000008b300000, 0x000000008b300000, 0x000000008b400000|  0%| F|  |TAMS 0x000000008b300000, 0x000000008b300000| Untracked 
| 180|0x000000008b400000, 0x000000008b400000, 0x000000008b500000|  0%| F|  |TAMS 0x000000008b400000, 0x000000008b400000| Untracked 
| 181|0x000000008b500000, 0x000000008b500000, 0x000000008b600000|  0%| F|  |TAMS 0x000000008b500000, 0x000000008b500000| Untracked 
| 182|0x000000008b600000, 0x000000008b600000, 0x000000008b700000|  0%| F|  |TAMS 0x000000008b600000, 0x000000008b600000| Untracked 
| 183|0x000000008b700000, 0x000000008b700000, 0x000000008b800000|  0%| F|  |TAMS 0x000000008b700000, 0x000000008b700000| Untracked 
| 184|0x000000008b800000, 0x000000008b800000, 0x000000008b900000|  0%| F|  |TAMS 0x000000008b800000, 0x000000008b800000| Untracked 
| 185|0x000000008b900000, 0x000000008b900000, 0x000000008ba00000|  0%| F|  |TAMS 0x000000008b900000, 0x000000008b900000| Untracked 
| 186|0x000000008ba00000, 0x000000008ba3d3f8, 0x000000008bb00000| 23%| S|CS|TAMS 0x000000008ba00000, 0x000000008ba00000| Complete 
| 187|0x000000008bb00000, 0x000000008bc00000, 0x000000008bc00000|100%| S|CS|TAMS 0x000000008bb00000, 0x000000008bb00000| Complete 
| 188|0x000000008bc00000, 0x000000008bd00000, 0x000000008bd00000|100%| S|CS|TAMS 0x000000008bc00000, 0x000000008bc00000| Complete 
| 189|0x000000008bd00000, 0x000000008be00000, 0x000000008be00000|100%| S|CS|TAMS 0x000000008bd00000, 0x000000008bd00000| Complete 
| 190|0x000000008be00000, 0x000000008bf00000, 0x000000008bf00000|100%| S|CS|TAMS 0x000000008be00000, 0x000000008be00000| Complete 
| 191|0x000000008bf00000, 0x000000008c000000, 0x000000008c000000|100%| S|CS|TAMS 0x000000008bf00000, 0x000000008bf00000| Complete 
| 192|0x000000008c000000, 0x000000008c000000, 0x000000008c100000|  0%| F|  |TAMS 0x000000008c000000, 0x000000008c000000| Untracked 
| 193|0x000000008c100000, 0x000000008c100000, 0x000000008c200000|  0%| F|  |TAMS 0x000000008c100000, 0x000000008c100000| Untracked 
| 194|0x000000008c200000, 0x000000008c200000, 0x000000008c300000|  0%| F|  |TAMS 0x000000008c200000, 0x000000008c200000| Untracked 
| 195|0x000000008c300000, 0x000000008c300000, 0x000000008c400000|  0%| F|  |TAMS 0x000000008c300000, 0x000000008c300000| Untracked 
| 196|0x000000008c400000, 0x000000008c400000, 0x000000008c500000|  0%| F|  |TAMS 0x000000008c400000, 0x000000008c400000| Untracked 
| 197|0x000000008c500000, 0x000000008c500000, 0x000000008c600000|  0%| F|  |TAMS 0x000000008c500000, 0x000000008c500000| Untracked 
| 198|0x000000008c600000, 0x000000008c600000, 0x000000008c700000|  0%| F|  |TAMS 0x000000008c600000, 0x000000008c600000| Untracked 
| 199|0x000000008c700000, 0x000000008c700000, 0x000000008c800000|  0%| F|  |TAMS 0x000000008c700000, 0x000000008c700000| Untracked 
| 200|0x000000008c800000, 0x000000008c800000, 0x000000008c900000|  0%| F|  |TAMS 0x000000008c800000, 0x000000008c800000| Untracked 
| 201|0x000000008c900000, 0x000000008c900000, 0x000000008ca00000|  0%| F|  |TAMS 0x000000008c900000, 0x000000008c900000| Untracked 
| 202|0x000000008ca00000, 0x000000008ca00000, 0x000000008cb00000|  0%| F|  |TAMS 0x000000008ca00000, 0x000000008ca00000| Untracked 
| 203|0x000000008cb00000, 0x000000008cb00000, 0x000000008cc00000|  0%| F|  |TAMS 0x000000008cb00000, 0x000000008cb00000| Untracked 
| 204|0x000000008cc00000, 0x000000008cc00000, 0x000000008cd00000|  0%| F|  |TAMS 0x000000008cc00000, 0x000000008cc00000| Untracked 
| 205|0x000000008cd00000, 0x000000008cd00000, 0x000000008ce00000|  0%| F|  |TAMS 0x000000008cd00000, 0x000000008cd00000| Untracked 
| 206|0x000000008ce00000, 0x000000008ce00000, 0x000000008cf00000|  0%| F|  |TAMS 0x000000008ce00000, 0x000000008ce00000| Untracked 
| 207|0x000000008cf00000, 0x000000008cf00000, 0x000000008d000000|  0%| F|  |TAMS 0x000000008cf00000, 0x000000008cf00000| Untracked 
| 208|0x000000008d000000, 0x000000008d000000, 0x000000008d100000|  0%| F|  |TAMS 0x000000008d000000, 0x000000008d000000| Untracked 
| 209|0x000000008d100000, 0x000000008d100000, 0x000000008d200000|  0%| F|  |TAMS 0x000000008d100000, 0x000000008d100000| Untracked 
| 210|0x000000008d200000, 0x000000008d200000, 0x000000008d300000|  0%| F|  |TAMS 0x000000008d200000, 0x000000008d200000| Untracked 
| 211|0x000000008d300000, 0x000000008d300000, 0x000000008d400000|  0%| F|  |TAMS 0x000000008d300000, 0x000000008d300000| Untracked 
| 212|0x000000008d400000, 0x000000008d400000, 0x000000008d500000|  0%| F|  |TAMS 0x000000008d400000, 0x000000008d400000| Untracked 
| 213|0x000000008d500000, 0x000000008d500000, 0x000000008d600000|  0%| F|  |TAMS 0x000000008d500000, 0x000000008d500000| Untracked 
| 214|0x000000008d600000, 0x000000008d600000, 0x000000008d700000|  0%| F|  |TAMS 0x000000008d600000, 0x000000008d600000| Untracked 
| 215|0x000000008d700000, 0x000000008d700000, 0x000000008d800000|  0%| F|  |TAMS 0x000000008d700000, 0x000000008d700000| Untracked 
| 216|0x000000008d800000, 0x000000008d800000, 0x000000008d900000|  0%| F|  |TAMS 0x000000008d800000, 0x000000008d800000| Untracked 
| 217|0x000000008d900000, 0x000000008d900000, 0x000000008da00000|  0%| F|  |TAMS 0x000000008d900000, 0x000000008d900000| Untracked 
| 218|0x000000008da00000, 0x000000008da00000, 0x000000008db00000|  0%| F|  |TAMS 0x000000008da00000, 0x000000008da00000| Untracked 
| 219|0x000000008db00000, 0x000000008db00000, 0x000000008dc00000|  0%| F|  |TAMS 0x000000008db00000, 0x000000008db00000| Untracked 
| 220|0x000000008dc00000, 0x000000008dc00000, 0x000000008dd00000|  0%| F|  |TAMS 0x000000008dc00000, 0x000000008dc00000| Untracked 
| 221|0x000000008dd00000, 0x000000008dd00000, 0x000000008de00000|  0%| F|  |TAMS 0x000000008dd00000, 0x000000008dd00000| Untracked 
| 222|0x000000008de00000, 0x000000008de00000, 0x000000008df00000|  0%| F|  |TAMS 0x000000008de00000, 0x000000008de00000| Untracked 
| 223|0x000000008df00000, 0x000000008df00000, 0x000000008e000000|  0%| F|  |TAMS 0x000000008df00000, 0x000000008df00000| Untracked 
| 224|0x000000008e000000, 0x000000008e000000, 0x000000008e100000|  0%| F|  |TAMS 0x000000008e000000, 0x000000008e000000| Untracked 
| 225|0x000000008e100000, 0x000000008e100000, 0x000000008e200000|  0%| F|  |TAMS 0x000000008e100000, 0x000000008e100000| Untracked 
| 226|0x000000008e200000, 0x000000008e200000, 0x000000008e300000|  0%| F|  |TAMS 0x000000008e200000, 0x000000008e200000| Untracked 
| 227|0x000000008e300000, 0x000000008e300000, 0x000000008e400000|  0%| F|  |TAMS 0x000000008e300000, 0x000000008e300000| Untracked 
| 228|0x000000008e400000, 0x000000008e400000, 0x000000008e500000|  0%| F|  |TAMS 0x000000008e400000, 0x000000008e400000| Untracked 
| 229|0x000000008e500000, 0x000000008e500000, 0x000000008e600000|  0%| F|  |TAMS 0x000000008e500000, 0x000000008e500000| Untracked 
| 230|0x000000008e600000, 0x000000008e600000, 0x000000008e700000|  0%| F|  |TAMS 0x000000008e600000, 0x000000008e600000| Untracked 
| 231|0x000000008e700000, 0x000000008e700000, 0x000000008e800000|  0%| F|  |TAMS 0x000000008e700000, 0x000000008e700000| Untracked 
| 232|0x000000008e800000, 0x000000008e800000, 0x000000008e900000|  0%| F|  |TAMS 0x000000008e800000, 0x000000008e800000| Untracked 
| 233|0x000000008e900000, 0x000000008e900000, 0x000000008ea00000|  0%| F|  |TAMS 0x000000008e900000, 0x000000008e900000| Untracked 
| 234|0x000000008ea00000, 0x000000008ea00000, 0x000000008eb00000|  0%| F|  |TAMS 0x000000008ea00000, 0x000000008ea00000| Untracked 
| 235|0x000000008eb00000, 0x000000008eb00000, 0x000000008ec00000|  0%| F|  |TAMS 0x000000008eb00000, 0x000000008eb00000| Untracked 
| 236|0x000000008ec00000, 0x000000008ec00000, 0x000000008ed00000|  0%| F|  |TAMS 0x000000008ec00000, 0x000000008ec00000| Untracked 
| 237|0x000000008ed00000, 0x000000008ed00000, 0x000000008ee00000|  0%| F|  |TAMS 0x000000008ed00000, 0x000000008ed00000| Untracked 
| 238|0x000000008ee00000, 0x000000008ee00000, 0x000000008ef00000|  0%| F|  |TAMS 0x000000008ee00000, 0x000000008ee00000| Untracked 
| 239|0x000000008ef00000, 0x000000008efa72d8, 0x000000008f000000| 65%| E|  |TAMS 0x000000008ef00000, 0x000000008ef00000| Complete 

Card table byte_map: [0x000001b100000000,0x000001b100400000] _byte_map_base: 0x000001b0ffc00000

Marking Bits (Prev, Next): (CMBitMap*) 0x000001b16d5b67f0, (CMBitMap*) 0x000001b16d5b6830
 Prev Bits: [0x000001b100800000, 0x000001b102800000)
 Next Bits: [0x000001b102800000, 0x000001b104800000)

Polling page: 0x000001b16b400000

Metaspace:

Usage:
  Non-class:     80.91 MB used.
      Class:     12.49 MB used.
       Both:     93.41 MB used.

Virtual space:
  Non-class space:       88.00 MB reserved,      81.31 MB ( 92%) committed,  11 nodes.
      Class space:        1.00 GB reserved,      12.88 MB (  1%) committed,  1 nodes.
             Both:        1.09 GB reserved,      94.19 MB (  8%) committed. 

Chunk freelists:
   Non-Class:  2.22 MB
       Class:  3.11 MB
        Both:  5.32 MB

MaxMetaspaceSize: unlimited
CompressedClassSpaceSize: 1.00 GB
Initial GC threshold: 21.00 MB
Current GC threshold: 154.31 MB
CDS: off
MetaspaceReclaimPolicy: balanced
 - commit_granule_bytes: 65536.
 - commit_granule_words: 8192.
 - virtual_space_node_default_size: 1048576.
 - enlarge_chunks_in_place: 1.
 - new_chunks_are_fully_committed: 0.
 - uncommit_free_chunks: 1.
 - use_allocation_guard: 0.
 - handle_deallocations: 1.


Internal statistics:

num_allocs_failed_limit: 3.
num_arena_births: 970.
num_arena_deaths: 0.
num_vsnodes_births: 12.
num_vsnodes_deaths: 0.
num_space_committed: 1506.
num_space_uncommitted: 0.
num_chunks_returned_to_freelist: 3.
num_chunks_taken_from_freelist: 4581.
num_chunk_merges: 3.
num_chunk_splits: 2985.
num_chunks_enlarged: 1950.
num_purges: 0.
num_inconsistent_stats: 0.

CodeHeap 'non-profiled nmethods': size=120000Kb used=4822Kb max_used=4822Kb free=115178Kb
 bounds [0x000001b178500000, 0x000001b1789c0000, 0x000001b17fa30000]
CodeHeap 'profiled nmethods': size=120000Kb used=19554Kb max_used=19554Kb free=100445Kb
 bounds [0x000001b170a30000, 0x000001b171d50000, 0x000001b177f60000]
CodeHeap 'non-nmethods': size=5760Kb used=2415Kb max_used=2484Kb free=3344Kb
 bounds [0x000001b177f60000, 0x000001b1781f0000, 0x000001b178500000]
 total_blobs=10760 nmethods=9812 adapters=859
 compilation: enabled
              stopped_count=0, restarted_count=0
 full_count=0

Compilation events (20 events):
Event: 25.762 Thread 0x000001b10781a7f0 10682       1       org.gradle.api.internal.provider.ValueSupplier$Present::getSideEffect (5 bytes)
Event: 25.762 Thread 0x000001b10781a7f0 nmethod 10682 0x000001b1789b4f10 code [0x000001b1789b50a0, 0x000001b1789b5178]
Event: 25.773 Thread 0x000001b10781a7f0 10683       2       org.gradle.api.internal.provider.AbstractMinimalProvider::map (11 bytes)
Event: 25.773 Thread 0x000001b10781a7f0 nmethod 10683 0x000001b171d43e10 code [0x000001b171d43fa0, 0x000001b171d441b8]
Event: 25.773 Thread 0x000001b10781a7f0 10684       2       org.gradle.api.internal.provider.AbstractMinimalProvider::map (6 bytes)
Event: 25.773 Thread 0x000001b10781a7f0 nmethod 10684 0x000001b171d44290 code [0x000001b171d44420, 0x000001b171d44548]
Event: 25.773 Thread 0x000001b10781a7f0 10685       2       org.gradle.api.internal.provider.AbstractCollectionProperty::<init> (59 bytes)
Event: 25.774 Thread 0x000001b10781a7f0 nmethod 10685 0x000001b171d44610 code [0x000001b171d44800, 0x000001b171d44ee8]
Event: 25.780 Thread 0x000001b10781a7f0 10686       2       org.gradle.internal.instantiation.generator.AsmBackedClassGenerator$ClassBuilderImpl::mixInConventionAware (42 bytes)
Event: 25.781 Thread 0x000001b10781a7f0 nmethod 10686 0x000001b171d45090 code [0x000001b171d45260, 0x000001b171d454c8]
Event: 25.781 Thread 0x000001b10781a7f0 10687       2       org.gradle.internal.instantiation.generator.AsmBackedClassGenerator$ClassBuilderImpl$$Lambda$129/0x00000001002b68a8::emit (9 bytes)
Event: 25.782 Thread 0x000001b10781a7f0 nmethod 10687 0x000001b171d45690 code [0x000001b171d45840, 0x000001b171d459c8]
Event: 25.782 Thread 0x000001b10781a7f0 10688       2       org.gradle.internal.instantiation.generator.AsmBackedClassGenerator$ClassBuilderImpl::access$6700 (4 bytes)
Event: 25.782 Thread 0x000001b10781a7f0 nmethod 10688 0x000001b171d45b10 code [0x000001b171d45ca0, 0x000001b171d45d98]
Event: 25.790 Thread 0x000001b10781a7f0 10689       2       org.gradle.internal.instantiation.generator.AsmBackedClassGenerator::access$4300 (6 bytes)
Event: 25.791 Thread 0x000001b10781a7f0 nmethod 10689 0x000001b171d45e10 code [0x000001b171d45fa0, 0x000001b171d460a8]
Event: 25.791 Thread 0x000001b10781a7f0 10690       2       org.gradle.internal.instantiation.generator.AsmBackedClassGenerator::rawTypeParam (88 bytes)
Event: 25.792 Thread 0x000001b10781a7f0 nmethod 10690 0x000001b171d46190 code [0x000001b171d46420, 0x000001b171d46b88]
Event: 25.817 Thread 0x000001b10781a7f0 10691       2       java.lang.invoke.DirectMethodHandle$Holder::invokeStatic (22 bytes)
Event: 25.818 Thread 0x000001b10781a7f0 nmethod 10691 0x000001b171d47090 code [0x000001b171d47240, 0x000001b171d47398]

GC Heap History (20 events):
Event: 16.756 GC heap before
{Heap before GC invocations=34 (full 0):
 garbage-first heap   total 148480K, used 119393K [0x0000000080000000, 0x0000000100000000)
  region size 1024K, 30 young (30720K), 1 survivors (1024K)
 Metaspace       used 68974K, committed 69632K, reserved 1114112K
  class space    used 9131K, committed 9408K, reserved 1048576K
}
Event: 16.762 GC heap after
{Heap after GC invocations=35 (full 0):
 garbage-first heap   total 148480K, used 90945K [0x0000000080000000, 0x0000000100000000)
  region size 1024K, 2 young (2048K), 2 survivors (2048K)
 Metaspace       used 68974K, committed 69632K, reserved 1114112K
  class space    used 9131K, committed 9408K, reserved 1048576K
}
Event: 17.610 GC heap before
{Heap before GC invocations=36 (full 0):
 garbage-first heap   total 153600K, used 121665K [0x0000000080000000, 0x0000000100000000)
  region size 1024K, 32 young (32768K), 2 survivors (2048K)
 Metaspace       used 69570K, committed 70208K, reserved 1114112K
  class space    used 9230K, committed 9536K, reserved 1048576K
}
Event: 17.618 GC heap after
{Heap after GC invocations=37 (full 0):
 garbage-first heap   total 153600K, used 93515K [0x0000000080000000, 0x0000000100000000)
  region size 1024K, 4 young (4096K), 4 survivors (4096K)
 Metaspace       used 69570K, committed 70208K, reserved 1114112K
  class space    used 9230K, committed 9536K, reserved 1048576K
}
Event: 17.653 GC heap before
{Heap before GC invocations=37 (full 0):
 garbage-first heap   total 153600K, used 96587K [0x0000000080000000, 0x0000000100000000)
  region size 1024K, 7 young (7168K), 4 survivors (4096K)
 Metaspace       used 69570K, committed 70208K, reserved 1114112K
  class space    used 9230K, committed 9536K, reserved 1048576K
}
Event: 17.661 GC heap after
{Heap after GC invocations=38 (full 0):
 garbage-first heap   total 205824K, used 93578K [0x0000000080000000, 0x0000000100000000)
  region size 1024K, 1 young (1024K), 1 survivors (1024K)
 Metaspace       used 69570K, committed 70208K, reserved 1114112K
  class space    used 9230K, committed 9536K, reserved 1048576K
}
Event: 18.196 GC heap before
{Heap before GC invocations=38 (full 0):
 garbage-first heap   total 205824K, used 113034K [0x0000000080000000, 0x0000000100000000)
  region size 1024K, 21 young (21504K), 1 survivors (1024K)
 Metaspace       used 71398K, committed 72000K, reserved 1114112K
  class space    used 9481K, committed 9728K, reserved 1048576K
}
Event: 18.202 GC heap after
{Heap after GC invocations=39 (full 0):
 garbage-first heap   total 205824K, used 94872K [0x0000000080000000, 0x0000000100000000)
  region size 1024K, 2 young (2048K), 2 survivors (2048K)
 Metaspace       used 71398K, committed 72000K, reserved 1114112K
  class space    used 9481K, committed 9728K, reserved 1048576K
}
Event: 20.340 GC heap before
{Heap before GC invocations=40 (full 0):
 garbage-first heap   total 205824K, used 179864K [0x0000000080000000, 0x0000000100000000)
  region size 1024K, 63 young (64512K), 2 survivors (2048K)
 Metaspace       used 78597K, committed 79360K, reserved 1122304K
  class space    used 10680K, committed 11008K, reserved 1048576K
}
Event: 20.353 GC heap after
{Heap after GC invocations=41 (full 0):
 garbage-first heap   total 205824K, used 124520K [0x0000000080000000, 0x0000000100000000)
  region size 1024K, 8 young (8192K), 8 survivors (8192K)
 Metaspace       used 78597K, committed 79360K, reserved 1122304K
  class space    used 10680K, committed 11008K, reserved 1048576K
}
Event: 20.374 GC heap before
{Heap before GC invocations=41 (full 0):
 garbage-first heap   total 205824K, used 126568K [0x0000000080000000, 0x0000000100000000)
  region size 1024K, 10 young (10240K), 8 survivors (8192K)
 Metaspace       used 78601K, committed 79360K, reserved 1122304K
  class space    used 10681K, committed 11008K, reserved 1048576K
}
Event: 20.386 GC heap after
{Heap after GC invocations=42 (full 0):
 garbage-first heap   total 205824K, used 124451K [0x0000000080000000, 0x0000000100000000)
  region size 1024K, 1 young (1024K), 1 survivors (1024K)
 Metaspace       used 78601K, committed 79360K, reserved 1122304K
  class space    used 10681K, committed 11008K, reserved 1048576K
}
Event: 21.704 GC heap before
{Heap before GC invocations=42 (full 0):
 garbage-first heap   total 205824K, used 164387K [0x0000000080000000, 0x0000000100000000)
  region size 1024K, 41 young (41984K), 1 survivors (1024K)
 Metaspace       used 81555K, committed 82304K, reserved 1122304K
  class space    used 11107K, committed 11456K, reserved 1048576K
}
Event: 21.711 GC heap after
{Heap after GC invocations=43 (full 0):
 garbage-first heap   total 205824K, used 127230K [0x0000000080000000, 0x0000000100000000)
  region size 1024K, 4 young (4096K), 4 survivors (4096K)
 Metaspace       used 81555K, committed 82304K, reserved 1122304K
  class space    used 11107K, committed 11456K, reserved 1048576K
}
Event: 22.997 GC heap before
{Heap before GC invocations=44 (full 0):
 garbage-first heap   total 225280K, used 167166K [0x0000000080000000, 0x0000000100000000)
  region size 1024K, 43 young (44032K), 4 survivors (4096K)
 Metaspace       used 88563K, committed 89280K, reserved 1130496K
  class space    used 11980K, committed 12288K, reserved 1048576K
}
Event: 23.007 GC heap after
{Heap after GC invocations=45 (full 0):
 garbage-first heap   total 225280K, used 129489K [0x0000000080000000, 0x0000000100000000)
  region size 1024K, 3 young (3072K), 3 survivors (3072K)
 Metaspace       used 88563K, committed 89280K, reserved 1130496K
  class space    used 11980K, committed 12288K, reserved 1048576K
}
Event: 23.209 GC heap before
{Heap before GC invocations=45 (full 0):
 garbage-first heap   total 225280K, used 137681K [0x0000000080000000, 0x0000000100000000)
  region size 1024K, 11 young (11264K), 3 survivors (3072K)
 Metaspace       used 89403K, committed 90112K, reserved 1130496K
  class space    used 12101K, committed 12416K, reserved 1048576K
}
Event: 23.217 GC heap after
{Heap after GC invocations=46 (full 0):
 garbage-first heap   total 225280K, used 129669K [0x0000000080000000, 0x0000000100000000)
  region size 1024K, 1 young (1024K), 1 survivors (1024K)
 Metaspace       used 89403K, committed 90112K, reserved 1130496K
  class space    used 12101K, committed 12416K, reserved 1048576K
}
Event: 24.440 GC heap before
{Heap before GC invocations=46 (full 0):
 garbage-first heap   total 225280K, used 185989K [0x0000000080000000, 0x0000000100000000)
  region size 1024K, 56 young (57344K), 1 survivors (1024K)
 Metaspace       used 93986K, committed 94784K, reserved 1138688K
  class space    used 12631K, committed 12992K, reserved 1048576K
}
Event: 24.451 GC heap after
{Heap after GC invocations=47 (full 0):
 garbage-first heap   total 225280K, used 135384K [0x0000000080000000, 0x0000000100000000)
  region size 1024K, 7 young (7168K), 7 survivors (7168K)
 Metaspace       used 93986K, committed 94784K, reserved 1138688K
  class space    used 12631K, committed 12992K, reserved 1048576K
}

Dll operation events (2 events):
Event: 0.017 Loaded shared library D:\Android_Studio\jbr\bin\java.dll
Event: 0.676 Loaded shared library D:\Android_Studio\jbr\bin\verify.dll

Deoptimization events (20 events):
Event: 25.510 Thread 0x000001b10a86df60 Uncommon trap: trap_request=0xffffffc6 fr.pc=0x000001b17899e618 relative=0x00000000000002d8
Event: 25.510 Thread 0x000001b10a86df60 Uncommon trap: reason=bimorphic_or_optimized_type_check action=maybe_recompile pc=0x000001b17899e618 method=com.google.common.collect.ImmutableList.iterator()Ljava/util/Iterator; @ 1 c2
Event: 25.510 Thread 0x000001b10a86df60 DEOPT PACKING pc=0x000001b17899e618 sp=0x0000007b668f9010
Event: 25.510 Thread 0x000001b10a86df60 DEOPT UNPACKING pc=0x000001b177fb69a3 sp=0x0000007b668f8fc8 mode 2
Event: 25.510 Thread 0x000001b10a86df60 Uncommon trap: trap_request=0xffffffc6 fr.pc=0x000001b17899e618 relative=0x00000000000002d8
Event: 25.510 Thread 0x000001b10a86df60 Uncommon trap: reason=bimorphic_or_optimized_type_check action=maybe_recompile pc=0x000001b17899e618 method=com.google.common.collect.ImmutableList.iterator()Ljava/util/Iterator; @ 1 c2
Event: 25.510 Thread 0x000001b10a86df60 DEOPT PACKING pc=0x000001b17899e618 sp=0x0000007b668f9150
Event: 25.510 Thread 0x000001b10a86df60 DEOPT UNPACKING pc=0x000001b177fb69a3 sp=0x0000007b668f9108 mode 2
Event: 25.516 Thread 0x000001b10a86df60 Uncommon trap: trap_request=0xffffffc6 fr.pc=0x000001b178594ca4 relative=0x0000000000000064
Event: 25.516 Thread 0x000001b10a86df60 Uncommon trap: reason=bimorphic_or_optimized_type_check action=maybe_recompile pc=0x000001b178594ca4 method=com.google.common.collect.ImmutableList.copyOf(Ljava/util/Collection;)Lcom/google/common/collect/ImmutableList; @ 16 c2
Event: 25.516 Thread 0x000001b10a86df60 DEOPT PACKING pc=0x000001b178594ca4 sp=0x0000007b668f9280
Event: 25.516 Thread 0x000001b10a86df60 DEOPT UNPACKING pc=0x000001b177fb69a3 sp=0x0000007b668f9220 mode 2
Event: 25.549 Thread 0x000001b10a86df60 Uncommon trap: trap_request=0xffffffc6 fr.pc=0x000001b178594ca4 relative=0x0000000000000064
Event: 25.549 Thread 0x000001b10a86df60 Uncommon trap: reason=bimorphic_or_optimized_type_check action=maybe_recompile pc=0x000001b178594ca4 method=com.google.common.collect.ImmutableList.copyOf(Ljava/util/Collection;)Lcom/google/common/collect/ImmutableList; @ 16 c2
Event: 25.549 Thread 0x000001b10a86df60 DEOPT PACKING pc=0x000001b178594ca4 sp=0x0000007b668f9280
Event: 25.549 Thread 0x000001b10a86df60 DEOPT UNPACKING pc=0x000001b177fb69a3 sp=0x0000007b668f9220 mode 2
Event: 25.653 Thread 0x000001b10a86df60 DEOPT PACKING pc=0x000001b1714695f6 sp=0x0000007b668f5a00
Event: 25.653 Thread 0x000001b10a86df60 DEOPT UNPACKING pc=0x000001b177fb7143 sp=0x0000007b668f4fa0 mode 0
Event: 25.807 Thread 0x000001b10a86df60 DEOPT PACKING pc=0x000001b1714695f6 sp=0x0000007b668f5a00
Event: 25.807 Thread 0x000001b10a86df60 DEOPT UNPACKING pc=0x000001b177fb7143 sp=0x0000007b668f4fa0 mode 0

Classes unloaded (0 events):
No events

Classes redefined (0 events):
No events

Internal exceptions (20 events):
Event: 22.161 Thread 0x000001b10a86df60 Exception <a 'sun/nio/fs/WindowsException'{0x000000008d21b278}> (0x000000008d21b278) 
thrown [s\src\hotspot\share\prims\jni.cpp, line 517]
Event: 22.340 Thread 0x000001b10a86df60 Exception <a 'java/lang/NullPointerException'{0x000000008cb259a0}> (0x000000008cb259a0) 
thrown [s\src\hotspot\share\interpreter\linkResolver.cpp, line 1447]
Event: 22.494 Thread 0x000001b10a86df60 Implicit null exception at 0x000001b1788dcaea to 0x000001b1788dec40
Event: 22.903 Thread 0x000001b10a86df60 Exception <a 'sun/nio/fs/WindowsException'{0x000000008b8f7b08}> (0x000000008b8f7b08) 
thrown [s\src\hotspot\share\prims\jni.cpp, line 517]
Event: 22.904 Thread 0x000001b10a86df60 Exception <a 'sun/nio/fs/WindowsException'{0x000000008b8f8e80}> (0x000000008b8f8e80) 
thrown [s\src\hotspot\share\prims\jni.cpp, line 517]
Event: 22.904 Thread 0x000001b10a86df60 Exception <a 'sun/nio/fs/WindowsException'{0x000000008b8fa248}> (0x000000008b8fa248) 
thrown [s\src\hotspot\share\prims\jni.cpp, line 517]
Event: 22.904 Thread 0x000001b10a86df60 Exception <a 'sun/nio/fs/WindowsException'{0x000000008b8fb610}> (0x000000008b8fb610) 
thrown [s\src\hotspot\share\prims\jni.cpp, line 517]
Event: 23.197 Thread 0x000001b10a86df60 Exception <a 'java/lang/NoSuchMethodError'{0x000000008d4a68a0}: 'java.lang.Object java.lang.invoke.DirectMethodHandle$Holder.newInvokeSpecial(java.lang.Object, java.lang.Object, java.lang.Object, java.lang.Object, int, java.lang.Object)'> (0x000000008d4a68a0) 
thrown [s\src\hotspot\share\interpreter\linkResolver.cpp, line 771]
Event: 23.198 Thread 0x000001b10a86df60 Exception <a 'java/lang/NoSuchMethodError'{0x000000008d4ab950}: 'java.lang.Object java.lang.invoke.Invokers$Holder.linkToTargetMethod(java.lang.Object, java.lang.Object, java.lang.Object, int, java.lang.Object, java.lang.Object)'> (0x000000008d4ab950) 
thrown [s\src\hotspot\share\interpreter\linkResolver.cpp, line 771]
Event: 23.234 Thread 0x000001b10a86df60 Exception <a 'java/lang/IncompatibleClassChangeError'{0x000000008db9c8c0}: Found class java.lang.Object, but interface was expected> (0x000000008db9c8c0) 
thrown [s\src\hotspot\share\interpreter\linkResolver.cpp, line 838]
Event: 23.282 Thread 0x000001b10a7ec470 Exception <a 'java/lang/IncompatibleClassChangeError'{0x000000008d948508}: Found class java.lang.Object, but interface was expected> (0x000000008d948508) 
thrown [s\src\hotspot\share\interpreter\linkResolver.cpp, line 838]
Event: 23.312 Thread 0x000001b10a7ec470 Exception <a 'java/lang/NoSuchMethodError'{0x000000008d839e00}: 'int java.lang.invoke.DirectMethodHandle$Holder.invokeStaticInit(java.lang.Object, java.lang.Object, java.lang.Object, java.lang.Object, java.lang.Object)'> (0x000000008d839e00) 
thrown [s\src\hotspot\share\interpreter\linkResolver.cpp, line 771]
Event: 23.344 Thread 0x000001b10a86df60 Exception <a 'java/lang/NoSuchMethodError'{0x000000008d736628}: 'int java.lang.invoke.DirectMethodHandle$Holder.invokeSpecialIFC(java.lang.Object, java.lang.Object, java.lang.Object)'> (0x000000008d736628) 
thrown [s\src\hotspot\share\interpreter\linkResolver.cpp, line 771]
Event: 23.426 Thread 0x000001b10a86df60 Exception <a 'java/lang/NoSuchMethodError'{0x000000008d4e2fd8}: 'void java.lang.invoke.DirectMethodHandle$Holder.invokeSpecial(java.lang.Object, java.lang.Object, java.lang.Object, java.lang.Object, int, java.lang.Object, java.lang.Object)'> (0x000000008d4e2fd8) 
thrown [s\src\hotspot\share\interpreter\linkResolver.cpp, line 771]
Event: 24.164 Thread 0x000001b10abeef90 Exception <a 'java/lang/NoSuchMethodError'{0x000000008bb994c0}: 'java.lang.Object java.lang.invoke.DirectMethodHandle$Holder.invokeSpecialIFC(java.lang.Object, java.lang.Object, java.lang.Object)'> (0x000000008bb994c0) 
thrown [s\src\hotspot\share\interpreter\linkResolver.cpp, line 771]
Event: 24.164 Thread 0x000001b10a7e5f60 Exception <a 'java/lang/NoSuchMethodError'{0x000000008bb8a658}: 'java.lang.Object java.lang.invoke.DirectMethodHandle$Holder.invokeSpecialIFC(java.lang.Object, java.lang.Object, java.lang.Object)'> (0x000000008bb8a658) 
thrown [s\src\hotspot\share\interpreter\linkResolver.cpp, line 771]
Event: 24.164 Thread 0x000001b10a86df60 Exception <a 'java/lang/NoSuchMethodError'{0x000000008bb224b8}: 'java.lang.Object java.lang.invoke.DirectMethodHandle$Holder.invokeSpecialIFC(java.lang.Object, java.lang.Object, java.lang.Object)'> (0x000000008bb224b8) 
thrown [s\src\hotspot\share\interpreter\linkResolver.cpp, line 771]
Event: 25.349 Thread 0x000001b10a86df60 Exception <a 'java/lang/NoSuchMethodError'{0x000000008cf60428}: 'java.lang.Object java.lang.invoke.DirectMethodHandle$Holder.invokeSpecial(java.lang.Object, java.lang.Object, java.lang.Object, java.lang.Object, java.lang.Object, java.lang.Object, java.lang.Object, java.lang.Object, java.lang.Object, java.lang.Object)'> (0x000000008cf60428) 
thrown [s\src\hotspot\share\interpreter\linkResolver.cpp, line 771]
Event: 25.350 Thread 0x000001b10a86df60 Exception <a 'java/lang/NoSuchMethodError'{0x000000008cf6d480}: 'java.lang.Object java.lang.invoke.DirectMethodHandle$Holder.newInvokeSpecial(java.lang.Object, java.lang.Object, java.lang.Object, java.lang.Object, java.lang.Object, java.lang.Object, java.lang.Object, java.lang.Object, java.lang.Object)'> (0x000000008cf6d480) 
thrown [s\src\hotspot\share\interpreter\linkResolver.cpp, line 771]
Event: 25.351 Thread 0x000001b10a86df60 Exception <a 'java/lang/NoSuchMethodError'{0x000000008cf731a0}: 'java.lang.Object java.lang.invoke.Invokers$Holder.linkToTargetMethod(java.lang.Object, java.lang.Object, java.lang.Object, java.lang.Object, java.lang.Object, java.lang.Object, java.lang.Object, java.lang.Object, java.lang.Object)'> (0x000000008cf731a0) 
thrown [s\src\hotspot\share\interpreter\linkResolver.cpp, line 771]

VM Operations (20 events):
Event: 23.223 Executing VM operation: HandshakeAllThreads
Event: 23.223 Executing VM operation: HandshakeAllThreads done
Event: 23.226 Executing VM operation: HandshakeAllThreads
Event: 23.226 Executing VM operation: HandshakeAllThreads done
Event: 23.907 Executing VM operation: ICBufferFull
Event: 23.907 Executing VM operation: ICBufferFull done
Event: 24.100 Executing VM operation: ICBufferFull
Event: 24.100 Executing VM operation: ICBufferFull done
Event: 24.440 Executing VM operation: G1CollectForAllocation
Event: 24.452 Executing VM operation: G1CollectForAllocation done
Event: 24.648 Executing VM operation: G1Concurrent
Event: 24.656 Executing VM operation: G1Concurrent done
Event: 24.749 Executing VM operation: G1Concurrent
Event: 24.750 Executing VM operation: G1Concurrent done
Event: 25.080 Executing VM operation: ICBufferFull
Event: 25.080 Executing VM operation: ICBufferFull done
Event: 25.224 Executing VM operation: HandshakeAllThreads
Event: 25.224 Executing VM operation: HandshakeAllThreads done
Event: 25.354 Executing VM operation: ICBufferFull
Event: 25.354 Executing VM operation: ICBufferFull done

Events (20 events):
Event: 23.496 loading class javax/xml/stream/events/StartElement done
Event: 23.496 loading class com/sun/xml/internal/stream/events/StartElementEvent done
Event: 23.497 loading class com/sun/xml/internal/stream/events/NamespaceImpl
Event: 23.497 loading class javax/xml/stream/events/Namespace
Event: 23.497 loading class javax/xml/stream/events/Attribute
Event: 23.497 loading class javax/xml/stream/events/Attribute done
Event: 23.497 loading class javax/xml/stream/events/Namespace done
Event: 23.497 loading class com/sun/xml/internal/stream/events/AttributeImpl
Event: 23.497 loading class com/sun/xml/internal/stream/events/AttributeImpl done
Event: 23.497 loading class com/sun/xml/internal/stream/events/NamespaceImpl done
Event: 23.497 loading class com/sun/org/apache/xerces/internal/util/NamespaceSupport$Prefixes
Event: 23.498 loading class com/sun/org/apache/xerces/internal/util/NamespaceSupport$Prefixes done
Event: 23.498 loading class com/sun/xml/internal/stream/events/CharacterEvent
Event: 23.498 loading class javax/xml/stream/events/Characters
Event: 23.498 loading class javax/xml/stream/events/Characters done
Event: 23.498 loading class com/sun/xml/internal/stream/events/CharacterEvent done
Event: 23.499 loading class com/sun/xml/internal/stream/events/EndElementEvent
Event: 23.500 loading class javax/xml/stream/events/EndElement
Event: 23.500 loading class javax/xml/stream/events/EndElement done
Event: 23.500 loading class com/sun/xml/internal/stream/events/EndElementEvent done


Dynamic libraries:
0x00007ff7e4260000 - 0x00007ff7e426a000 	D:\Android_Studio\jbr\bin\java.exe
0x00007ffd128b0000 - 0x00007ffd12aa8000 	C:\Windows\SYSTEM32\ntdll.dll
0x00007ffd11e00000 - 0x00007ffd11ebf000 	C:\Windows\System32\KERNEL32.DLL
0x00007ffd10010000 - 0x00007ffd10306000 	C:\Windows\System32\KERNELBASE.dll
0x00007ffd106c0000 - 0x00007ffd107c0000 	C:\Windows\System32\ucrtbase.dll
0x00007ffce90d0000 - 0x00007ffce90e7000 	D:\Android_Studio\jbr\bin\jli.dll
0x00007ffcfe8a0000 - 0x00007ffcfe8bb000 	D:\Android_Studio\jbr\bin\VCRUNTIME140.dll
0x00007ffd11bf0000 - 0x00007ffd11d8d000 	C:\Windows\System32\USER32.dll
0x00007ffd10310000 - 0x00007ffd10332000 	C:\Windows\System32\win32u.dll
0x00007ffd12320000 - 0x00007ffd1234c000 	C:\Windows\System32\GDI32.dll
0x00007ffcff2c0000 - 0x00007ffcff55a000 	C:\Windows\WinSxS\amd64_microsoft.windows.common-controls_6595b64144ccf1df_6.0.19041.1110_none_60b5254171f9507e\COMCTL32.dll
0x00007ffd104a0000 - 0x00007ffd105b5000 	C:\Windows\System32\gdi32full.dll
0x00007ffd12710000 - 0x00007ffd127ae000 	C:\Windows\System32\msvcrt.dll
0x00007ffd107c0000 - 0x00007ffd1085d000 	C:\Windows\System32\msvcp_win.dll
0x00007ffd10c70000 - 0x00007ffd10ca0000 	C:\Windows\System32\IMM32.DLL
0x00007ffcfe890000 - 0x00007ffcfe89c000 	D:\Android_Studio\jbr\bin\vcruntime140_1.dll
0x00007ffccf650000 - 0x00007ffccf6dd000 	D:\Android_Studio\jbr\bin\msvcp140.dll
0x00007ffcc7150000 - 0x00007ffcc7dbe000 	D:\Android_Studio\jbr\bin\server\jvm.dll
0x00007ffd127b0000 - 0x00007ffd1285f000 	C:\Windows\System32\ADVAPI32.dll
0x00007ffd12670000 - 0x00007ffd1270c000 	C:\Windows\System32\sechost.dll
0x00007ffd12540000 - 0x00007ffd12666000 	C:\Windows\System32\RPCRT4.dll
0x00007ffcfa9b0000 - 0x00007ffcfa9b9000 	C:\Windows\SYSTEM32\WSOCK32.dll
0x00007ffd12250000 - 0x00007ffd122bb000 	C:\Windows\System32\WS2_32.dll
0x00007ffcfffc0000 - 0x00007ffcfffe7000 	C:\Windows\SYSTEM32\WINMM.dll
0x00007ffd0b670000 - 0x00007ffd0b67a000 	C:\Windows\SYSTEM32\VERSION.dll
0x00007ffd0de30000 - 0x00007ffd0de42000 	C:\Windows\SYSTEM32\kernel.appcore.dll
0x00007ffd0ba30000 - 0x00007ffd0ba3a000 	D:\Android_Studio\jbr\bin\jimage.dll
0x00007ffd06160000 - 0x00007ffd06344000 	C:\Windows\SYSTEM32\DBGHELP.DLL
0x00007ffcf55d0000 - 0x00007ffcf5604000 	C:\Windows\SYSTEM32\dbgcore.DLL
0x00007ffd105c0000 - 0x00007ffd10642000 	C:\Windows\System32\bcryptPrimitives.dll
0x00007ffcf0080000 - 0x00007ffcf00a5000 	D:\Android_Studio\jbr\bin\java.dll
0x00007ffceea10000 - 0x00007ffceea28000 	D:\Android_Studio\jbr\bin\zip.dll
0x00007ffd10f60000 - 0x00007ffd116a4000 	C:\Windows\System32\SHELL32.dll
0x00007ffd0e030000 - 0x00007ffd0e7c3000 	C:\Windows\SYSTEM32\windows.storage.dll
0x00007ffd10910000 - 0x00007ffd10c64000 	C:\Windows\System32\combase.dll
0x00007ffd0f950000 - 0x00007ffd0f97e000 	C:\Windows\SYSTEM32\Wldp.dll
0x00007ffd12480000 - 0x00007ffd1252d000 	C:\Windows\System32\SHCORE.dll
0x00007ffd122c0000 - 0x00007ffd12315000 	C:\Windows\System32\shlwapi.dll
0x00007ffd0fec0000 - 0x00007ffd0fee5000 	C:\Windows\SYSTEM32\profapi.dll
0x00007ffcee340000 - 0x00007ffcee359000 	D:\Android_Studio\jbr\bin\net.dll
0x00007ffd068b0000 - 0x00007ffd069ba000 	C:\Windows\SYSTEM32\WINHTTP.dll
0x00007ffd0f660000 - 0x00007ffd0f6ca000 	C:\Windows\system32\mswsock.dll
0x00007ffcee320000 - 0x00007ffcee336000 	D:\Android_Studio\jbr\bin\nio.dll
0x00007ffcfe8e0000 - 0x00007ffcfe8f0000 	D:\Android_Studio\jbr\bin\verify.dll
0x00007ffce8ea0000 - 0x00007ffce8ec7000 	C:\Users\User\.gradle\native\68d5fa5c4cc2d200863cafc0d521ce42e7d3e7ee720ec0a83991735586a16f82\windows-amd64\native-platform.dll
0x00007ffcced90000 - 0x00007ffcceed4000 	C:\Users\User\.gradle\native\e376f236ea51e6404a007f0833ffe2c6e607c4080706a723a18a27aeea778392\windows-amd64\native-platform-file-events.dll
0x00007ffcfb5b0000 - 0x00007ffcfb5b9000 	D:\Android_Studio\jbr\bin\management.dll
0x00007ffcfae60000 - 0x00007ffcfae6b000 	D:\Android_Studio\jbr\bin\management_ext.dll
0x00007ffd12860000 - 0x00007ffd12868000 	C:\Windows\System32\PSAPI.DLL
0x00007ffd0f850000 - 0x00007ffd0f868000 	C:\Windows\SYSTEM32\CRYPTSP.dll
0x00007ffd0ef70000 - 0x00007ffd0efa4000 	C:\Windows\system32\rsaenh.dll
0x00007ffd0ffe0000 - 0x00007ffd10007000 	C:\Windows\System32\bcrypt.dll
0x00007ffd0fe80000 - 0x00007ffd0feae000 	C:\Windows\SYSTEM32\USERENV.dll
0x00007ffd0fae0000 - 0x00007ffd0faec000 	C:\Windows\SYSTEM32\CRYPTBASE.dll
0x00007ffd0f350000 - 0x00007ffd0f38b000 	C:\Windows\SYSTEM32\IPHLPAPI.DLL
0x00007ffd12530000 - 0x00007ffd12538000 	C:\Windows\System32\NSI.dll
0x00007ffd0b6d0000 - 0x00007ffd0b6e7000 	C:\Windows\SYSTEM32\dhcpcsvc6.DLL
0x00007ffd05a40000 - 0x00007ffd05a5d000 	C:\Windows\SYSTEM32\dhcpcsvc.DLL
0x00007ffd0f390000 - 0x00007ffd0f45a000 	C:\Windows\SYSTEM32\DNSAPI.dll
0x00007ffcf99b0000 - 0x00007ffcf99b7000 	C:\Windows\system32\wshunix.dll

dbghelp: loaded successfully - version: 4.0.5 - missing functions: none
symbol engine: initialized successfully - sym options: 0x614 - pdb path: .;D:\Android_Studio\jbr\bin;C:\Windows\SYSTEM32;C:\Windows\WinSxS\amd64_microsoft.windows.common-controls_6595b64144ccf1df_6.0.19041.1110_none_60b5254171f9507e;D:\Android_Studio\jbr\bin\server;C:\Users\User\.gradle\native\68d5fa5c4cc2d200863cafc0d521ce42e7d3e7ee720ec0a83991735586a16f82\windows-amd64;C:\Users\User\.gradle\native\e376f236ea51e6404a007f0833ffe2c6e607c4080706a723a18a27aeea778392\windows-amd64

VM Arguments:
jvm_args: --add-opens=java.base/java.util=ALL-UNNAMED --add-opens=java.base/java.lang=ALL-UNNAMED --add-opens=java.base/java.lang.invoke=ALL-UNNAMED --add-opens=java.prefs/java.util.prefs=ALL-UNNAMED --add-opens=java.base/java.nio.charset=ALL-UNNAMED --add-opens=java.base/java.net=ALL-UNNAMED --add-opens=java.base/java.util.concurrent.atomic=ALL-UNNAMED -Xmx2048m -Dfile.encoding=UTF-8 -Duser.country=IN -Duser.language=en -Duser.variant 
java_command: org.gradle.launcher.daemon.bootstrap.GradleDaemon 8.0
java_class_path (initial): C:\Users\User\.gradle\wrapper\dists\gradle-8.0-bin\ca5e32bp14vu59qr306oxotwh\gradle-8.0\lib\gradle-launcher-8.0.jar
Launcher Type: SUN_STANDARD

[Global flags]
     intx CICompilerCount                          = 3                                         {product} {ergonomic}
     uint ConcGCThreads                            = 1                                         {product} {ergonomic}
     uint G1ConcRefinementThreads                  = 4                                         {product} {ergonomic}
   size_t G1HeapRegionSize                         = 1048576                                   {product} {ergonomic}
    uintx GCDrainStackTargetSize                   = 64                                        {product} {ergonomic}
   size_t InitialHeapSize                          = 130023424                                 {product} {ergonomic}
   size_t MarkStackSize                            = 4194304                                   {product} {ergonomic}
   size_t MaxHeapSize                              = 2147483648                                {product} {command line}
   size_t MaxNewSize                               = 1287651328                                {product} {ergonomic}
   size_t MinHeapDeltaBytes                        = 1048576                                   {product} {ergonomic}
   size_t MinHeapSize                              = 8388608                                   {product} {ergonomic}
    uintx NonNMethodCodeHeapSize                   = 5832780                                {pd product} {ergonomic}
    uintx NonProfiledCodeHeapSize                  = 122912730                              {pd product} {ergonomic}
    uintx ProfiledCodeHeapSize                     = 122912730                              {pd product} {ergonomic}
    uintx ReservedCodeCacheSize                    = 251658240                              {pd product} {ergonomic}
     bool SegmentedCodeCache                       = true                                      {product} {ergonomic}
   size_t SoftMaxHeapSize                          = 2147483648                             {manageable} {ergonomic}
     bool UseCompressedClassPointers               = true                           {product lp64_product} {ergonomic}
     bool UseCompressedOops                        = true                           {product lp64_product} {ergonomic}
     bool UseG1GC                                  = true                                      {product} {ergonomic}
     bool UseLargePagesIndividualAllocation        = false                                  {pd product} {ergonomic}

Logging:
Log output configuration:
 #0: stdout all=warning uptime,level,tags
 #1: stderr all=off uptime,level,tags

Environment Variables:
PATH=D:\VMWare\bin\;C:\Windows\system32;C:\Windows;C:\Windows\System32\Wbem;C:\Windows\System32\WindowsPowerShell\v1.0\;C:\Windows\System32\OpenSSH\;C:\Users\User\AppData\Local\Microsoft\WindowsApps;C:\sqlite;;D:\Local Folder\Intellij IDEA\IntelliJ IDEA Community Edition 2023.1.3\bin;
USERNAME=User
OS=Windows_NT
PROCESSOR_IDENTIFIER=Intel64 Family 6 Model 78 Stepping 3, GenuineIntel
TMP=C:\Users\User\AppData\Local\Temp
TEMP=C:\Users\User\AppData\Local\Temp


JNI global refs:
JNI global refs: 25, weak refs: 12

JNI global refs memory usage: 843, weak refs: 841


---------------  S Y S T E M  ---------------

OS:
 Windows 10 , 64 bit Build 19041 (10.0.19041.3155)
OS uptime: 2 days 23:44 hours

CPU: total 4 (initial active 4) (2 cores per cpu, 2 threads per core) family 6 model 78 stepping 3 microcode 0xf0, cx8, cmov, fxsr, ht, mmx, 3dnowpref, sse, sse2, sse3, ssse3, sse4.1, sse4.2, popcnt, lzcnt, tsc, tscinvbit, avx, avx2, aes, erms, clmul, bmi1, bmi2, rtm, adx, fma, vzeroupper, clflush, clflushopt

Memory: 4k page, system-wide physical 7847M (337M free)
TotalPageFile size 9723M (AvailPageFile size 5M)
current process WorkingSet (physical memory assigned to process): 462M, peak: 466M
current process commit charge ("private bytes"): 507M, peak: 509M

vm_info: OpenJDK 64-Bit Server VM (17.0.6+0-b2043.56-10027231) for windows-amd64 JRE (17.0.6+0-b2043.56-10027231), built on Apr 28 2023 00:43:19 by "androidbuild" with MS VC++ 16.10 / 16.11 (VS2019)

END.
