#
# There is insufficient memory for the Java Runtime Environment to continue.
# Native memory allocation (mmap) failed to map 14680064 bytes for G1 virtual space
# Possible reasons:
#   The system is out of physical RAM or swap space
#   The process is running with CompressedOops enabled, and the Java Heap may be blocking the growth of the native heap
# Possible solutions:
#   Reduce memory load on the system
#   Increase physical memory or swap space
#   Check if swap backing store is full
#   Decrease Java heap size (-Xmx/-Xms)
#   Decrease number of Java threads
#   Decrease Java thread stack sizes (-Xss)
#   Set larger code cache with -XX:ReservedCodeCacheSize=
#   JVM is running with Unscaled Compressed Oops mode in which the Java heap is
#     placed in the first 4GB address space. The Java Heap base address is the
#     maximum limit for the native heap growth. Please use -XX:HeapBaseMinAddress
#     to set the Java Heap base and to place the Java Heap above 4GB virtual address.
# This output file may be truncated or incomplete.
#
#  Out of Memory Error (os_windows.cpp:3769), pid=7808, tid=4668
#
# JRE version: OpenJDK Runtime Environment (17.0.6) (build 17.0.6+0-b2043.56-10027231)
# Java VM: OpenJDK 64-Bit Server VM (17.0.6+0-b2043.56-10027231, mixed mode, tiered, compressed oops, compressed class ptrs, g1 gc, windows-amd64)
# No core dump will be written. Minidumps are not enabled by default on client versions of Windows
#

---------------  S U M M A R Y ------------

Command Line: --add-opens=java.base/java.util=ALL-UNNAMED --add-opens=java.base/java.lang=ALL-UNNAMED --add-opens=java.base/java.lang.invoke=ALL-UNNAMED --add-opens=java.prefs/java.util.prefs=ALL-UNNAMED --add-opens=java.base/java.nio.charset=ALL-UNNAMED --add-opens=java.base/java.net=ALL-UNNAMED --add-opens=java.base/java.util.concurrent.atomic=ALL-UNNAMED -Xmx2048m -Dfile.encoding=UTF-8 -Duser.country=IN -Duser.language=en -Duser.variant org.gradle.launcher.daemon.bootstrap.GradleDaemon 8.0

Host: Intel(R) Core(TM) i5-6300U CPU @ 2.40GHz, 4 cores, 7G,  Windows 10 , 64 bit Build 19041 (10.0.19041.3155)
Time: Thu Aug 17 10:33:41 2023 India Standard Time elapsed time: 10.429206 seconds (0d 0h 0m 10s)

---------------  T H R E A D  ---------------

Current thread (0x00000271822c6b30):  VMThread "VM Thread" [stack: 0x000000bbc1400000,0x000000bbc1500000] [id=4668]

Stack: [0x000000bbc1400000,0x000000bbc1500000]
Native frames: (J=compiled Java code, j=interpreted, Vv=VM code, C=native code)
V  [jvm.dll+0x683c9a]
V  [jvm.dll+0x8427a4]
V  [jvm.dll+0x843f9e]
V  [jvm.dll+0x844603]
V  [jvm.dll+0x249b75]
V  [jvm.dll+0x680b69]
V  [jvm.dll+0x67505a]
V  [jvm.dll+0x309acb]
V  [jvm.dll+0x310f86]
V  [jvm.dll+0x3608ee]
V  [jvm.dll+0x360b1f]
V  [jvm.dll+0x2dfbf8]
V  [jvm.dll+0x2e2ce6]
V  [jvm.dll+0x2ed478]
V  [jvm.dll+0x322150]
V  [jvm.dll+0x848ccb]
V  [jvm.dll+0x849a04]
V  [jvm.dll+0x849f1d]
V  [jvm.dll+0x84a2f4]
V  [jvm.dll+0x84a3c0]
V  [jvm.dll+0x7f274a]
V  [jvm.dll+0x682ad5]
C  [ucrtbase.dll+0x21bb2]
C  [KERNEL32.DLL+0x17614]
C  [ntdll.dll+0x526b1]

VM_Operation (0x000000bbc10ffa70): G1Concurrent, mode: safepoint, requested by thread 0x00000271e6d74f30


---------------  P R O C E S S  ---------------

Threads class SMR info:
_java_thread_list=0x0000027189020fe0, length=82, elements={
0x00000271e6d09d60, 0x00000271822ca760, 0x00000271822cc770, 0x000002718231e690,
0x00000271822eb520, 0x00000271822eddf0, 0x00000271822ee6b0, 0x00000271822ef2a0,
0x0000027182d165a0, 0x0000027182d27660, 0x0000027182ec7010, 0x0000027182ec8900,
0x0000027182f3a990, 0x000002718474e0f0, 0x000002718474ef60, 0x0000027184750770,
0x000002718474f430, 0x000002718474d280, 0x000002718474cdb0, 0x000002718474d750,
0x000002718474dc20, 0x000002718474e5c0, 0x000002718474ea90, 0x000002718474f900,
0x000002718474fdd0, 0x00000271847502a0, 0x00000271845b06e0, 0x00000271845af870,
0x00000271845afd40, 0x00000271845b0210, 0x00000271845af3a0, 0x00000271845b0bb0,
0x00000271845b1080, 0x00000271845b1550, 0x00000271845b1a20, 0x00000271845ae060,
0x0000027183d154a0, 0x0000027183d167e0, 0x0000027183d11fb0, 0x0000027183d11ae0,
0x0000027183d12950, 0x0000027183d107a0, 0x0000027183d17180, 0x0000027183d12e20,
0x0000027183d132f0, 0x0000027183d10c70, 0x0000027183d137c0, 0x0000027183d17650,
0x0000027183d15970, 0x0000027183d13c90, 0x0000027183d0fe00, 0x0000027183d14160,
0x0000027183d102d0, 0x0000027183d14630, 0x0000027183d14b00, 0x0000027183d14fd0,
0x0000027183d11140, 0x0000027183d15e40, 0x0000027183d16310, 0x00000271885ab720,
0x00000271885abbf0, 0x00000271885ac0c0, 0x00000271885a9570, 0x00000271885ac590,
0x00000271885aa8b0, 0x00000271885aca60, 0x00000271885a9f10, 0x00000271885aa3e0,
0x00000271885a90a0, 0x00000271885aad80, 0x00000271885a9a40, 0x00000271885ab250,
0x0000027185f6fac0, 0x0000027185f6c100, 0x0000027185f6dde0, 0x0000027185f6d440,
0x0000027185f6c5d0, 0x0000027185f6caa0, 0x0000027185f6cf70, 0x0000027185f72ae0,
0x0000027185f6e780, 0x0000027185f6e2b0
}

Java Threads: ( => current thread )
  0x00000271e6d09d60 JavaThread "main" [_thread_blocked, id=8808, stack(0x000000bbc0e00000,0x000000bbc0f00000)]
  0x00000271822ca760 JavaThread "Reference Handler" daemon [_thread_blocked, id=11112, stack(0x000000bbc1500000,0x000000bbc1600000)]
  0x00000271822cc770 JavaThread "Finalizer" daemon [_thread_blocked, id=7412, stack(0x000000bbc1600000,0x000000bbc1700000)]
  0x000002718231e690 JavaThread "Signal Dispatcher" daemon [_thread_blocked, id=10812, stack(0x000000bbc1800000,0x000000bbc1900000)]
  0x00000271822eb520 JavaThread "Attach Listener" daemon [_thread_blocked, id=2164, stack(0x000000bbc1900000,0x000000bbc1a00000)]
  0x00000271822eddf0 JavaThread "Service Thread" daemon [_thread_blocked, id=4292, stack(0x000000bbc1a00000,0x000000bbc1b00000)]
  0x00000271822ee6b0 JavaThread "Monitor Deflation Thread" daemon [_thread_blocked, id=11120, stack(0x000000bbc1b00000,0x000000bbc1c00000)]
  0x00000271822ef2a0 JavaThread "C2 CompilerThread0" daemon [_thread_blocked, id=9628, stack(0x000000bbc1c00000,0x000000bbc1d00000)]
  0x0000027182d165a0 JavaThread "C1 CompilerThread0" daemon [_thread_blocked, id=7476, stack(0x000000bbc1d00000,0x000000bbc1e00000)]
  0x0000027182d27660 JavaThread "Sweeper thread" daemon [_thread_blocked, id=1608, stack(0x000000bbc1e00000,0x000000bbc1f00000)]
  0x0000027182ec7010 JavaThread "Common-Cleaner" daemon [_thread_blocked, id=5284, stack(0x000000bbc1f00000,0x000000bbc2000000)]
  0x0000027182ec8900 JavaThread "Notification Thread" daemon [_thread_blocked, id=11412, stack(0x000000bbc2000000,0x000000bbc2100000)]
  0x0000027182f3a990 JavaThread "C2 CompilerThread1" daemon [_thread_blocked, id=8164, stack(0x000000bbc2200000,0x000000bbc2300000)]
  0x000002718474e0f0 JavaThread "Daemon health stats" [_thread_blocked, id=3724, stack(0x000000bbc2600000,0x000000bbc2700000)]
  0x000002718474ef60 JavaThread "Incoming local TCP Connector on port 50864" [_thread_in_native, id=7716, stack(0x000000bbc2700000,0x000000bbc2800000)]
  0x0000027184750770 JavaThread "Daemon periodic checks" [_thread_blocked, id=9704, stack(0x000000bbc2800000,0x000000bbc2900000)]
  0x000002718474f430 JavaThread "Daemon" [_thread_blocked, id=6388, stack(0x000000bbc2900000,0x000000bbc2a00000)]
  0x000002718474d280 JavaThread "Handler for socket connection from /127.0.0.1:50864 to /127.0.0.1:50865" [_thread_in_native, id=5556, stack(0x000000bbc2a00000,0x000000bbc2b00000)]
  0x000002718474cdb0 JavaThread "Cancel handler" [_thread_blocked, id=10776, stack(0x000000bbc2b00000,0x000000bbc2c00000)]
  0x000002718474d750 JavaThread "Daemon worker" [_thread_blocked, id=10380, stack(0x000000bbc2c00000,0x000000bbc2d00000)]
  0x000002718474dc20 JavaThread "Asynchronous log dispatcher for DefaultDaemonConnection: socket connection from /127.0.0.1:50864 to /127.0.0.1:50865" [_thread_blocked, id=6032, stack(0x000000bbc2d00000,0x000000bbc2e00000)]
  0x000002718474e5c0 JavaThread "Stdin handler" [_thread_blocked, id=3080, stack(0x000000bbc2e00000,0x000000bbc2f00000)]
  0x000002718474ea90 JavaThread "Daemon client event forwarder" [_thread_blocked, id=8976, stack(0x000000bbc2f00000,0x000000bbc3000000)]
  0x000002718474f900 JavaThread "Cache worker for journal cache (C:\Users\User\.gradle\caches\journal-1)" [_thread_blocked, id=7528, stack(0x000000bbc3000000,0x000000bbc3100000)]
  0x000002718474fdd0 JavaThread "File lock request listener" [_thread_in_native, id=11904, stack(0x000000bbc3100000,0x000000bbc3200000)]
  0x00000271847502a0 JavaThread "Cache worker for file hash cache (C:\Users\User\.gradle\caches\8.0\fileHashes)" [_thread_blocked, id=8004, stack(0x000000bbc3200000,0x000000bbc3300000)]
  0x00000271845b06e0 JavaThread "File watcher server" daemon [_thread_in_native, id=7960, stack(0x000000bbc3300000,0x000000bbc3400000)]
  0x00000271845af870 JavaThread "File watcher consumer" daemon [_thread_blocked, id=8828, stack(0x000000bbc3400000,0x000000bbc3500000)]
  0x00000271845afd40 JavaThread "Cache worker for checksums cache (D:\Android Studio projects\Unknown_App\.gradle\8.0\checksums)" [_thread_blocked, id=2484, stack(0x000000bbc3500000,0x000000bbc3600000)]
  0x00000271845b0210 JavaThread "Cache worker for cache directory md-rule (C:\Users\User\.gradle\caches\8.0\md-rule)" [_thread_blocked, id=9500, stack(0x000000bbc3600000,0x000000bbc3700000)]
  0x00000271845af3a0 JavaThread "Cache worker for file content cache (C:\Users\User\.gradle\caches\8.0\fileContent)" [_thread_blocked, id=1300, stack(0x000000bbc3700000,0x000000bbc3800000)]
  0x00000271845b0bb0 JavaThread "Cache worker for file hash cache (D:\Android Studio projects\Unknown_App\.gradle\8.0\fileHashes)" [_thread_blocked, id=11184, stack(0x000000bbc3800000,0x000000bbc3900000)]
  0x00000271845b1080 JavaThread "Cache worker for cache directory md-supplier (C:\Users\User\.gradle\caches\8.0\md-supplier)" [_thread_blocked, id=12096, stack(0x000000bbc3900000,0x000000bbc3a00000)]
  0x00000271845b1550 JavaThread "Cache worker for execution history cache (C:\Users\User\.gradle\caches\8.0\executionHistory)" [_thread_blocked, id=4760, stack(0x000000bbc3a00000,0x000000bbc3b00000)]
  0x00000271845b1a20 JavaThread "jar transforms" [_thread_blocked, id=10536, stack(0x000000bbc3b00000,0x000000bbc3c00000)]
  0x00000271845ae060 JavaThread "jar transforms Thread 2" [_thread_blocked, id=2184, stack(0x000000bbc3c00000,0x000000bbc3d00000)]
  0x0000027183d154a0 JavaThread "jar transforms Thread 3" [_thread_blocked, id=2588, stack(0x000000bbc3e00000,0x000000bbc3f00000)]
  0x0000027183d167e0 JavaThread "jar transforms Thread 4" [_thread_blocked, id=11616, stack(0x000000bbc3f00000,0x000000bbc4000000)]
  0x0000027183d11fb0 JavaThread "Cache worker for dependencies-accessors (D:\Android Studio projects\Unknown_App\.gradle\8.0\dependencies-accessors)" [_thread_blocked, id=7844, stack(0x000000bbc4000000,0x000000bbc4100000)]
  0x0000027183d11ae0 JavaThread "Cache worker for Build Output Cleanup Cache (D:\Android Studio projects\Unknown_App\.gradle\buildOutputCleanup)" [_thread_blocked, id=9548, stack(0x000000bbc4100000,0x000000bbc4200000)]
  0x0000027183d12950 JavaThread "Unconstrained build operations" [_thread_blocked, id=3740, stack(0x000000bbc4200000,0x000000bbc4300000)]
  0x0000027183d107a0 JavaThread "Unconstrained build operations Thread 2" [_thread_blocked, id=10196, stack(0x000000bbc4300000,0x000000bbc4400000)]
  0x0000027183d17180 JavaThread "Unconstrained build operations Thread 3" [_thread_blocked, id=9696, stack(0x000000bbc4400000,0x000000bbc4500000)]
  0x0000027183d12e20 JavaThread "Unconstrained build operations Thread 4" [_thread_blocked, id=5928, stack(0x000000bbc4500000,0x000000bbc4600000)]
  0x0000027183d132f0 JavaThread "Unconstrained build operations Thread 5" [_thread_blocked, id=5508, stack(0x000000bbc4600000,0x000000bbc4700000)]
  0x0000027183d10c70 JavaThread "Unconstrained build operations Thread 6" [_thread_blocked, id=10060, stack(0x000000bbc4700000,0x000000bbc4800000)]
  0x0000027183d137c0 JavaThread "Unconstrained build operations Thread 7" [_thread_blocked, id=9512, stack(0x000000bbc4800000,0x000000bbc4900000)]
  0x0000027183d17650 JavaThread "Unconstrained build operations Thread 8" [_thread_blocked, id=7580, stack(0x000000bbc4900000,0x000000bbc4a00000)]
  0x0000027183d15970 JavaThread "Unconstrained build operations Thread 9" [_thread_blocked, id=2728, stack(0x000000bbc4a00000,0x000000bbc4b00000)]
  0x0000027183d13c90 JavaThread "Unconstrained build operations Thread 10" [_thread_blocked, id=3924, stack(0x000000bbc4b00000,0x000000bbc4c00000)]
  0x0000027183d0fe00 JavaThread "Unconstrained build operations Thread 11" [_thread_blocked, id=11484, stack(0x000000bbc4c00000,0x000000bbc4d00000)]
  0x0000027183d14160 JavaThread "Unconstrained build operations Thread 12" [_thread_blocked, id=2328, stack(0x000000bbc4d00000,0x000000bbc4e00000)]
  0x0000027183d102d0 JavaThread "Unconstrained build operations Thread 13" [_thread_blocked, id=1648, stack(0x000000bbc4e00000,0x000000bbc4f00000)]
  0x0000027183d14630 JavaThread "Unconstrained build operations Thread 14" [_thread_blocked, id=12048, stack(0x000000bbc4f00000,0x000000bbc5000000)]
  0x0000027183d14b00 JavaThread "Unconstrained build operations Thread 15" [_thread_blocked, id=2784, stack(0x000000bbc5000000,0x000000bbc5100000)]
  0x0000027183d14fd0 JavaThread "Unconstrained build operations Thread 16" [_thread_blocked, id=1092, stack(0x000000bbc5100000,0x000000bbc5200000)]
  0x0000027183d11140 JavaThread "Unconstrained build operations Thread 17" [_thread_blocked, id=6092, stack(0x000000bbc5200000,0x000000bbc5300000)]
  0x0000027183d15e40 JavaThread "Unconstrained build operations Thread 18" [_thread_blocked, id=9800, stack(0x000000bbc5300000,0x000000bbc5400000)]
  0x0000027183d16310 JavaThread "Unconstrained build operations Thread 19" [_thread_blocked, id=11396, stack(0x000000bbc5400000,0x000000bbc5500000)]
  0x00000271885ab720 JavaThread "Unconstrained build operations Thread 20" [_thread_blocked, id=11128, stack(0x000000bbc5500000,0x000000bbc5600000)]
  0x00000271885abbf0 JavaThread "Unconstrained build operations Thread 21" [_thread_blocked, id=7608, stack(0x000000bbc5600000,0x000000bbc5700000)]
  0x00000271885ac0c0 JavaThread "Unconstrained build operations Thread 22" [_thread_blocked, id=5676, stack(0x000000bbc5700000,0x000000bbc5800000)]
  0x00000271885a9570 JavaThread "Unconstrained build operations Thread 23" [_thread_blocked, id=2144, stack(0x000000bbc5800000,0x000000bbc5900000)]
  0x00000271885ac590 JavaThread "Unconstrained build operations Thread 24" [_thread_blocked, id=6132, stack(0x000000bbc5900000,0x000000bbc5a00000)]
  0x00000271885aa8b0 JavaThread "Unconstrained build operations Thread 25" [_thread_blocked, id=9452, stack(0x000000bbc5a00000,0x000000bbc5b00000)]
  0x00000271885aca60 JavaThread "Unconstrained build operations Thread 26" [_thread_blocked, id=4920, stack(0x000000bbc5b00000,0x000000bbc5c00000)]
  0x00000271885a9f10 JavaThread "Unconstrained build operations Thread 27" [_thread_blocked, id=3884, stack(0x000000bbc5c00000,0x000000bbc5d00000)]
  0x00000271885aa3e0 JavaThread "Unconstrained build operations Thread 28" [_thread_blocked, id=8216, stack(0x000000bbc5d00000,0x000000bbc5e00000)]
  0x00000271885a90a0 JavaThread "Unconstrained build operations Thread 29" [_thread_blocked, id=6292, stack(0x000000bbc5e00000,0x000000bbc5f00000)]
  0x00000271885aad80 JavaThread "Unconstrained build operations Thread 30" [_thread_blocked, id=4204, stack(0x000000bbc5f00000,0x000000bbc6000000)]
  0x00000271885a9a40 JavaThread "Unconstrained build operations Thread 31" [_thread_blocked, id=9632, stack(0x000000bbc6000000,0x000000bbc6100000)]
  0x00000271885ab250 JavaThread "Unconstrained build operations Thread 32" [_thread_blocked, id=7228, stack(0x000000bbc6100000,0x000000bbc6200000)]
  0x0000027185f6fac0 JavaThread "Unconstrained build operations Thread 33" [_thread_blocked, id=10052, stack(0x000000bbc6200000,0x000000bbc6300000)]
  0x0000027185f6c100 JavaThread "Unconstrained build operations Thread 34" [_thread_blocked, id=6952, stack(0x000000bbc6300000,0x000000bbc6400000)]
  0x0000027185f6dde0 JavaThread "Unconstrained build operations Thread 35" [_thread_blocked, id=10708, stack(0x000000bbc6400000,0x000000bbc6500000)]
  0x0000027185f6d440 JavaThread "Unconstrained build operations Thread 36" [_thread_blocked, id=2008, stack(0x000000bbc6500000,0x000000bbc6600000)]
  0x0000027185f6c5d0 JavaThread "Unconstrained build operations Thread 37" [_thread_blocked, id=8036, stack(0x000000bbc6600000,0x000000bbc6700000)]
  0x0000027185f6caa0 JavaThread "Unconstrained build operations Thread 38" [_thread_blocked, id=4712, stack(0x000000bbc6700000,0x000000bbc6800000)]
  0x0000027185f6cf70 JavaThread "Unconstrained build operations Thread 39" [_thread_blocked, id=10876, stack(0x000000bbc6800000,0x000000bbc6900000)]
  0x0000027185f72ae0 JavaThread "Unconstrained build operations Thread 40" [_thread_blocked, id=5944, stack(0x000000bbc6900000,0x000000bbc6a00000)]
  0x0000027185f6e780 JavaThread "build event listener" [_thread_blocked, id=5148, stack(0x000000bbc6a00000,0x000000bbc6b00000)]
  0x0000027185f6e2b0 JavaThread "Memory manager" [_thread_blocked, id=2500, stack(0x000000bbc6b00000,0x000000bbc6c00000)]

Other Threads:
=>0x00000271822c6b30 VMThread "VM Thread" [stack: 0x000000bbc1400000,0x000000bbc1500000] [id=4668]
  0x0000027182ec8dd0 WatcherThread [stack: 0x000000bbc2100000,0x000000bbc2200000] [id=3024]
  0x00000271e6d640e0 GCTaskThread "GC Thread#0" [stack: 0x000000bbc0f00000,0x000000bbc1000000] [id=6964]
  0x0000027182f84c40 GCTaskThread "GC Thread#1" [stack: 0x000000bbc2300000,0x000000bbc2400000] [id=11824]
  0x0000027183207910 GCTaskThread "GC Thread#2" [stack: 0x000000bbc2400000,0x000000bbc2500000] [id=3088]
  0x00000271831ae280 GCTaskThread "GC Thread#3" [stack: 0x000000bbc2500000,0x000000bbc2600000] [id=8784]
  0x00000271e6d74f30 ConcurrentGCThread "G1 Main Marker" [stack: 0x000000bbc1000000,0x000000bbc1100000] [id=10712]
  0x00000271e6d76860 ConcurrentGCThread "G1 Conc#0" [stack: 0x000000bbc1100000,0x000000bbc1200000] [id=1084]
  0x00000271e6dde0c0 ConcurrentGCThread "G1 Refine#0" [stack: 0x000000bbc1200000,0x000000bbc1300000] [id=3548]
  0x0000027186c8b500 ConcurrentGCThread "G1 Refine#1" [stack: 0x000000bbc3d00000,0x000000bbc3e00000] [id=6932]
  0x00000271e6dde9f0 ConcurrentGCThread "G1 Service" [stack: 0x000000bbc1300000,0x000000bbc1400000] [id=1156]

Threads with active compile tasks:
C2 CompilerThread0    10466 6168   !   4       java.util.jar.Attributes::read (494 bytes)
C2 CompilerThread1    10466 6238       4       sun.security.provider.SHA::implCompress0 (506 bytes)

VM state: at safepoint (normal execution)

VM Mutex/Monitor currently owned by a thread:  ([mutex/lock_event])
[0x00000271e6d04030] Threads_lock - owner thread: 0x00000271822c6b30
[0x00000271e6d02fe0] Heap_lock - owner thread: 0x00000271e6d74f30

Heap address: 0x0000000080000000, size: 2048 MB, Compressed Oops mode: 32-bit

CDS archive(s) not mapped
Compressed class space mapped at: 0x0000000100000000-0x0000000140000000, reserved size: 1073741824
Narrow klass base: 0x0000000000000000, Narrow klass shift: 3, Narrow klass range: 0x140000000

GC Precious Log:
 CPUs: 4 total, 4 available
 Memory: 7847M
 Large Page Support: Disabled
 NUMA Support: Disabled
 Compressed Oops: Enabled (32-bit)
 Heap Region Size: 1M
 Heap Min Capacity: 8M
 Heap Initial Capacity: 124M
 Heap Max Capacity: 2G
 Pre-touch: Disabled
 Parallel Workers: 4
 Concurrent Workers: 1
 Concurrent Refinement Workers: 4
 Periodic GC: Disabled

Heap:
 garbage-first heap   total 100352K, used 66413K [0x0000000080000000, 0x0000000100000000)
  region size 1024K, 16 young (16384K), 4 survivors (4096K)
 Metaspace       used 62776K, committed 63296K, reserved 1105920K
  class space    used 8291K, committed 8512K, reserved 1048576K

Heap Regions: E=young(eden), S=young(survivor), O=old, HS=humongous(starts), HC=humongous(continues), CS=collection set, F=free, OA=open archive, CA=closed archive, TAMS=top-at-mark-start (previous, next)
|   0|0x0000000080000000, 0x0000000080100000, 0x0000000080100000|100%| O|  |TAMS 0x0000000080100000, 0x0000000080000000| Updating 
|   1|0x0000000080100000, 0x0000000080200000, 0x0000000080200000|100%| O|  |TAMS 0x0000000080200000, 0x0000000080100000| Untracked 
|   2|0x0000000080200000, 0x0000000080300000, 0x0000000080300000|100%| O|  |TAMS 0x0000000080300000, 0x0000000080200000| Untracked 
|   3|0x0000000080300000, 0x0000000080400000, 0x0000000080400000|100%|HS|  |TAMS 0x0000000080400000, 0x0000000080300000| Complete 
|   4|0x0000000080400000, 0x0000000080500000, 0x0000000080500000|100%|HC|  |TAMS 0x0000000080500000, 0x0000000080400000| Complete 
|   5|0x0000000080500000, 0x0000000080600000, 0x0000000080600000|100%|HC|  |TAMS 0x0000000080600000, 0x0000000080500000| Complete 
|   6|0x0000000080600000, 0x0000000080700000, 0x0000000080700000|100%|HC|  |TAMS 0x0000000080700000, 0x0000000080600000| Complete 
|   7|0x0000000080700000, 0x0000000080800000, 0x0000000080800000|100%| O|  |TAMS 0x0000000080800000, 0x0000000080700000| Untracked 
|   8|0x0000000080800000, 0x0000000080900000, 0x0000000080900000|100%| O|  |TAMS 0x0000000080900000, 0x0000000080800000| Untracked 
|   9|0x0000000080900000, 0x0000000080a00000, 0x0000000080a00000|100%| O|  |TAMS 0x0000000080a00000, 0x0000000080900000| Untracked 
|  10|0x0000000080a00000, 0x0000000080b00000, 0x0000000080b00000|100%| O|  |TAMS 0x0000000080b00000, 0x0000000080a00000| Untracked 
|  11|0x0000000080b00000, 0x0000000080b67600, 0x0000000080c00000| 40%| O|  |TAMS 0x0000000080b67600, 0x0000000080b00000| Updating 
|  12|0x0000000080c00000, 0x0000000080d00000, 0x0000000080d00000|100%| O|  |TAMS 0x0000000080d00000, 0x0000000080c00000| Untracked 
|  13|0x0000000080d00000, 0x0000000080e00000, 0x0000000080e00000|100%| O|  |TAMS 0x0000000080e00000, 0x0000000080d00000| Untracked 
|  14|0x0000000080e00000, 0x0000000080f00000, 0x0000000080f00000|100%| O|  |TAMS 0x0000000080f00000, 0x0000000080e00000| Untracked 
|  15|0x0000000080f00000, 0x0000000081000000, 0x0000000081000000|100%| O|  |TAMS 0x0000000081000000, 0x0000000080f00000| Untracked 
|  16|0x0000000081000000, 0x0000000081100000, 0x0000000081100000|100%| O|  |TAMS 0x0000000081100000, 0x0000000081000000| Untracked 
|  17|0x0000000081100000, 0x0000000081200000, 0x0000000081200000|100%| O|  |TAMS 0x0000000081200000, 0x0000000081100000| Untracked 
|  18|0x0000000081200000, 0x0000000081300000, 0x0000000081300000|100%| O|  |TAMS 0x0000000081300000, 0x0000000081200000| Untracked 
|  19|0x0000000081300000, 0x0000000081400000, 0x0000000081400000|100%| O|  |TAMS 0x0000000081400000, 0x0000000081300000| Untracked 
|  20|0x0000000081400000, 0x0000000081500000, 0x0000000081500000|100%| O|  |TAMS 0x0000000081500000, 0x0000000081400000| Untracked 
|  21|0x0000000081500000, 0x0000000081600000, 0x0000000081600000|100%| O|  |TAMS 0x0000000081600000, 0x0000000081500000| Untracked 
|  22|0x0000000081600000, 0x0000000081700000, 0x0000000081700000|100%| O|  |TAMS 0x0000000081700000, 0x0000000081600000| Updating 
|  23|0x0000000081700000, 0x0000000081800000, 0x0000000081800000|100%| O|  |TAMS 0x0000000081800000, 0x0000000081700000| Updating 
|  24|0x0000000081800000, 0x0000000081900000, 0x0000000081900000|100%|HS|  |TAMS 0x0000000081900000, 0x0000000081800000| Complete 
|  25|0x0000000081900000, 0x0000000081a00000, 0x0000000081a00000|100%| O|  |TAMS 0x0000000081a00000, 0x0000000081900000| Untracked 
|  26|0x0000000081a00000, 0x0000000081b00000, 0x0000000081b00000|100%| O|  |TAMS 0x0000000081b00000, 0x0000000081a00000| Untracked 
|  27|0x0000000081b00000, 0x0000000081c00000, 0x0000000081c00000|100%| O|  |TAMS 0x0000000081c00000, 0x0000000081b00000| Untracked 
|  28|0x0000000081c00000, 0x0000000081d00000, 0x0000000081d00000|100%| O|  |TAMS 0x0000000081d00000, 0x0000000081c00000| Untracked 
|  29|0x0000000081d00000, 0x0000000081e00000, 0x0000000081e00000|100%| O|  |TAMS 0x0000000081e00000, 0x0000000081d00000| Untracked 
|  30|0x0000000081e00000, 0x0000000081f00000, 0x0000000081f00000|100%| O|  |TAMS 0x0000000081f00000, 0x0000000081e00000| Untracked 
|  31|0x0000000081f00000, 0x0000000082000000, 0x0000000082000000|100%| O|  |TAMS 0x0000000082000000, 0x0000000081f00000| Untracked 
|  32|0x0000000082000000, 0x0000000082100000, 0x0000000082100000|100%| O|  |TAMS 0x0000000082100000, 0x0000000082000000| Untracked 
|  33|0x0000000082100000, 0x0000000082200000, 0x0000000082200000|100%|HS|  |TAMS 0x0000000082200000, 0x0000000082100000| Complete 
|  34|0x0000000082200000, 0x0000000082300000, 0x0000000082300000|100%|HS|  |TAMS 0x0000000082300000, 0x0000000082200000| Complete 
|  35|0x0000000082300000, 0x0000000082400000, 0x0000000082400000|100%| O|  |TAMS 0x0000000082400000, 0x0000000082300000| Untracked 
|  36|0x0000000082400000, 0x0000000082500000, 0x0000000082500000|100%| O|  |TAMS 0x0000000082500000, 0x0000000082400000| Untracked 
|  37|0x0000000082500000, 0x0000000082600000, 0x0000000082600000|100%| O|  |TAMS 0x0000000082600000, 0x0000000082500000| Untracked 
|  38|0x0000000082600000, 0x0000000082700000, 0x0000000082700000|100%| O|  |TAMS 0x0000000082700000, 0x0000000082600000| Untracked 
|  39|0x0000000082700000, 0x0000000082800000, 0x0000000082800000|100%| O|  |TAMS 0x0000000082800000, 0x0000000082700000| Untracked 
|  40|0x0000000082800000, 0x0000000082900000, 0x0000000082900000|100%| O|  |TAMS 0x0000000082900000, 0x0000000082800000| Untracked 
|  41|0x0000000082900000, 0x0000000082a00000, 0x0000000082a00000|100%| O|  |TAMS 0x0000000082a00000, 0x0000000082900000| Updating 
|  42|0x0000000082a00000, 0x0000000082b00000, 0x0000000082b00000|100%| O|  |TAMS 0x0000000082b00000, 0x0000000082a00000| Untracked 
|  43|0x0000000082b00000, 0x0000000082c00000, 0x0000000082c00000|100%| O|  |TAMS 0x0000000082c00000, 0x0000000082b00000| Untracked 
|  44|0x0000000082c00000, 0x0000000082d00000, 0x0000000082d00000|100%| O|  |TAMS 0x0000000082d00000, 0x0000000082c00000| Untracked 
|  45|0x0000000082d00000, 0x0000000082e00000, 0x0000000082e00000|100%|HS|  |TAMS 0x0000000082d00000, 0x0000000082d00000| Complete 
|  46|0x0000000082e00000, 0x0000000082f00000, 0x0000000082f00000|100%|HS|  |TAMS 0x0000000082e00000, 0x0000000082e00000| Complete 
|  47|0x0000000082f00000, 0x0000000083000000, 0x0000000083000000|100%|HS|  |TAMS 0x0000000082f00000, 0x0000000082f00000| Complete 
|  48|0x0000000083000000, 0x0000000083100000, 0x0000000083100000|100%|HS|  |TAMS 0x0000000083000000, 0x0000000083000000| Complete 
|  49|0x0000000083100000, 0x0000000083200000, 0x0000000083200000|100%|HS|  |TAMS 0x0000000083100000, 0x0000000083100000| Complete 
|  50|0x0000000083200000, 0x0000000083300000, 0x0000000083300000|100%|HS|  |TAMS 0x0000000083200000, 0x0000000083200000| Complete 
|  51|0x0000000083300000, 0x0000000083300000, 0x0000000083400000|  0%| F|  |TAMS 0x0000000083300000, 0x0000000083300000| Untracked 
|  52|0x0000000083400000, 0x0000000083400000, 0x0000000083500000|  0%| F|  |TAMS 0x0000000083400000, 0x0000000083400000| Untracked 
|  53|0x0000000083500000, 0x0000000083500000, 0x0000000083600000|  0%| F|  |TAMS 0x0000000083500000, 0x0000000083500000| Untracked 
|  54|0x0000000083600000, 0x0000000083600000, 0x0000000083700000|  0%| F|  |TAMS 0x0000000083600000, 0x0000000083600000| Untracked 
|  55|0x0000000083700000, 0x0000000083700000, 0x0000000083800000|  0%| F|  |TAMS 0x0000000083700000, 0x0000000083700000| Untracked 
|  56|0x0000000083800000, 0x0000000083800000, 0x0000000083900000|  0%| F|  |TAMS 0x0000000083800000, 0x0000000083800000| Untracked 
|  57|0x0000000083900000, 0x0000000083900000, 0x0000000083a00000|  0%| F|  |TAMS 0x0000000083900000, 0x0000000083900000| Untracked 
|  58|0x0000000083a00000, 0x0000000083a00000, 0x0000000083b00000|  0%| F|  |TAMS 0x0000000083a00000, 0x0000000083a00000| Untracked 
|  59|0x0000000083b00000, 0x0000000083b00000, 0x0000000083c00000|  0%| F|  |TAMS 0x0000000083b00000, 0x0000000083b00000| Untracked 
|  60|0x0000000083c00000, 0x0000000083c00000, 0x0000000083d00000|  0%| F|  |TAMS 0x0000000083c00000, 0x0000000083c00000| Untracked 
|  61|0x0000000083d00000, 0x0000000083d00000, 0x0000000083e00000|  0%| F|  |TAMS 0x0000000083d00000, 0x0000000083d00000| Untracked 
|  62|0x0000000083e00000, 0x0000000083e00000, 0x0000000083f00000|  0%| F|  |TAMS 0x0000000083e00000, 0x0000000083e00000| Untracked 
|  63|0x0000000083f00000, 0x0000000083f00000, 0x0000000084000000|  0%| F|  |TAMS 0x0000000083f00000, 0x0000000083f00000| Untracked 
|  64|0x0000000084000000, 0x0000000084000000, 0x0000000084100000|  0%| F|  |TAMS 0x0000000084000000, 0x0000000084000000| Untracked 
|  65|0x0000000084100000, 0x0000000084100000, 0x0000000084200000|  0%| F|  |TAMS 0x0000000084100000, 0x0000000084100000| Untracked 
|  66|0x0000000084200000, 0x0000000084200000, 0x0000000084300000|  0%| F|  |TAMS 0x0000000084200000, 0x0000000084200000| Untracked 
|  67|0x0000000084300000, 0x0000000084300000, 0x0000000084400000|  0%| F|  |TAMS 0x0000000084300000, 0x0000000084300000| Untracked 
|  68|0x0000000084400000, 0x0000000084400000, 0x0000000084500000|  0%| F|  |TAMS 0x0000000084400000, 0x0000000084400000| Untracked 
|  69|0x0000000084500000, 0x0000000084500000, 0x0000000084600000|  0%| F|  |TAMS 0x0000000084500000, 0x0000000084500000| Untracked 
|  70|0x0000000084600000, 0x0000000084600000, 0x0000000084700000|  0%| F|  |TAMS 0x0000000084600000, 0x0000000084600000| Untracked 
|  71|0x0000000084700000, 0x0000000084700000, 0x0000000084800000|  0%| F|  |TAMS 0x0000000084700000, 0x0000000084700000| Untracked 
|  72|0x0000000084800000, 0x0000000084800000, 0x0000000084900000|  0%| F|  |TAMS 0x0000000084800000, 0x0000000084800000| Untracked 
|  73|0x0000000084900000, 0x0000000084900000, 0x0000000084a00000|  0%| F|  |TAMS 0x0000000084900000, 0x0000000084900000| Untracked 
|  74|0x0000000084a00000, 0x0000000084a00000, 0x0000000084b00000|  0%| F|  |TAMS 0x0000000084a00000, 0x0000000084a00000| Untracked 
|  75|0x0000000084b00000, 0x0000000084b00000, 0x0000000084c00000|  0%| F|  |TAMS 0x0000000084b00000, 0x0000000084b00000| Untracked 
|  76|0x0000000084c00000, 0x0000000084c00000, 0x0000000084d00000|  0%| F|  |TAMS 0x0000000084c00000, 0x0000000084c00000| Untracked 
|  77|0x0000000084d00000, 0x0000000084d00000, 0x0000000084e00000|  0%| F|  |TAMS 0x0000000084d00000, 0x0000000084d00000| Untracked 
|  78|0x0000000084e00000, 0x0000000084e00000, 0x0000000084f00000|  0%| F|  |TAMS 0x0000000084e00000, 0x0000000084e00000| Untracked 
|  79|0x0000000084f00000, 0x0000000084f00000, 0x0000000085000000|  0%| F|  |TAMS 0x0000000084f00000, 0x0000000084f00000| Untracked 
|  80|0x0000000085000000, 0x0000000085000000, 0x0000000085100000|  0%| F|  |TAMS 0x0000000085000000, 0x0000000085000000| Untracked 
|  81|0x0000000085100000, 0x0000000085100000, 0x0000000085200000|  0%| F|  |TAMS 0x0000000085100000, 0x0000000085100000| Untracked 
|  82|0x0000000085200000, 0x0000000085280800, 0x0000000085300000| 50%| E|  |TAMS 0x0000000085200000, 0x0000000085200000| Complete 
|  83|0x0000000085300000, 0x0000000085400000, 0x0000000085400000|100%| E|CS|TAMS 0x0000000085300000, 0x0000000085300000| Complete 
|  84|0x0000000085400000, 0x0000000085500000, 0x0000000085500000|100%| E|CS|TAMS 0x0000000085400000, 0x0000000085400000| Complete 
|  85|0x0000000085500000, 0x0000000085600000, 0x0000000085600000|100%| E|CS|TAMS 0x0000000085500000, 0x0000000085500000| Complete 
|  86|0x0000000085600000, 0x0000000085700000, 0x0000000085700000|100%| E|CS|TAMS 0x0000000085600000, 0x0000000085600000| Complete 
|  87|0x0000000085700000, 0x0000000085773ed8, 0x0000000085800000| 45%| S|CS|TAMS 0x0000000085700000, 0x0000000085700000| Complete 
|  88|0x0000000085800000, 0x0000000085900000, 0x0000000085900000|100%| S|CS|TAMS 0x0000000085800000, 0x0000000085800000| Complete 
|  89|0x0000000085900000, 0x0000000085a00000, 0x0000000085a00000|100%| S|CS|TAMS 0x0000000085900000, 0x0000000085900000| Complete 
|  90|0x0000000085a00000, 0x0000000085b00000, 0x0000000085b00000|100%| S|CS|TAMS 0x0000000085a00000, 0x0000000085a00000| Complete 
|  91|0x0000000085b00000, 0x0000000085c00000, 0x0000000085c00000|100%| E|CS|TAMS 0x0000000085b00000, 0x0000000085b00000| Complete 
|  92|0x0000000085c00000, 0x0000000085d00000, 0x0000000085d00000|100%| E|CS|TAMS 0x0000000085c00000, 0x0000000085c00000| Complete 
|  93|0x0000000085d00000, 0x0000000085e00000, 0x0000000085e00000|100%| E|CS|TAMS 0x0000000085d00000, 0x0000000085d00000| Complete 
|  94|0x0000000085e00000, 0x0000000085f00000, 0x0000000085f00000|100%| E|CS|TAMS 0x0000000085e00000, 0x0000000085e00000| Complete 
|  95|0x0000000085f00000, 0x0000000086000000, 0x0000000086000000|100%| E|CS|TAMS 0x0000000085f00000, 0x0000000085f00000| Complete 
|  96|0x0000000086000000, 0x0000000086100000, 0x0000000086100000|100%| E|CS|TAMS 0x0000000086000000, 0x0000000086000000| Complete 
| 123|0x0000000087b00000, 0x0000000087c00000, 0x0000000087c00000|100%| E|CS|TAMS 0x0000000087b00000, 0x0000000087b00000| Complete 

Card table byte_map: [0x00000271fb3f0000,0x00000271fb7f0000] _byte_map_base: 0x00000271faff0000

Marking Bits (Prev, Next): (CMBitMap*) 0x00000271e6d64600, (CMBitMap*) 0x00000271e6d64640
 Prev Bits: [0x00000271fbbf0000, 0x00000271fdbf0000)
 Next Bits: [0x00000271fdbf0000, 0x00000271ffbf0000)

Polling page: 0x00000271e6de0000

Metaspace:

Usage:
  Non-class:     53.21 MB used.
      Class:      8.10 MB used.
       Both:     61.30 MB used.

Virtual space:
  Non-class space:       56.00 MB reserved,      53.50 MB ( 96%) committed,  7 nodes.
      Class space:        1.00 GB reserved,       8.31 MB ( <1%) committed,  1 nodes.
             Both:        1.05 GB reserved,      61.81 MB (  6%) committed. 

Chunk freelists:
   Non-Class:  2.55 MB
       Class:  3.59 MB
        Both:  6.14 MB

MaxMetaspaceSize: unlimited
CompressedClassSpaceSize: 1.00 GB
Initial GC threshold: 21.00 MB
Current GC threshold: 92.19 MB
CDS: off
MetaspaceReclaimPolicy: balanced
 - commit_granule_bytes: 65536.
 - commit_granule_words: 8192.
 - virtual_space_node_default_size: 1048576.
 - enlarge_chunks_in_place: 1.
 - new_chunks_are_fully_committed: 0.
 - uncommit_free_chunks: 1.
 - use_allocation_guard: 0.
 - handle_deallocations: 1.


Internal statistics:

num_allocs_failed_limit: 6.
num_arena_births: 598.
num_arena_deaths: 0.
num_vsnodes_births: 8.
num_vsnodes_deaths: 0.
num_space_committed: 989.
num_space_uncommitted: 0.
num_chunks_returned_to_freelist: 6.
num_chunks_taken_from_freelist: 2607.
num_chunk_merges: 6.
num_chunk_splits: 1736.
num_chunks_enlarged: 1179.
num_purges: 0.
num_inconsistent_stats: 0.

CodeHeap 'non-profiled nmethods': size=120000Kb used=2773Kb max_used=3449Kb free=117226Kb
 bounds [0x00000271f3480000, 0x00000271f37f0000, 0x00000271fa9b0000]
CodeHeap 'profiled nmethods': size=120000Kb used=10307Kb max_used=12292Kb free=109692Kb
 bounds [0x00000271eb9b0000, 0x00000271ec5c0000, 0x00000271f2ee0000]
CodeHeap 'non-nmethods': size=5760Kb used=2350Kb max_used=2425Kb free=3409Kb
 bounds [0x00000271f2ee0000, 0x00000271f3160000, 0x00000271f3480000]
 total_blobs=6253 nmethods=5386 adapters=778
 compilation: enabled
              stopped_count=0, restarted_count=0
 full_count=0

Compilation events (20 events):
Event: 10.394 Thread 0x0000027182d165a0 6240       3       java.math.MutableBigInteger::add (346 bytes)
Event: 10.394 Thread 0x0000027182d165a0 nmethod 6240 0x00000271eb9eac10 code [0x00000271eb9eae20, 0x00000271eb9eb848]
Event: 10.398 Thread 0x0000027182d165a0 6242       3       java.math.BigInteger::multiplyToLen (20 bytes)
Event: 10.398 Thread 0x0000027182d165a0 nmethod 6242 0x00000271ebb13190 code [0x00000271ebb133c0, 0x00000271ebb13b08]
Event: 10.399 Thread 0x0000027182d165a0 6243       3       java.math.BigInteger::montgomeryMultiply (54 bytes)
Event: 10.399 Thread 0x0000027182d165a0 nmethod 6243 0x00000271ebf95990 code [0x00000271ebf95b80, 0x00000271ebf95f98]
Event: 10.401 Thread 0x0000027182d165a0 6244       3       sun.security.util.ObjectIdentifier::hashCode (8 bytes)
Event: 10.401 Thread 0x0000027182d165a0 nmethod 6244 0x00000271ebb91290 code [0x00000271ebb91420, 0x00000271ebb91568]
Event: 10.407 Thread 0x0000027182d165a0 6245       3       sun.security.util.ObjectIdentifier::equals (33 bytes)
Event: 10.407 Thread 0x0000027182d165a0 nmethod 6245 0x00000271ebf9b610 code [0x00000271ebf9b7e0, 0x00000271ebf9bbc8]
Event: 10.414 Thread 0x0000027182d165a0 6249  s    2       java.io.ByteArrayInputStream::read (36 bytes)
Event: 10.414 Thread 0x0000027182d165a0 nmethod 6249 0x00000271ebe36f90 code [0x00000271ebe37120, 0x00000271ebe37338]
Event: 10.415 Thread 0x0000027182d165a0 6250       1       sun.security.x509.X509AttributeName::getSuffix (5 bytes)
Event: 10.415 Thread 0x0000027182d165a0 nmethod 6250 0x00000271f3572990 code [0x00000271f3572b20, 0x00000271f3572bf8]
Event: 10.415 Thread 0x0000027182d165a0 6251       1       sun.security.x509.X509AttributeName::getPrefix (5 bytes)
Event: 10.415 Thread 0x0000027182d165a0 nmethod 6251 0x00000271f35f5290 code [0x00000271f35f5420, 0x00000271f35f54f8]
Event: 10.417 Thread 0x0000027182d165a0 6252       2       sun.security.util.DerValue::subs (75 bytes)
Event: 10.417 Thread 0x0000027182d165a0 nmethod 6252 0x00000271ebc55190 code [0x00000271ebc553a0, 0x00000271ebc55918]
Event: 10.418 Thread 0x0000027182d165a0 6253       2       jdk.internal.reflect.AccessorGenerator::add (5 bytes)
Event: 10.418 Thread 0x0000027182d165a0 nmethod 6253 0x00000271ebbc1b10 code [0x00000271ebbc1ca0, 0x00000271ebbc1d98]

GC Heap History (20 events):
Event: 4.453 GC heap before
{Heap before GC invocations=6 (full 0):
 garbage-first heap   total 68608K, used 47203K [0x0000000080000000, 0x0000000100000000)
  region size 1024K, 29 young (29696K), 3 survivors (3072K)
 Metaspace       used 30592K, committed 30912K, reserved 1081344K
  class space    used 4163K, committed 4288K, reserved 1048576K
}
Event: 4.458 GC heap after
{Heap after GC invocations=7 (full 0):
 garbage-first heap   total 82944K, used 21818K [0x0000000080000000, 0x0000000100000000)
  region size 1024K, 4 young (4096K), 4 survivors (4096K)
 Metaspace       used 30592K, committed 30912K, reserved 1081344K
  class space    used 4163K, committed 4288K, reserved 1048576K
}
Event: 5.139 GC heap before
{Heap before GC invocations=7 (full 0):
 garbage-first heap   total 82944K, used 49466K [0x0000000080000000, 0x0000000100000000)
  region size 1024K, 32 young (32768K), 4 survivors (4096K)
 Metaspace       used 35626K, committed 35968K, reserved 1081344K
  class space    used 4879K, committed 5056K, reserved 1048576K
}
Event: 5.148 GC heap after
{Heap after GC invocations=8 (full 0):
 garbage-first heap   total 82944K, used 24148K [0x0000000080000000, 0x0000000100000000)
  region size 1024K, 4 young (4096K), 4 survivors (4096K)
 Metaspace       used 35626K, committed 35968K, reserved 1081344K
  class space    used 4879K, committed 5056K, reserved 1048576K
}
Event: 5.878 GC heap before
{Heap before GC invocations=9 (full 0):
 garbage-first heap   total 82944K, used 59988K [0x0000000080000000, 0x0000000100000000)
  region size 1024K, 40 young (40960K), 4 survivors (4096K)
 Metaspace       used 40841K, committed 41152K, reserved 1089536K
  class space    used 5419K, committed 5568K, reserved 1048576K
}
Event: 5.892 GC heap after
{Heap after GC invocations=10 (full 0):
 garbage-first heap   total 82944K, used 28533K [0x0000000080000000, 0x0000000100000000)
  region size 1024K, 5 young (5120K), 5 survivors (5120K)
 Metaspace       used 40841K, committed 41152K, reserved 1089536K
  class space    used 5419K, committed 5568K, reserved 1048576K
}
Event: 6.700 GC heap before
{Heap before GC invocations=10 (full 0):
 garbage-first heap   total 82944K, used 64373K [0x0000000080000000, 0x0000000100000000)
  region size 1024K, 37 young (37888K), 5 survivors (5120K)
 Metaspace       used 44446K, committed 44864K, reserved 1089536K
  class space    used 5867K, committed 6080K, reserved 1048576K
}
Event: 6.714 GC heap after
{Heap after GC invocations=11 (full 0):
 garbage-first heap   total 82944K, used 32302K [0x0000000080000000, 0x0000000100000000)
  region size 1024K, 4 young (4096K), 4 survivors (4096K)
 Metaspace       used 44446K, committed 44864K, reserved 1089536K
  class space    used 5867K, committed 6080K, reserved 1048576K
}
Event: 7.477 GC heap before
{Heap before GC invocations=11 (full 0):
 garbage-first heap   total 82944K, used 61998K [0x0000000080000000, 0x0000000100000000)
  region size 1024K, 33 young (33792K), 4 survivors (4096K)
 Metaspace       used 48861K, committed 49280K, reserved 1097728K
  class space    used 6459K, committed 6656K, reserved 1048576K
}
Event: 7.486 GC heap after
{Heap after GC invocations=12 (full 0):
 garbage-first heap   total 82944K, used 33487K [0x0000000080000000, 0x0000000100000000)
  region size 1024K, 2 young (2048K), 2 survivors (2048K)
 Metaspace       used 48861K, committed 49280K, reserved 1097728K
  class space    used 6459K, committed 6656K, reserved 1048576K
}
Event: 8.221 GC heap before
{Heap before GC invocations=12 (full 0):
 garbage-first heap   total 82944K, used 62159K [0x0000000080000000, 0x0000000100000000)
  region size 1024K, 31 young (31744K), 2 survivors (2048K)
 Metaspace       used 51368K, committed 51776K, reserved 1097728K
  class space    used 6787K, committed 6976K, reserved 1048576K
}
Event: 8.228 GC heap after
{Heap after GC invocations=13 (full 0):
 garbage-first heap   total 82944K, used 35516K [0x0000000080000000, 0x0000000100000000)
  region size 1024K, 4 young (4096K), 4 survivors (4096K)
 Metaspace       used 51368K, committed 51776K, reserved 1097728K
  class space    used 6787K, committed 6976K, reserved 1048576K
}
Event: 8.831 GC heap before
{Heap before GC invocations=13 (full 0):
 garbage-first heap   total 82944K, used 67260K [0x0000000080000000, 0x0000000100000000)
  region size 1024K, 32 young (32768K), 4 survivors (4096K)
 Metaspace       used 53125K, committed 53568K, reserved 1097728K
  class space    used 7010K, committed 7232K, reserved 1048576K
}
Event: 8.840 GC heap after
{Heap after GC invocations=14 (full 0):
 garbage-first heap   total 82944K, used 45440K [0x0000000080000000, 0x0000000100000000)
  region size 1024K, 4 young (4096K), 4 survivors (4096K)
 Metaspace       used 53125K, committed 53568K, reserved 1097728K
  class space    used 7010K, committed 7232K, reserved 1048576K
}
Event: 9.271 GC heap before
{Heap before GC invocations=14 (full 0):
 garbage-first heap   total 82944K, used 62848K [0x0000000080000000, 0x0000000100000000)
  region size 1024K, 22 young (22528K), 4 survivors (4096K)
 Metaspace       used 55631K, committed 56064K, reserved 1097728K
  class space    used 7372K, committed 7552K, reserved 1048576K
}
Event: 9.276 GC heap after
{Heap after GC invocations=15 (full 0):
 garbage-first heap   total 100352K, used 46420K [0x0000000080000000, 0x0000000100000000)
  region size 1024K, 1 young (1024K), 1 survivors (1024K)
 Metaspace       used 55631K, committed 56064K, reserved 1097728K
  class space    used 7372K, committed 7552K, reserved 1048576K
}
Event: 10.112 GC heap before
{Heap before GC invocations=16 (full 0):
 garbage-first heap   total 100352K, used 78164K [0x0000000080000000, 0x0000000100000000)
  region size 1024K, 32 young (32768K), 1 survivors (1024K)
 Metaspace       used 61072K, committed 61568K, reserved 1105920K
  class space    used 8091K, committed 8320K, reserved 1048576K
}
Event: 10.120 GC heap after
{Heap after GC invocations=17 (full 0):
 garbage-first heap   total 100352K, used 47621K [0x0000000080000000, 0x0000000100000000)
  region size 1024K, 3 young (3072K), 3 survivors (3072K)
 Metaspace       used 61072K, committed 61568K, reserved 1105920K
  class space    used 8091K, committed 8320K, reserved 1048576K
}
Event: 10.325 GC heap before
{Heap before GC invocations=17 (full 0):
 garbage-first heap   total 100352K, used 53765K [0x0000000080000000, 0x0000000100000000)
  region size 1024K, 10 young (10240K), 3 survivors (3072K)
 Metaspace       used 62761K, committed 63296K, reserved 1105920K
  class space    used 8289K, committed 8512K, reserved 1048576K
}
Event: 10.331 GC heap after
{Heap after GC invocations=18 (full 0):
 garbage-first heap   total 100352K, used 49005K [0x0000000080000000, 0x0000000100000000)
  region size 1024K, 4 young (4096K), 4 survivors (4096K)
 Metaspace       used 62761K, committed 63296K, reserved 1105920K
  class space    used 8289K, committed 8512K, reserved 1048576K
}

Dll operation events (2 events):
Event: 0.016 Loaded shared library D:\Android Studio\jbr\bin\java.dll
Event: 0.620 Loaded shared library D:\Android Studio\jbr\bin\verify.dll

Deoptimization events (20 events):
Event: 10.391 Thread 0x000002718474d750 DEOPT PACKING pc=0x00000271ec1bcc02 sp=0x000000bbc2cf28f0
Event: 10.391 Thread 0x000002718474d750 DEOPT UNPACKING pc=0x00000271f2f37143 sp=0x000000bbc2cf1d68 mode 0
Event: 10.395 Thread 0x000002718474d750 DEOPT PACKING pc=0x00000271eba6b538 sp=0x000000bbc2cf25c0
Event: 10.395 Thread 0x000002718474d750 DEOPT UNPACKING pc=0x00000271f2f37143 sp=0x000000bbc2cf1a40 mode 0
Event: 10.396 Thread 0x000002718474d750 DEOPT PACKING pc=0x00000271eba6b538 sp=0x000000bbc2cf25c0
Event: 10.396 Thread 0x000002718474d750 DEOPT UNPACKING pc=0x00000271f2f37143 sp=0x000000bbc2cf1a40 mode 0
Event: 10.396 Thread 0x000002718474d750 DEOPT PACKING pc=0x00000271eba6b538 sp=0x000000bbc2cf25c0
Event: 10.396 Thread 0x000002718474d750 DEOPT UNPACKING pc=0x00000271f2f37143 sp=0x000000bbc2cf1a40 mode 0
Event: 10.397 Thread 0x000002718474d750 DEOPT PACKING pc=0x00000271eba6b538 sp=0x000000bbc2cf25c0
Event: 10.397 Thread 0x000002718474d750 DEOPT UNPACKING pc=0x00000271f2f37143 sp=0x000000bbc2cf1a40 mode 0
Event: 10.397 Thread 0x000002718474d750 DEOPT PACKING pc=0x00000271eba6b538 sp=0x000000bbc2cf25c0
Event: 10.397 Thread 0x000002718474d750 DEOPT UNPACKING pc=0x00000271f2f37143 sp=0x000000bbc2cf1a40 mode 0
Event: 10.398 Thread 0x000002718474d750 DEOPT PACKING pc=0x00000271eba6b538 sp=0x000000bbc2cf2570
Event: 10.398 Thread 0x000002718474d750 DEOPT UNPACKING pc=0x00000271f2f37143 sp=0x000000bbc2cf19c8 mode 0
Event: 10.400 Thread 0x000002718474d750 DEOPT PACKING pc=0x00000271eba6b538 sp=0x000000bbc2cf2510
Event: 10.400 Thread 0x000002718474d750 DEOPT UNPACKING pc=0x00000271f2f37143 sp=0x000000bbc2cf1968 mode 0
Event: 10.400 Thread 0x000002718474d750 DEOPT PACKING pc=0x00000271eba6b538 sp=0x000000bbc2cf2510
Event: 10.400 Thread 0x000002718474d750 DEOPT UNPACKING pc=0x00000271f2f37143 sp=0x000000bbc2cf1968 mode 0
Event: 10.401 Thread 0x000002718474d750 DEOPT PACKING pc=0x00000271eba6b538 sp=0x000000bbc2cf27c0
Event: 10.401 Thread 0x000002718474d750 DEOPT UNPACKING pc=0x00000271f2f37143 sp=0x000000bbc2cf1c18 mode 0

Classes unloaded (0 events):
No events

Classes redefined (0 events):
No events

Internal exceptions (20 events):
Event: 8.472 Thread 0x000002718474d750 Exception <a 'java/lang/NoSuchMethodError'{0x00000000846a80b8}: 'long java.lang.invoke.DirectMethodHandle$Holder.invokeVirtual(java.lang.Object, java.lang.Object)'> (0x00000000846a80b8) 
thrown [s\src\hotspot\share\interpreter\linkResolver.cpp, line 771]
Event: 8.478 Thread 0x000002718474ea90 Exception <a 'java/lang/NoSuchMethodError'{0x00000000846cf7a8}: static Lorg/gradle/internal/build/event/types/DefaultOperationFinishedProgressEvent;.<clinit>()V> (0x00000000846cf7a8) 
thrown [s\src\hotspot\share\prims\jni.cpp, line 1108]
Event: 8.482 Thread 0x000002718474ea90 Exception <a 'java/lang/NoSuchMethodError'{0x00000000845220a8}: static Lorg/gradle/internal/build/event/types/DefaultProjectConfigurationSuccessResult;.<clinit>()V> (0x00000000845220a8) 
thrown [s\src\hotspot\share\prims\jni.cpp, line 1108]
Event: 8.482 Thread 0x000002718474ea90 Exception <a 'java/lang/NoSuchMethodError'{0x00000000845233c0}: static Lorg/gradle/internal/build/event/types/AbstractProjectConfigurationResult;.<clinit>()V> (0x00000000845233c0) 
thrown [s\src\hotspot\share\prims\jni.cpp, line 1108]
Event: 8.483 Thread 0x000002718474ea90 Exception <a 'java/lang/NoSuchMethodError'{0x00000000845248b0}: static Lorg/gradle/internal/build/event/types/AbstractOperationResult;.<clinit>()V> (0x00000000845248b0) 
thrown [s\src\hotspot\share\prims\jni.cpp, line 1108]
Event: 8.483 Thread 0x000002718474ea90 Exception <a 'java/lang/NoSuchMethodError'{0x0000000084525b00}: static Lorg/gradle/internal/build/event/types/AbstractResult;.<clinit>()V> (0x0000000084525b00) 
thrown [s\src\hotspot\share\prims\jni.cpp, line 1108]
Event: 8.485 Thread 0x000002718474ea90 Exception <a 'java/lang/NoSuchMethodError'{0x000000008453ad08}: static Lorg/gradle/internal/build/event/types/DefaultPluginApplicationResult;.<clinit>()V> (0x000000008453ad08) 
thrown [s\src\hotspot\share\prims\jni.cpp, line 1108]
Event: 8.487 Thread 0x000002718474ea90 Exception <a 'java/lang/NoSuchMethodError'{0x0000000084545e88}: static Lorg/gradle/internal/build/event/types/DefaultBinaryPluginIdentifier;.<clinit>()V> (0x0000000084545e88) 
thrown [s\src\hotspot\share\prims\jni.cpp, line 1108]
Event: 8.492 Thread 0x000002718474ea90 Exception <a 'java/lang/NoSuchMethodError'{0x000000008455afd8}: static Lorg/gradle/internal/build/event/types/DefaultScriptPluginIdentifier;.<clinit>()V> (0x000000008455afd8) 
thrown [s\src\hotspot\share\prims\jni.cpp, line 1108]
Event: 8.502 Thread 0x000002718474d750 Exception <a 'java/lang/ClassNotFoundException'{0x00000000845c6f08}: build_8pk453ghdruquvovd13ezjdd8BeanInfo> (0x00000000845c6f08) 
thrown [s\src\hotspot\share\classfile\systemDictionary.cpp, line 256]
Event: 8.503 Thread 0x000002718474d750 Exception <a 'java/lang/ClassNotFoundException'{0x00000000845cd788}: build_8pk453ghdruquvovd13ezjdd8Customizer> (0x00000000845cd788) 
thrown [s\src\hotspot\share\classfile\systemDictionary.cpp, line 256]
Event: 8.661 Thread 0x000002718474d750 Exception <a 'java/lang/ClassNotFoundException'{0x0000000083d6f208}: org/gradle/api/internal/plugins/DefaultObjectConfigurationActionBeanInfo> (0x0000000083d6f208) 
thrown [s\src\hotspot\share\classfile\systemDictionary.cpp, line 256]
Event: 8.662 Thread 0x000002718474d750 Exception <a 'java/lang/ClassNotFoundException'{0x0000000083d81978}: org/gradle/api/internal/plugins/DefaultObjectConfigurationActionCustomizer> (0x0000000083d81978) 
thrown [s\src\hotspot\share\classfile\systemDictionary.cpp, line 256]
Event: 8.879 Thread 0x000002718474d750 Exception <a 'java/lang/NoSuchMethodError'{0x0000000084f6a688}: 'java.lang.Object java.lang.invoke.DirectMethodHandle$Holder.newInvokeSpecial(java.lang.Object, java.lang.Object, java.lang.Object, java.lang.Object, int)'> (0x0000000084f6a688) 
thrown [s\src\hotspot\share\interpreter\linkResolver.cpp, line 771]
Event: 8.879 Thread 0x000002718474d750 Exception <a 'java/lang/NoSuchMethodError'{0x0000000084f6f828}: 'java.lang.Object java.lang.invoke.DirectMethodHandle$Holder.invokeSpecial(java.lang.Object, java.lang.Object, java.lang.Object, java.lang.Object, java.lang.Object, int)'> (0x0000000084f6f828) 
thrown [s\src\hotspot\share\interpreter\linkResolver.cpp, line 771]
Event: 8.879 Thread 0x000002718474d750 Exception <a 'java/lang/NoSuchMethodError'{0x0000000084f74300}: 'java.lang.Object java.lang.invoke.Invokers$Holder.linkToTargetMethod(java.lang.Object, java.lang.Object, java.lang.Object, int, java.lang.Object)'> (0x0000000084f74300) 
thrown [s\src\hotspot\share\interpreter\linkResolver.cpp, line 771]
Event: 9.212 Thread 0x000002718474d750 Exception <a 'java/lang/NoSuchMethodError'{0x000000008416dfb8}: 'int java.lang.invoke.DirectMethodHandle$Holder.invokeInterface(java.lang.Object, java.lang.Object, java.lang.Object, java.lang.Object)'> (0x000000008416dfb8) 
thrown [s\src\hotspot\share\interpreter\linkResolver.cpp, line 771]
Event: 9.931 Thread 0x000002718474d750 Exception <a 'java/lang/IncompatibleClassChangeError'{0x00000000849bb6c8}: Found class java.lang.Object, but interface was expected> (0x00000000849bb6c8) 
thrown [s\src\hotspot\share\interpreter\linkResolver.cpp, line 838]
Event: 10.005 Thread 0x000002718474d750 Implicit null exception at 0x00000271f376ea60 to 0x00000271f376ec08
Event: 10.225 Thread 0x000002718474d750 Implicit null exception at 0x00000271f363900c to 0x00000271f3639146

VM Operations (20 events):
Event: 9.276 Executing VM operation: G1CollectForAllocation done
Event: 9.368 Executing VM operation: G1Concurrent
Event: 9.375 Executing VM operation: G1Concurrent done
Event: 9.415 Executing VM operation: G1Concurrent
Event: 9.419 Executing VM operation: G1Concurrent done
Event: 9.975 Executing VM operation: HandshakeAllThreads
Event: 9.975 Executing VM operation: HandshakeAllThreads done
Event: 10.005 Executing VM operation: HandshakeAllThreads
Event: 10.005 Executing VM operation: HandshakeAllThreads done
Event: 10.111 Executing VM operation: G1CollectForAllocation
Event: 10.121 Executing VM operation: G1CollectForAllocation done
Event: 10.122 Executing VM operation: HandshakeAllThreads
Event: 10.122 Executing VM operation: HandshakeAllThreads done
Event: 10.183 Executing VM operation: HandshakeAllThreads
Event: 10.184 Executing VM operation: HandshakeAllThreads done
Event: 10.235 Executing VM operation: HandshakeAllThreads
Event: 10.235 Executing VM operation: HandshakeAllThreads done
Event: 10.325 Executing VM operation: G1TryInitiateConcMark
Event: 10.331 Executing VM operation: G1TryInitiateConcMark done
Event: 10.422 Executing VM operation: G1Concurrent

Events (20 events):
Event: 10.270 loading class java/security/cert/CertPathValidatorException$BasicReason
Event: 10.270 loading class java/security/cert/CertPathValidatorException$Reason
Event: 10.270 loading class java/security/cert/CertPathValidatorException$Reason done
Event: 10.270 loading class java/security/cert/CertPathValidatorException$BasicReason done
Event: 10.270 loading class java/security/SignatureException
Event: 10.270 loading class java/security/SignatureException done
Event: 10.275 loading class sun/security/rsa/RSASignature$SHA256withRSA
Event: 10.275 loading class sun/security/rsa/RSASignature$SHA256withRSA done
Event: 10.277 loading class sun/security/provider/DSA$SHA256withDSA
Event: 10.278 loading class sun/security/provider/DSA$SHA256withDSA done
Event: 10.315 loading class java/util/Base64
Event: 10.315 loading class java/util/Base64 done
Event: 10.315 loading class java/util/Base64$Decoder
Event: 10.316 loading class java/util/Base64$Decoder done
Event: 10.316 loading class java/util/Base64$Encoder
Event: 10.316 loading class java/util/Base64$Encoder done
Event: 10.317 loading class java/util/jar/JarVerifier$VerifierStream
Event: 10.317 loading class java/util/jar/JarVerifier$VerifierStream done
Event: 10.317 loading class sun/security/util/ManifestEntryVerifier$SunProviderHolder
Event: 10.317 loading class sun/security/util/ManifestEntryVerifier$SunProviderHolder done


Dynamic libraries:
0x00007ff60bae0000 - 0x00007ff60baea000 	D:\Android Studio\jbr\bin\java.exe
0x00007ff924450000 - 0x00007ff924648000 	C:\Windows\SYSTEM32\ntdll.dll
0x00007ff922a50000 - 0x00007ff922b0f000 	C:\Windows\System32\KERNEL32.DLL
0x00007ff921dc0000 - 0x00007ff9220b6000 	C:\Windows\System32\KERNELBASE.dll
0x00007ff921bd0000 - 0x00007ff921cd0000 	C:\Windows\System32\ucrtbase.dll
0x00007ff90d0b0000 - 0x00007ff90d0c7000 	D:\Android Studio\jbr\bin\jli.dll
0x00007ff924150000 - 0x00007ff9242ed000 	C:\Windows\System32\USER32.dll
0x00007ff9220c0000 - 0x00007ff9220e2000 	C:\Windows\System32\win32u.dll
0x00007ff923610000 - 0x00007ff92363c000 	C:\Windows\System32\GDI32.dll
0x00007ff922300000 - 0x00007ff922415000 	C:\Windows\System32\gdi32full.dll
0x00007ff921b30000 - 0x00007ff921bcd000 	C:\Windows\System32\msvcp_win.dll
0x00007ff91f230000 - 0x00007ff91f24b000 	D:\Android Studio\jbr\bin\VCRUNTIME140.dll
0x00007ff91bae0000 - 0x00007ff91bd7a000 	C:\Windows\WinSxS\amd64_microsoft.windows.common-controls_6595b64144ccf1df_6.0.19041.1110_none_60b5254171f9507e\COMCTL32.dll
0x00007ff923af0000 - 0x00007ff923b8e000 	C:\Windows\System32\msvcrt.dll
0x00007ff923960000 - 0x00007ff923990000 	C:\Windows\System32\IMM32.DLL
0x00007ff91f2b0000 - 0x00007ff91f2bc000 	D:\Android Studio\jbr\bin\vcruntime140_1.dll
0x00007ff8f8a60000 - 0x00007ff8f8aed000 	D:\Android Studio\jbr\bin\msvcp140.dll
0x00007ff8c7df0000 - 0x00007ff8c8a5e000 	D:\Android Studio\jbr\bin\server\jvm.dll
0x00007ff923640000 - 0x00007ff9236ef000 	C:\Windows\System32\ADVAPI32.dll
0x00007ff923260000 - 0x00007ff9232fc000 	C:\Windows\System32\sechost.dll
0x00007ff9236f0000 - 0x00007ff923816000 	C:\Windows\System32\RPCRT4.dll
0x00007ff90e380000 - 0x00007ff90e389000 	C:\Windows\SYSTEM32\WSOCK32.dll
0x00007ff923820000 - 0x00007ff92388b000 	C:\Windows\System32\WS2_32.dll
0x00007ff90fe00000 - 0x00007ff90fe27000 	C:\Windows\SYSTEM32\WINMM.dll
0x00007ff91d250000 - 0x00007ff91d25a000 	C:\Windows\SYSTEM32\VERSION.dll
0x00007ff91f9d0000 - 0x00007ff91f9e2000 	C:\Windows\SYSTEM32\kernel.appcore.dll
0x00007ff91d5f0000 - 0x00007ff91d5fa000 	D:\Android Studio\jbr\bin\jimage.dll
0x00007ff912c70000 - 0x00007ff912e54000 	C:\Windows\SYSTEM32\DBGHELP.DLL
0x00007ff907770000 - 0x00007ff9077a4000 	C:\Windows\SYSTEM32\dbgcore.DLL
0x00007ff922420000 - 0x00007ff9224a2000 	C:\Windows\System32\bcryptPrimitives.dll
0x00007ff91b5e0000 - 0x00007ff91b605000 	D:\Android Studio\jbr\bin\java.dll
0x00007ff91cf30000 - 0x00007ff91cf48000 	D:\Android Studio\jbr\bin\zip.dll
0x00007ff922b10000 - 0x00007ff923254000 	C:\Windows\System32\SHELL32.dll
0x00007ff91fbd0000 - 0x00007ff920363000 	C:\Windows\SYSTEM32\windows.storage.dll
0x00007ff9226f0000 - 0x00007ff922a44000 	C:\Windows\System32\combase.dll
0x00007ff921500000 - 0x00007ff92152e000 	C:\Windows\SYSTEM32\Wldp.dll
0x00007ff923a20000 - 0x00007ff923acd000 	C:\Windows\System32\SHCORE.dll
0x00007ff922560000 - 0x00007ff9225b5000 	C:\Windows\System32\shlwapi.dll
0x00007ff921a60000 - 0x00007ff921a85000 	C:\Windows\SYSTEM32\profapi.dll
0x00007ff91a870000 - 0x00007ff91a889000 	D:\Android Studio\jbr\bin\net.dll
0x00007ff912b60000 - 0x00007ff912c6a000 	C:\Windows\SYSTEM32\WINHTTP.dll
0x00007ff921200000 - 0x00007ff92126a000 	C:\Windows\system32\mswsock.dll
0x00007ff90ef60000 - 0x00007ff90ef76000 	D:\Android Studio\jbr\bin\nio.dll
0x00007ff911320000 - 0x00007ff911330000 	D:\Android Studio\jbr\bin\verify.dll
0x00007ff90f2f0000 - 0x00007ff90f317000 	C:\Users\User\.gradle\native\68d5fa5c4cc2d200863cafc0d521ce42e7d3e7ee720ec0a83991735586a16f82\windows-amd64\native-platform.dll
0x00007ff8f8910000 - 0x00007ff8f8a54000 	C:\Users\User\.gradle\native\e376f236ea51e6404a007f0833ffe2c6e607c4080706a723a18a27aeea778392\windows-amd64\native-platform-file-events.dll
0x00007ff9107b0000 - 0x00007ff9107b9000 	D:\Android Studio\jbr\bin\management.dll
0x00007ff910610000 - 0x00007ff91061b000 	D:\Android Studio\jbr\bin\management_ext.dll
0x00007ff923990000 - 0x00007ff923998000 	C:\Windows\System32\PSAPI.DLL
0x00007ff921450000 - 0x00007ff921468000 	C:\Windows\SYSTEM32\CRYPTSP.dll
0x00007ff920b10000 - 0x00007ff920b44000 	C:\Windows\system32\rsaenh.dll
0x00007ff921cd0000 - 0x00007ff921cf7000 	C:\Windows\System32\bcrypt.dll
0x00007ff9219e0000 - 0x00007ff921a0e000 	C:\Windows\SYSTEM32\USERENV.dll
0x00007ff921470000 - 0x00007ff92147c000 	C:\Windows\SYSTEM32\CRYPTBASE.dll
0x00007ff920ef0000 - 0x00007ff920f2b000 	C:\Windows\SYSTEM32\IPHLPAPI.DLL
0x00007ff923b90000 - 0x00007ff923b98000 	C:\Windows\System32\NSI.dll
0x00007ff9134b0000 - 0x00007ff9134c7000 	C:\Windows\SYSTEM32\dhcpcsvc6.DLL
0x00007ff91d220000 - 0x00007ff91d23d000 	C:\Windows\SYSTEM32\dhcpcsvc.DLL
0x00007ff920f30000 - 0x00007ff920ffa000 	C:\Windows\SYSTEM32\DNSAPI.dll
0x00007ff900cf0000 - 0x00007ff900cf7000 	C:\Windows\system32\wshunix.dll

dbghelp: loaded successfully - version: 4.0.5 - missing functions: none
symbol engine: initialized successfully - sym options: 0x614 - pdb path: .;D:\Android Studio\jbr\bin;C:\Windows\SYSTEM32;C:\Windows\WinSxS\amd64_microsoft.windows.common-controls_6595b64144ccf1df_6.0.19041.1110_none_60b5254171f9507e;D:\Android Studio\jbr\bin\server;C:\Users\User\.gradle\native\68d5fa5c4cc2d200863cafc0d521ce42e7d3e7ee720ec0a83991735586a16f82\windows-amd64;C:\Users\User\.gradle\native\e376f236ea51e6404a007f0833ffe2c6e607c4080706a723a18a27aeea778392\windows-amd64

VM Arguments:
jvm_args: --add-opens=java.base/java.util=ALL-UNNAMED --add-opens=java.base/java.lang=ALL-UNNAMED --add-opens=java.base/java.lang.invoke=ALL-UNNAMED --add-opens=java.prefs/java.util.prefs=ALL-UNNAMED --add-opens=java.base/java.nio.charset=ALL-UNNAMED --add-opens=java.base/java.net=ALL-UNNAMED --add-opens=java.base/java.util.concurrent.atomic=ALL-UNNAMED -Xmx2048m -Dfile.encoding=UTF-8 -Duser.country=IN -Duser.language=en -Duser.variant 
java_command: org.gradle.launcher.daemon.bootstrap.GradleDaemon 8.0
java_class_path (initial): C:\Users\User\.gradle\wrapper\dists\gradle-8.0-bin\ca5e32bp14vu59qr306oxotwh\gradle-8.0\lib\gradle-launcher-8.0.jar
Launcher Type: SUN_STANDARD

[Global flags]
     intx CICompilerCount                          = 3                                         {product} {ergonomic}
     uint ConcGCThreads                            = 1                                         {product} {ergonomic}
     uint G1ConcRefinementThreads                  = 4                                         {product} {ergonomic}
   size_t G1HeapRegionSize                         = 1048576                                   {product} {ergonomic}
    uintx GCDrainStackTargetSize                   = 64                                        {product} {ergonomic}
   size_t InitialHeapSize                          = 130023424                                 {product} {ergonomic}
   size_t MarkStackSize                            = 4194304                                   {product} {ergonomic}
   size_t MaxHeapSize                              = 2147483648                                {product} {command line}
   size_t MaxNewSize                               = 1287651328                                {product} {ergonomic}
   size_t MinHeapDeltaBytes                        = 1048576                                   {product} {ergonomic}
   size_t MinHeapSize                              = 8388608                                   {product} {ergonomic}
    uintx NonNMethodCodeHeapSize                   = 5832780                                {pd product} {ergonomic}
    uintx NonProfiledCodeHeapSize                  = 122912730                              {pd product} {ergonomic}
    uintx ProfiledCodeHeapSize                     = 122912730                              {pd product} {ergonomic}
    uintx ReservedCodeCacheSize                    = 251658240                              {pd product} {ergonomic}
     bool SegmentedCodeCache                       = true                                      {product} {ergonomic}
   size_t SoftMaxHeapSize                          = 2147483648                             {manageable} {ergonomic}
     bool UseCompressedClassPointers               = true                           {product lp64_product} {ergonomic}
     bool UseCompressedOops                        = true                           {product lp64_product} {ergonomic}
     bool UseG1GC                                  = true                                      {product} {ergonomic}
     bool UseLargePagesIndividualAllocation        = false                                  {pd product} {ergonomic}

Logging:
Log output configuration:
 #0: stdout all=warning uptime,level,tags
 #1: stderr all=off uptime,level,tags

Environment Variables:
PATH=D:\VMWare\bin\;C:\Windows\system32;C:\Windows;C:\Windows\System32\Wbem;C:\Windows\System32\WindowsPowerShell\v1.0\;C:\Windows\System32\OpenSSH\;C:\Users\User\AppData\Local\Microsoft\WindowsApps;C:\sqlite;;D:\Local Folder\Intellij IDEA\IntelliJ IDEA Community Edition 2023.1.3\bin;
USERNAME=User
OS=Windows_NT
PROCESSOR_IDENTIFIER=Intel64 Family 6 Model 78 Stepping 3, GenuineIntel
TMP=C:\Users\User\AppData\Local\Temp
TEMP=C:\Users\User\AppData\Local\Temp


JNI global refs:
JNI global refs: 23, weak refs: 0

JNI global refs memory usage: 843, weak refs: 841


---------------  S Y S T E M  ---------------

OS:
 Windows 10 , 64 bit Build 19041 (10.0.19041.3155)
OS uptime: 2 days 0:10 hours

CPU: total 4 (initial active 4) (2 cores per cpu, 2 threads per core) family 6 model 78 stepping 3 microcode 0xf0, cx8, cmov, fxsr, ht, mmx, 3dnowpref, sse, sse2, sse3, ssse3, sse4.1, sse4.2, popcnt, lzcnt, tsc, tscinvbit, avx, avx2, aes, erms, clmul, bmi1, bmi2, rtm, adx, fma, vzeroupper, clflush, clflushopt

Memory: 4k page, system-wide physical 7847M (270M free)
TotalPageFile size 7847M (AvailPageFile size 18M)
current process WorkingSet (physical memory assigned to process): 282M, peak: 291M
current process commit charge ("private bytes"): 308M, peak: 321M

vm_info: OpenJDK 64-Bit Server VM (17.0.6+0-b2043.56-10027231) for windows-amd64 JRE (17.0.6+0-b2043.56-10027231), built on Apr 28 2023 00:43:19 by "androidbuild" with MS VC++ 16.10 / 16.11 (VS2019)

END.
