#
# There is insufficient memory for the Java Runtime Environment to continue.
# Native memory allocation (malloc) failed to allocate 1820208 bytes for Chunk::new
# Possible reasons:
#   The system is out of physical RAM or swap space
#   The process is running with CompressedOops enabled, and the Java Heap may be blocking the growth of the native heap
# Possible solutions:
#   Reduce memory load on the system
#   Increase physical memory or swap space
#   Check if swap backing store is full
#   Decrease Java heap size (-Xmx/-Xms)
#   Decrease number of Java threads
#   Decrease Java thread stack sizes (-Xss)
#   Set larger code cache with -XX:ReservedCodeCacheSize=
#   JVM is running with Unscaled Compressed Oops mode in which the Java heap is
#     placed in the first 4GB address space. The Java Heap base address is the
#     maximum limit for the native heap growth. Please use -XX:HeapBaseMinAddress
#     to set the Java Heap base and to place the Java Heap above 4GB virtual address.
# This output file may be truncated or incomplete.
#
#  Out of Memory Error (arena.cpp:189), pid=4536, tid=7104
#
# JRE version: OpenJDK Runtime Environment (17.0.6) (build 17.0.6+0-b2043.56-10027231)
# Java VM: OpenJDK 64-Bit Server VM (17.0.6+0-b2043.56-10027231, mixed mode, tiered, compressed oops, compressed class ptrs, g1 gc, windows-amd64)
# No core dump will be written. Minidumps are not enabled by default on client versions of Windows
#

---------------  S U M M A R Y ------------

Command Line: --add-opens=java.base/java.util=ALL-UNNAMED --add-opens=java.base/java.lang=ALL-UNNAMED --add-opens=java.base/java.lang.invoke=ALL-UNNAMED --add-opens=java.prefs/java.util.prefs=ALL-UNNAMED --add-opens=java.base/java.nio.charset=ALL-UNNAMED --add-opens=java.base/java.net=ALL-UNNAMED --add-opens=java.base/java.util.concurrent.atomic=ALL-UNNAMED -XX:MaxMetaspaceSize=256m -XX:+HeapDumpOnOutOfMemoryError -Xms256m -Xmx512m -Dfile.encoding=windows-1252 -Duser.country=IN -Duser.language=en -Duser.variant org.gradle.launcher.daemon.bootstrap.GradleDaemon 8.0

Host: Intel(R) Core(TM) i5-6300U CPU @ 2.40GHz, 4 cores, 7G,  Windows 10 , 64 bit Build 19041 (10.0.19041.3155)
Time: Sun Aug 20 21:19:24 2023 India Standard Time elapsed time: 24.811341 seconds (0d 0h 0m 24s)

---------------  T H R E A D  ---------------

Current thread (0x00000207c0125110):  JavaThread "C2 CompilerThread0" daemon [_thread_in_native, id=7104, stack(0x000000869bf00000,0x000000869c000000)]


Current CompileTask:
C2:  24811 9093 %     4       org.gradle.internal.instantiation.generator.AbstractClassGenerator::inspectType @ 207 (560 bytes)

Stack: [0x000000869bf00000,0x000000869c000000]
Native frames: (J=compiled Java code, j=interpreted, Vv=VM code, C=native code)
V  [jvm.dll+0x683c9a]
V  [jvm.dll+0x8427a4]
V  [jvm.dll+0x843f9e]
V  [jvm.dll+0x844603]
V  [jvm.dll+0x249b75]
V  [jvm.dll+0xabcac]
V  [jvm.dll+0xac27c]
V  [jvm.dll+0x368857]
V  [jvm.dll+0x332f31]
V  [jvm.dll+0x3323da]
V  [jvm.dll+0x21c201]
V  [jvm.dll+0x21b621]
V  [jvm.dll+0x1a4fdd]
V  [jvm.dll+0x22b098]
V  [jvm.dll+0x229159]
V  [jvm.dll+0x7f81ec]
V  [jvm.dll+0x7f274a]
V  [jvm.dll+0x682ad5]
C  [ucrtbase.dll+0x21bb2]
C  [KERNEL32.DLL+0x17614]
C  [ntdll.dll+0x526b1]


---------------  P R O C E S S  ---------------

Threads class SMR info:
_java_thread_list=0x00000207c5e56ce0, length=86, elements={
0x00000207a9afad30, 0x00000207bf6dc4a0, 0x00000207bf6dd220, 0x00000207bf70c9a0,
0x00000207bf70d360, 0x00000207bf70e3c0, 0x00000207c0124000, 0x00000207c0125110,
0x00000207c0140c20, 0x00000207c01a0820, 0x00000207c0293e90, 0x00000207c02be440,
0x00000207c0dbea20, 0x00000207c0dbf3c0, 0x00000207c0dbf890, 0x00000207c0dbe550,
0x00000207c0dbeef0, 0x00000207c0dbe080, 0x00000207c30690f0, 0x00000207c30695c0,
0x00000207c3069a90, 0x00000207c3069f60, 0x00000207c3065c00, 0x00000207c306cf80,
0x00000207c306a430, 0x00000207c306bc40, 0x00000207c306add0, 0x00000207c306d450,
0x00000207c306b2a0, 0x00000207c306b770, 0x00000207c30660d0, 0x00000207c306c110,
0x00000207c3068c20, 0x00000207c30678e0, 0x00000207c3066f40, 0x00000207c3067db0,
0x00000207c306c5e0, 0x00000207c30b4e40, 0x00000207c30b57e0, 0x00000207c30b5cb0,
0x00000207c30af7a0, 0x00000207c30b3160, 0x00000207c30af2d0, 0x00000207c30b44a0,
0x00000207c30b6180, 0x00000207c30b5310, 0x00000207c30b4970, 0x00000207c30b0140,
0x00000207c30b0ae0, 0x00000207c30b0fb0, 0x00000207c30ae930, 0x00000207c30b1480,
0x00000207c30aee00, 0x00000207c30b1950, 0x00000207c30b22f0, 0x00000207c30b3630,
0x00000207c30b3b00, 0x00000207c30b27c0, 0x00000207c30b2c90, 0x00000207c59ea060,
0x00000207c59e91f0, 0x00000207c59eaed0, 0x00000207c59e49c0, 0x00000207c59e5360,
0x00000207c59e7510, 0x00000207c59e7040, 0x00000207c59e4020, 0x00000207c59e5d00,
0x00000207c59e8d20, 0x00000207c59e8380, 0x00000207c59e7eb0, 0x00000207c59e96c0,
0x00000207c59e9b90, 0x00000207c59e61d0, 0x00000207c59e66a0, 0x00000207c59ea530,
0x00000207c59e79e0, 0x00000207c59e8850, 0x00000207c59e44f0, 0x00000207c59e4e90,
0x00000207c1ac1bb0, 0x00000207c1ac2550, 0x00000207c1abf060, 0x00000207c1ac5a40,
0x00000207c1ac63e0, 0x00000207c1abf530
}

Java Threads: ( => current thread )
  0x00000207a9afad30 JavaThread "main" [_thread_blocked, id=5664, stack(0x000000869b200000,0x000000869b300000)]
  0x00000207bf6dc4a0 JavaThread "Reference Handler" daemon [_thread_blocked, id=6064, stack(0x000000869b900000,0x000000869ba00000)]
  0x00000207bf6dd220 JavaThread "Finalizer" daemon [_thread_blocked, id=5356, stack(0x000000869ba00000,0x000000869bb00000)]
  0x00000207bf70c9a0 JavaThread "Signal Dispatcher" daemon [_thread_blocked, id=1708, stack(0x000000869bb00000,0x000000869bc00000)]
  0x00000207bf70d360 JavaThread "Attach Listener" daemon [_thread_blocked, id=11704, stack(0x000000869bc00000,0x000000869bd00000)]
  0x00000207bf70e3c0 JavaThread "Service Thread" daemon [_thread_blocked, id=1432, stack(0x000000869bd00000,0x000000869be00000)]
  0x00000207c0124000 JavaThread "Monitor Deflation Thread" daemon [_thread_blocked, id=9064, stack(0x000000869be00000,0x000000869bf00000)]
=>0x00000207c0125110 JavaThread "C2 CompilerThread0" daemon [_thread_in_native, id=7104, stack(0x000000869bf00000,0x000000869c000000)]
  0x00000207c0140c20 JavaThread "C1 CompilerThread0" daemon [_thread_blocked, id=10232, stack(0x000000869c000000,0x000000869c100000)]
  0x00000207c01a0820 JavaThread "Sweeper thread" daemon [_thread_blocked, id=1680, stack(0x000000869c100000,0x000000869c200000)]
  0x00000207c0293e90 JavaThread "Common-Cleaner" daemon [_thread_blocked, id=3960, stack(0x000000869c200000,0x000000869c300000)]
  0x00000207c02be440 JavaThread "Notification Thread" daemon [_thread_blocked, id=6268, stack(0x000000869c300000,0x000000869c400000)]
  0x00000207c0dbea20 JavaThread "Daemon health stats" [_thread_blocked, id=848, stack(0x000000869c900000,0x000000869ca00000)]
  0x00000207c0dbf3c0 JavaThread "Incoming local TCP Connector on port 62508" [_thread_in_native, id=3812, stack(0x000000869ca00000,0x000000869cb00000)]
  0x00000207c0dbf890 JavaThread "Daemon periodic checks" [_thread_blocked, id=8748, stack(0x000000869cb00000,0x000000869cc00000)]
  0x00000207c0dbe550 JavaThread "Daemon" [_thread_blocked, id=2396, stack(0x000000869cc00000,0x000000869cd00000)]
  0x00000207c0dbeef0 JavaThread "Handler for socket connection from /127.0.0.1:62508 to /127.0.0.1:62509" [_thread_in_native, id=6652, stack(0x000000869cd00000,0x000000869ce00000)]
  0x00000207c0dbe080 JavaThread "Cancel handler" [_thread_blocked, id=10688, stack(0x000000869ce00000,0x000000869cf00000)]
  0x00000207c30690f0 JavaThread "Daemon worker" [_thread_in_Java, id=7396, stack(0x000000869cf00000,0x000000869d000000)]
  0x00000207c30695c0 JavaThread "Asynchronous log dispatcher for DefaultDaemonConnection: socket connection from /127.0.0.1:62508 to /127.0.0.1:62509" [_thread_blocked, id=3156, stack(0x000000869d000000,0x000000869d100000)]
  0x00000207c3069a90 JavaThread "Stdin handler" [_thread_blocked, id=2696, stack(0x000000869d100000,0x000000869d200000)]
  0x00000207c3069f60 JavaThread "Daemon client event forwarder" [_thread_blocked, id=8380, stack(0x000000869d200000,0x000000869d300000)]
  0x00000207c3065c00 JavaThread "Cache worker for journal cache (C:\Users\User\.gradle\caches\journal-1)" [_thread_blocked, id=12252, stack(0x000000869c500000,0x000000869c600000)]
  0x00000207c306cf80 JavaThread "File lock request listener" [_thread_in_native, id=6212, stack(0x000000869d300000,0x000000869d400000)]
  0x00000207c306a430 JavaThread "Cache worker for file hash cache (C:\Users\User\.gradle\caches\8.0\fileHashes)" [_thread_in_Java, id=11760, stack(0x000000869d400000,0x000000869d500000)]
  0x00000207c306bc40 JavaThread "File watcher server" daemon [_thread_in_native, id=9908, stack(0x000000869d600000,0x000000869d700000)]
  0x00000207c306add0 JavaThread "File watcher consumer" daemon [_thread_blocked, id=9448, stack(0x000000869d700000,0x000000869d800000)]
  0x00000207c306d450 JavaThread "jar transforms" [_thread_blocked, id=3412, stack(0x000000869d800000,0x000000869d900000)]
  0x00000207c306b2a0 JavaThread "jar transforms Thread 2" [_thread_blocked, id=10384, stack(0x000000869d900000,0x000000869da00000)]
  0x00000207c306b770 JavaThread "jar transforms Thread 3" [_thread_blocked, id=9860, stack(0x000000869da00000,0x000000869db00000)]
  0x00000207c30660d0 JavaThread "jar transforms Thread 4" [_thread_blocked, id=4712, stack(0x000000869db00000,0x000000869dc00000)]
  0x00000207c306c110 JavaThread "Cache worker for checksums cache (D:\Android Studio projects\Unknown_App\.gradle\8.0\checksums)" [_thread_blocked, id=1536, stack(0x000000869de00000,0x000000869df00000)]
  0x00000207c3068c20 JavaThread "Cache worker for cache directory md-rule (C:\Users\User\.gradle\caches\8.0\md-rule)" [_thread_blocked, id=6724, stack(0x000000869df00000,0x000000869e000000)]
  0x00000207c30678e0 JavaThread "Cache worker for file content cache (C:\Users\User\.gradle\caches\8.0\fileContent)" [_thread_blocked, id=10764, stack(0x000000869e000000,0x000000869e100000)]
  0x00000207c3066f40 JavaThread "Cache worker for file hash cache (D:\Android Studio projects\Unknown_App\.gradle\8.0\fileHashes)" [_thread_blocked, id=12244, stack(0x000000869e100000,0x000000869e200000)]
  0x00000207c3067db0 JavaThread "Cache worker for cache directory md-supplier (C:\Users\User\.gradle\caches\8.0\md-supplier)" [_thread_blocked, id=10944, stack(0x000000869e200000,0x000000869e300000)]
  0x00000207c306c5e0 JavaThread "Cache worker for execution history cache (C:\Users\User\.gradle\caches\8.0\executionHistory)" [_thread_blocked, id=1704, stack(0x000000869e300000,0x000000869e400000)]
  0x00000207c30b4e40 JavaThread "Cache worker for dependencies-accessors (D:\Android Studio projects\Unknown_App\.gradle\8.0\dependencies-accessors)" [_thread_blocked, id=10956, stack(0x000000869e400000,0x000000869e500000)]
  0x00000207c30b57e0 JavaThread "Cache worker for Build Output Cleanup Cache (D:\Android Studio projects\Unknown_App\.gradle\buildOutputCleanup)" [_thread_blocked, id=9700, stack(0x000000869e500000,0x000000869e600000)]
  0x00000207c30b5cb0 JavaThread "Unconstrained build operations" [_thread_blocked, id=4408, stack(0x000000869e600000,0x000000869e700000)]
  0x00000207c30af7a0 JavaThread "Unconstrained build operations Thread 2" [_thread_blocked, id=11772, stack(0x000000869e700000,0x000000869e800000)]
  0x00000207c30b3160 JavaThread "Unconstrained build operations Thread 3" [_thread_in_native, id=6668, stack(0x000000869e800000,0x000000869e900000)]
  0x00000207c30af2d0 JavaThread "Unconstrained build operations Thread 4" [_thread_blocked, id=11672, stack(0x000000869e900000,0x000000869ea00000)]
  0x00000207c30b44a0 JavaThread "Unconstrained build operations Thread 5" [_thread_blocked, id=9648, stack(0x000000869ea00000,0x000000869eb00000)]
  0x00000207c30b6180 JavaThread "Unconstrained build operations Thread 6" [_thread_blocked, id=6812, stack(0x000000869eb00000,0x000000869ec00000)]
  0x00000207c30b5310 JavaThread "Unconstrained build operations Thread 7" [_thread_blocked, id=2568, stack(0x000000869ec00000,0x000000869ed00000)]
  0x00000207c30b4970 JavaThread "Unconstrained build operations Thread 8" [_thread_blocked, id=4784, stack(0x000000869ed00000,0x000000869ee00000)]
  0x00000207c30b0140 JavaThread "Unconstrained build operations Thread 9" [_thread_blocked, id=8528, stack(0x000000869ee00000,0x000000869ef00000)]
  0x00000207c30b0ae0 JavaThread "Unconstrained build operations Thread 10" [_thread_blocked, id=968, stack(0x000000869ef00000,0x000000869f000000)]
  0x00000207c30b0fb0 JavaThread "Unconstrained build operations Thread 11" [_thread_blocked, id=3852, stack(0x000000869f000000,0x000000869f100000)]
  0x00000207c30ae930 JavaThread "Unconstrained build operations Thread 12" [_thread_blocked, id=10372, stack(0x000000869f100000,0x000000869f200000)]
  0x00000207c30b1480 JavaThread "Unconstrained build operations Thread 13" [_thread_blocked, id=3384, stack(0x000000869f200000,0x000000869f300000)]
  0x00000207c30aee00 JavaThread "Unconstrained build operations Thread 14" [_thread_blocked, id=3684, stack(0x000000869f300000,0x000000869f400000)]
  0x00000207c30b1950 JavaThread "Unconstrained build operations Thread 15" [_thread_blocked, id=6944, stack(0x000000869f400000,0x000000869f500000)]
  0x00000207c30b22f0 JavaThread "Unconstrained build operations Thread 16" [_thread_blocked, id=11404, stack(0x000000869f500000,0x000000869f600000)]
  0x00000207c30b3630 JavaThread "Unconstrained build operations Thread 17" [_thread_blocked, id=7572, stack(0x000000869f600000,0x000000869f700000)]
  0x00000207c30b3b00 JavaThread "Unconstrained build operations Thread 18" [_thread_blocked, id=8900, stack(0x000000869f700000,0x000000869f800000)]
  0x00000207c30b27c0 JavaThread "Unconstrained build operations Thread 19" [_thread_blocked, id=10256, stack(0x000000869f800000,0x000000869f900000)]
  0x00000207c30b2c90 JavaThread "Unconstrained build operations Thread 20" [_thread_blocked, id=4672, stack(0x000000869f900000,0x000000869fa00000)]
  0x00000207c59ea060 JavaThread "Unconstrained build operations Thread 21" [_thread_blocked, id=11496, stack(0x000000869fa00000,0x000000869fb00000)]
  0x00000207c59e91f0 JavaThread "Unconstrained build operations Thread 22" [_thread_blocked, id=2388, stack(0x000000869fb00000,0x000000869fc00000)]
  0x00000207c59eaed0 JavaThread "Unconstrained build operations Thread 23" [_thread_blocked, id=8084, stack(0x000000869fc00000,0x000000869fd00000)]
  0x00000207c59e49c0 JavaThread "Unconstrained build operations Thread 24" [_thread_blocked, id=9556, stack(0x000000869fd00000,0x000000869fe00000)]
  0x00000207c59e5360 JavaThread "Unconstrained build operations Thread 25" [_thread_blocked, id=8736, stack(0x000000869fe00000,0x000000869ff00000)]
  0x00000207c59e7510 JavaThread "Unconstrained build operations Thread 26" [_thread_blocked, id=8000, stack(0x000000869ff00000,0x00000086a0000000)]
  0x00000207c59e7040 JavaThread "Unconstrained build operations Thread 27" [_thread_blocked, id=3180, stack(0x00000086a0000000,0x00000086a0100000)]
  0x00000207c59e4020 JavaThread "Unconstrained build operations Thread 28" [_thread_blocked, id=6004, stack(0x00000086a0100000,0x00000086a0200000)]
  0x00000207c59e5d00 JavaThread "Unconstrained build operations Thread 29" [_thread_blocked, id=2316, stack(0x00000086a0200000,0x00000086a0300000)]
  0x00000207c59e8d20 JavaThread "Unconstrained build operations Thread 30" [_thread_blocked, id=1896, stack(0x00000086a0300000,0x00000086a0400000)]
  0x00000207c59e8380 JavaThread "Unconstrained build operations Thread 31" [_thread_blocked, id=5488, stack(0x00000086a0400000,0x00000086a0500000)]
  0x00000207c59e7eb0 JavaThread "Unconstrained build operations Thread 32" [_thread_blocked, id=7228, stack(0x00000086a0500000,0x00000086a0600000)]
  0x00000207c59e96c0 JavaThread "Unconstrained build operations Thread 33" [_thread_blocked, id=7328, stack(0x00000086a0600000,0x00000086a0700000)]
  0x00000207c59e9b90 JavaThread "Unconstrained build operations Thread 34" [_thread_blocked, id=10900, stack(0x00000086a0700000,0x00000086a0800000)]
  0x00000207c59e61d0 JavaThread "Unconstrained build operations Thread 35" [_thread_blocked, id=12228, stack(0x00000086a0800000,0x00000086a0900000)]
  0x00000207c59e66a0 JavaThread "Unconstrained build operations Thread 36" [_thread_blocked, id=8500, stack(0x00000086a0900000,0x00000086a0a00000)]
  0x00000207c59ea530 JavaThread "Unconstrained build operations Thread 37" [_thread_blocked, id=5852, stack(0x00000086a0a00000,0x00000086a0b00000)]
  0x00000207c59e79e0 JavaThread "Unconstrained build operations Thread 38" [_thread_blocked, id=5956, stack(0x00000086a0b00000,0x00000086a0c00000)]
  0x00000207c59e8850 JavaThread "Unconstrained build operations Thread 39" [_thread_blocked, id=11532, stack(0x00000086a0c00000,0x00000086a0d00000)]
  0x00000207c59e44f0 JavaThread "Unconstrained build operations Thread 40" [_thread_blocked, id=1244, stack(0x00000086a0d00000,0x00000086a0e00000)]
  0x00000207c59e4e90 JavaThread "Memory manager" [_thread_blocked, id=11472, stack(0x000000869d500000,0x000000869d600000)]
  0x00000207c1ac1bb0 JavaThread "included builds" [_thread_blocked, id=5944, stack(0x00000086a0e00000,0x00000086a0f00000)]
  0x00000207c1ac2550 JavaThread "Execution worker" [_thread_blocked, id=3816, stack(0x00000086a0f00000,0x00000086a1000000)]
  0x00000207c1abf060 JavaThread "Execution worker Thread 2" [_thread_blocked, id=7876, stack(0x00000086a1000000,0x00000086a1100000)]
  0x00000207c1ac5a40 JavaThread "Execution worker Thread 3" [_thread_blocked, id=11880, stack(0x00000086a1100000,0x00000086a1200000)]
  0x00000207c1ac63e0 JavaThread "Cache worker for execution history cache (D:\Android Studio projects\Unknown_App\.gradle\8.0\executionHistory)" [_thread_blocked, id=4044, stack(0x00000086a1200000,0x00000086a1300000)]
  0x00000207c1abf530 JavaThread "idea-tooling-model-converter" [_thread_blocked, id=264, stack(0x00000086a1300000,0x00000086a1400000)]

Other Threads:
  0x00000207bf6d7950 VMThread "VM Thread" [stack: 0x000000869b800000,0x000000869b900000] [id=6708]
  0x00000207c02be910 WatcherThread [stack: 0x000000869c400000,0x000000869c500000] [id=6020]
  0x00000207a9b268b0 GCTaskThread "GC Thread#0" [stack: 0x000000869b300000,0x000000869b400000] [id=5308]
  0x00000207c0b7aa90 GCTaskThread "GC Thread#1" [stack: 0x000000869c600000,0x000000869c700000] [id=4928]
  0x00000207c0b7d2c0 GCTaskThread "GC Thread#2" [stack: 0x000000869c700000,0x000000869c800000] [id=10872]
  0x00000207c0b7d570 GCTaskThread "GC Thread#3" [stack: 0x000000869c800000,0x000000869c900000] [id=2468]
  0x00000207a9b2b700 ConcurrentGCThread "G1 Main Marker" [stack: 0x000000869b400000,0x000000869b500000] [id=3760]
  0x00000207a9b2c020 ConcurrentGCThread "G1 Conc#0" [stack: 0x000000869b500000,0x000000869b600000] [id=8988]
  0x00000207bf5420c0 ConcurrentGCThread "G1 Refine#0" [stack: 0x000000869b600000,0x000000869b700000] [id=3616]
  0x00000207c3596d40 ConcurrentGCThread "G1 Refine#1" [stack: 0x000000869dc00000,0x000000869dd00000] [id=6176]
  0x00000207c3598160 ConcurrentGCThread "G1 Refine#2" [stack: 0x000000869dd00000,0x000000869de00000] [id=5500]
  0x00000207bf5429f0 ConcurrentGCThread "G1 Service" [stack: 0x000000869b700000,0x000000869b800000] [id=2292]

Threads with active compile tasks:
C2 CompilerThread0    24865 9093 %     4       org.gradle.internal.instantiation.generator.AbstractClassGenerator::inspectType @ 207 (560 bytes)

VM state: not at safepoint (normal execution)

VM Mutex/Monitor currently owned by a thread: None

Heap address: 0x00000000e0000000, size: 512 MB, Compressed Oops mode: 32-bit

CDS archive(s) not mapped
Compressed class space mapped at: 0x0000000100000000-0x000000010d000000, reserved size: 218103808
Narrow klass base: 0x0000000000000000, Narrow klass shift: 3, Narrow klass range: 0x10d000000

GC Precious Log:
 CPUs: 4 total, 4 available
 Memory: 7847M
 Large Page Support: Disabled
 NUMA Support: Disabled
 Compressed Oops: Enabled (32-bit)
 Heap Region Size: 1M
 Heap Min Capacity: 256M
 Heap Initial Capacity: 256M
 Heap Max Capacity: 512M
 Pre-touch: Disabled
 Parallel Workers: 4
 Concurrent Workers: 1
 Concurrent Refinement Workers: 4
 Periodic GC: Disabled

Heap:
 garbage-first heap   total 262144K, used 166048K [0x00000000e0000000, 0x0000000100000000)
  region size 1024K, 42 young (43008K), 6 survivors (6144K)
 Metaspace       used 93977K, committed 94784K, reserved 303104K
  class space    used 12626K, committed 12992K, reserved 212992K

Heap Regions: E=young(eden), S=young(survivor), O=old, HS=humongous(starts), HC=humongous(continues), CS=collection set, F=free, OA=open archive, CA=closed archive, TAMS=top-at-mark-start (previous, next)
|   0|0x00000000e0000000, 0x00000000e0100000, 0x00000000e0100000|100%| O|  |TAMS 0x00000000e0100000, 0x00000000e0000000| Untracked 
|   1|0x00000000e0100000, 0x00000000e0200000, 0x00000000e0200000|100%| O|  |TAMS 0x00000000e0200000, 0x00000000e0100000| Untracked 
|   2|0x00000000e0200000, 0x00000000e0300000, 0x00000000e0300000|100%|HS|  |TAMS 0x00000000e0300000, 0x00000000e0200000| Complete 
|   3|0x00000000e0300000, 0x00000000e0400000, 0x00000000e0400000|100%|HC|  |TAMS 0x00000000e0400000, 0x00000000e0300000| Complete 
|   4|0x00000000e0400000, 0x00000000e0500000, 0x00000000e0500000|100%|HC|  |TAMS 0x00000000e0500000, 0x00000000e0400000| Complete 
|   5|0x00000000e0500000, 0x00000000e0600000, 0x00000000e0600000|100%|HC|  |TAMS 0x00000000e0600000, 0x00000000e0500000| Complete 
|   6|0x00000000e0600000, 0x00000000e0700000, 0x00000000e0700000|100%| O|  |TAMS 0x00000000e0700000, 0x00000000e0600000| Untracked 
|   7|0x00000000e0700000, 0x00000000e0800000, 0x00000000e0800000|100%| O|  |TAMS 0x00000000e0800000, 0x00000000e0700000| Untracked 
|   8|0x00000000e0800000, 0x00000000e0900000, 0x00000000e0900000|100%| O|  |TAMS 0x00000000e0900000, 0x00000000e0800000| Untracked 
|   9|0x00000000e0900000, 0x00000000e0a00000, 0x00000000e0a00000|100%| O|  |TAMS 0x00000000e0a00000, 0x00000000e0900000| Untracked 
|  10|0x00000000e0a00000, 0x00000000e0b00000, 0x00000000e0b00000|100%| O|  |TAMS 0x00000000e0b00000, 0x00000000e0a00000| Untracked 
|  11|0x00000000e0b00000, 0x00000000e0c00000, 0x00000000e0c00000|100%| O|  |TAMS 0x00000000e0c00000, 0x00000000e0b00000| Untracked 
|  12|0x00000000e0c00000, 0x00000000e0d00000, 0x00000000e0d00000|100%| O|  |TAMS 0x00000000e0d00000, 0x00000000e0c00000| Untracked 
|  13|0x00000000e0d00000, 0x00000000e0e00000, 0x00000000e0e00000|100%| O|  |TAMS 0x00000000e0e00000, 0x00000000e0d00000| Untracked 
|  14|0x00000000e0e00000, 0x00000000e0f00000, 0x00000000e0f00000|100%| O|  |TAMS 0x00000000e0f00000, 0x00000000e0e00000| Untracked 
|  15|0x00000000e0f00000, 0x00000000e1000000, 0x00000000e1000000|100%| O|  |TAMS 0x00000000e1000000, 0x00000000e0f00000| Untracked 
|  16|0x00000000e1000000, 0x00000000e1100000, 0x00000000e1100000|100%| O|  |TAMS 0x00000000e1100000, 0x00000000e1000000| Untracked 
|  17|0x00000000e1100000, 0x00000000e1200000, 0x00000000e1200000|100%| O|  |TAMS 0x00000000e1200000, 0x00000000e1100000| Untracked 
|  18|0x00000000e1200000, 0x00000000e1300000, 0x00000000e1300000|100%|HS|  |TAMS 0x00000000e1300000, 0x00000000e1200000| Complete 
|  19|0x00000000e1300000, 0x00000000e1400000, 0x00000000e1400000|100%|HC|  |TAMS 0x00000000e1400000, 0x00000000e1300000| Complete 
|  20|0x00000000e1400000, 0x00000000e1500000, 0x00000000e1500000|100%|HS|  |TAMS 0x00000000e1500000, 0x00000000e1400000| Complete 
|  21|0x00000000e1500000, 0x00000000e1600000, 0x00000000e1600000|100%|HC|  |TAMS 0x00000000e1600000, 0x00000000e1500000| Complete 
|  22|0x00000000e1600000, 0x00000000e1700000, 0x00000000e1700000|100%|HC|  |TAMS 0x00000000e1700000, 0x00000000e1600000| Complete 
|  23|0x00000000e1700000, 0x00000000e1800000, 0x00000000e1800000|100%|HS|  |TAMS 0x00000000e1800000, 0x00000000e1700000| Complete 
|  24|0x00000000e1800000, 0x00000000e1900000, 0x00000000e1900000|100%|HC|  |TAMS 0x00000000e1900000, 0x00000000e1800000| Complete 
|  25|0x00000000e1900000, 0x00000000e1a00000, 0x00000000e1a00000|100%|HC|  |TAMS 0x00000000e1a00000, 0x00000000e1900000| Complete 
|  26|0x00000000e1a00000, 0x00000000e1b00000, 0x00000000e1b00000|100%|HS|  |TAMS 0x00000000e1b00000, 0x00000000e1a00000| Complete 
|  27|0x00000000e1b00000, 0x00000000e1c00000, 0x00000000e1c00000|100%|HC|  |TAMS 0x00000000e1c00000, 0x00000000e1b00000| Complete 
|  28|0x00000000e1c00000, 0x00000000e1d00000, 0x00000000e1d00000|100%|HC|  |TAMS 0x00000000e1d00000, 0x00000000e1c00000| Complete 
|  29|0x00000000e1d00000, 0x00000000e1e00000, 0x00000000e1e00000|100%|HC|  |TAMS 0x00000000e1e00000, 0x00000000e1d00000| Complete 
|  30|0x00000000e1e00000, 0x00000000e1f00000, 0x00000000e1f00000|100%|HC|  |TAMS 0x00000000e1f00000, 0x00000000e1e00000| Complete 
|  31|0x00000000e1f00000, 0x00000000e2000000, 0x00000000e2000000|100%|HC|  |TAMS 0x00000000e2000000, 0x00000000e1f00000| Complete 
|  32|0x00000000e2000000, 0x00000000e2100000, 0x00000000e2100000|100%|HC|  |TAMS 0x00000000e2100000, 0x00000000e2000000| Complete 
|  33|0x00000000e2100000, 0x00000000e2200000, 0x00000000e2200000|100%|HC|  |TAMS 0x00000000e2200000, 0x00000000e2100000| Complete 
|  34|0x00000000e2200000, 0x00000000e2300000, 0x00000000e2300000|100%|HC|  |TAMS 0x00000000e2300000, 0x00000000e2200000| Complete 
|  35|0x00000000e2300000, 0x00000000e2400000, 0x00000000e2400000|100%|HC|  |TAMS 0x00000000e2400000, 0x00000000e2300000| Complete 
|  36|0x00000000e2400000, 0x00000000e2500000, 0x00000000e2500000|100%|HC|  |TAMS 0x00000000e2500000, 0x00000000e2400000| Complete 
|  37|0x00000000e2500000, 0x00000000e2600000, 0x00000000e2600000|100%|HC|  |TAMS 0x00000000e2600000, 0x00000000e2500000| Complete 
|  38|0x00000000e2600000, 0x00000000e2700000, 0x00000000e2700000|100%|HS|  |TAMS 0x00000000e2700000, 0x00000000e2600000| Complete 
|  39|0x00000000e2700000, 0x00000000e2800000, 0x00000000e2800000|100%|HC|  |TAMS 0x00000000e2800000, 0x00000000e2700000| Complete 
|  40|0x00000000e2800000, 0x00000000e2900000, 0x00000000e2900000|100%| O|  |TAMS 0x00000000e2900000, 0x00000000e2800000| Untracked 
|  41|0x00000000e2900000, 0x00000000e2a00000, 0x00000000e2a00000|100%| O|  |TAMS 0x00000000e2a00000, 0x00000000e2900000| Untracked 
|  42|0x00000000e2a00000, 0x00000000e2b00000, 0x00000000e2b00000|100%| O|  |TAMS 0x00000000e2b00000, 0x00000000e2a00000| Untracked 
|  43|0x00000000e2b00000, 0x00000000e2c00000, 0x00000000e2c00000|100%| O|  |TAMS 0x00000000e2c00000, 0x00000000e2b00000| Untracked 
|  44|0x00000000e2c00000, 0x00000000e2d00000, 0x00000000e2d00000|100%| O|  |TAMS 0x00000000e2d00000, 0x00000000e2c00000| Untracked 
|  45|0x00000000e2d00000, 0x00000000e2e00000, 0x00000000e2e00000|100%|HS|  |TAMS 0x00000000e2e00000, 0x00000000e2d00000| Complete 
|  46|0x00000000e2e00000, 0x00000000e2f00000, 0x00000000e2f00000|100%|HS|  |TAMS 0x00000000e2e00000, 0x00000000e2e00000| Complete 
|  47|0x00000000e2f00000, 0x00000000e3000000, 0x00000000e3000000|100%| O|  |TAMS 0x00000000e3000000, 0x00000000e2f00000| Untracked 
|  48|0x00000000e3000000, 0x00000000e3100000, 0x00000000e3100000|100%| O|  |TAMS 0x00000000e3100000, 0x00000000e3000000| Untracked 
|  49|0x00000000e3100000, 0x00000000e3200000, 0x00000000e3200000|100%|HS|  |TAMS 0x00000000e3200000, 0x00000000e3100000| Complete 
|  50|0x00000000e3200000, 0x00000000e3300000, 0x00000000e3300000|100%|HC|  |TAMS 0x00000000e3300000, 0x00000000e3200000| Complete 
|  51|0x00000000e3300000, 0x00000000e3400000, 0x00000000e3400000|100%|HC|  |TAMS 0x00000000e3400000, 0x00000000e3300000| Complete 
|  52|0x00000000e3400000, 0x00000000e3500000, 0x00000000e3500000|100%|HS|  |TAMS 0x00000000e3500000, 0x00000000e3400000| Complete 
|  53|0x00000000e3500000, 0x00000000e3600000, 0x00000000e3600000|100%|HC|  |TAMS 0x00000000e3600000, 0x00000000e3500000| Complete 
|  54|0x00000000e3600000, 0x00000000e3700000, 0x00000000e3700000|100%|HC|  |TAMS 0x00000000e3700000, 0x00000000e3600000| Complete 
|  55|0x00000000e3700000, 0x00000000e3800000, 0x00000000e3800000|100%| O|  |TAMS 0x00000000e3800000, 0x00000000e3700000| Untracked 
|  56|0x00000000e3800000, 0x00000000e3900000, 0x00000000e3900000|100%| O|  |TAMS 0x00000000e3900000, 0x00000000e3800000| Untracked 
|  57|0x00000000e3900000, 0x00000000e3a00000, 0x00000000e3a00000|100%| O|  |TAMS 0x00000000e3a00000, 0x00000000e3900000| Untracked 
|  58|0x00000000e3a00000, 0x00000000e3b00000, 0x00000000e3b00000|100%| O|  |TAMS 0x00000000e3b00000, 0x00000000e3a00000| Untracked 
|  59|0x00000000e3b00000, 0x00000000e3c00000, 0x00000000e3c00000|100%| O|  |TAMS 0x00000000e3c00000, 0x00000000e3b00000| Untracked 
|  60|0x00000000e3c00000, 0x00000000e3d00000, 0x00000000e3d00000|100%| O|  |TAMS 0x00000000e3d00000, 0x00000000e3c00000| Untracked 
|  61|0x00000000e3d00000, 0x00000000e3e00000, 0x00000000e3e00000|100%| O|  |TAMS 0x00000000e3e00000, 0x00000000e3d00000| Untracked 
|  62|0x00000000e3e00000, 0x00000000e3f00000, 0x00000000e3f00000|100%| O|  |TAMS 0x00000000e3f00000, 0x00000000e3e00000| Untracked 
|  63|0x00000000e3f00000, 0x00000000e4000000, 0x00000000e4000000|100%| O|  |TAMS 0x00000000e4000000, 0x00000000e3f00000| Untracked 
|  64|0x00000000e4000000, 0x00000000e4100000, 0x00000000e4100000|100%| O|  |TAMS 0x00000000e4100000, 0x00000000e4000000| Untracked 
|  65|0x00000000e4100000, 0x00000000e4200000, 0x00000000e4200000|100%| O|  |TAMS 0x00000000e4200000, 0x00000000e4100000| Untracked 
|  66|0x00000000e4200000, 0x00000000e4300000, 0x00000000e4300000|100%| O|  |TAMS 0x00000000e4300000, 0x00000000e4200000| Untracked 
|  67|0x00000000e4300000, 0x00000000e4400000, 0x00000000e4400000|100%| O|  |TAMS 0x00000000e4400000, 0x00000000e4300000| Untracked 
|  68|0x00000000e4400000, 0x00000000e4500000, 0x00000000e4500000|100%| O|  |TAMS 0x00000000e4500000, 0x00000000e4400000| Untracked 
|  69|0x00000000e4500000, 0x00000000e4600000, 0x00000000e4600000|100%| O|  |TAMS 0x00000000e4600000, 0x00000000e4500000| Untracked 
|  70|0x00000000e4600000, 0x00000000e4700000, 0x00000000e4700000|100%|HS|  |TAMS 0x00000000e4700000, 0x00000000e4600000| Complete 
|  71|0x00000000e4700000, 0x00000000e4800000, 0x00000000e4800000|100%|HS|  |TAMS 0x00000000e4800000, 0x00000000e4700000| Complete 
|  72|0x00000000e4800000, 0x00000000e4900000, 0x00000000e4900000|100%| O|  |TAMS 0x00000000e4900000, 0x00000000e4800000| Untracked 
|  73|0x00000000e4900000, 0x00000000e4a00000, 0x00000000e4a00000|100%| O|  |TAMS 0x00000000e4a00000, 0x00000000e4900000| Untracked 
|  74|0x00000000e4a00000, 0x00000000e4b00000, 0x00000000e4b00000|100%| O|  |TAMS 0x00000000e4b00000, 0x00000000e4a00000| Untracked 
|  75|0x00000000e4b00000, 0x00000000e4c00000, 0x00000000e4c00000|100%| O|  |TAMS 0x00000000e4c00000, 0x00000000e4b00000| Untracked 
|  76|0x00000000e4c00000, 0x00000000e4d00000, 0x00000000e4d00000|100%| O|  |TAMS 0x00000000e4d00000, 0x00000000e4c00000| Untracked 
|  77|0x00000000e4d00000, 0x00000000e4e00000, 0x00000000e4e00000|100%| O|  |TAMS 0x00000000e4e00000, 0x00000000e4d00000| Untracked 
|  78|0x00000000e4e00000, 0x00000000e4f00000, 0x00000000e4f00000|100%| O|  |TAMS 0x00000000e4f00000, 0x00000000e4e00000| Untracked 
|  79|0x00000000e4f00000, 0x00000000e5000000, 0x00000000e5000000|100%| O|  |TAMS 0x00000000e5000000, 0x00000000e4f00000| Untracked 
|  80|0x00000000e5000000, 0x00000000e5100000, 0x00000000e5100000|100%| O|  |TAMS 0x00000000e5100000, 0x00000000e5000000| Untracked 
|  81|0x00000000e5100000, 0x00000000e5200000, 0x00000000e5200000|100%| O|  |TAMS 0x00000000e5200000, 0x00000000e5100000| Untracked 
|  82|0x00000000e5200000, 0x00000000e5300000, 0x00000000e5300000|100%| O|  |TAMS 0x00000000e5300000, 0x00000000e5200000| Untracked 
|  83|0x00000000e5300000, 0x00000000e5400000, 0x00000000e5400000|100%| O|  |TAMS 0x00000000e5400000, 0x00000000e5300000| Untracked 
|  84|0x00000000e5400000, 0x00000000e5500000, 0x00000000e5500000|100%| O|  |TAMS 0x00000000e5500000, 0x00000000e5400000| Untracked 
|  85|0x00000000e5500000, 0x00000000e5600000, 0x00000000e5600000|100%| O|  |TAMS 0x00000000e5600000, 0x00000000e5500000| Untracked 
|  86|0x00000000e5600000, 0x00000000e5700000, 0x00000000e5700000|100%| O|  |TAMS 0x00000000e5700000, 0x00000000e5600000| Untracked 
|  87|0x00000000e5700000, 0x00000000e5800000, 0x00000000e5800000|100%| O|  |TAMS 0x00000000e5800000, 0x00000000e5700000| Untracked 
|  88|0x00000000e5800000, 0x00000000e5900000, 0x00000000e5900000|100%| O|  |TAMS 0x00000000e5900000, 0x00000000e5800000| Untracked 
|  89|0x00000000e5900000, 0x00000000e5a00000, 0x00000000e5a00000|100%| O|  |TAMS 0x00000000e5975400, 0x00000000e5900000| Untracked 
|  90|0x00000000e5a00000, 0x00000000e5b00000, 0x00000000e5b00000|100%|HS|  |TAMS 0x00000000e5b00000, 0x00000000e5a00000| Complete 
|  91|0x00000000e5b00000, 0x00000000e5c00000, 0x00000000e5c00000|100%|HC|  |TAMS 0x00000000e5c00000, 0x00000000e5b00000| Complete 
|  92|0x00000000e5c00000, 0x00000000e5d00000, 0x00000000e5d00000|100%|HS|  |TAMS 0x00000000e5d00000, 0x00000000e5c00000| Complete 
|  93|0x00000000e5d00000, 0x00000000e5e00000, 0x00000000e5e00000|100%|HC|  |TAMS 0x00000000e5e00000, 0x00000000e5d00000| Complete 
|  94|0x00000000e5e00000, 0x00000000e5f00000, 0x00000000e5f00000|100%|HC|  |TAMS 0x00000000e5f00000, 0x00000000e5e00000| Complete 
|  95|0x00000000e5f00000, 0x00000000e6000000, 0x00000000e6000000|100%|HS|  |TAMS 0x00000000e6000000, 0x00000000e5f00000| Complete 
|  96|0x00000000e6000000, 0x00000000e6100000, 0x00000000e6100000|100%|HC|  |TAMS 0x00000000e6100000, 0x00000000e6000000| Complete 
|  97|0x00000000e6100000, 0x00000000e6200000, 0x00000000e6200000|100%|HC|  |TAMS 0x00000000e6200000, 0x00000000e6100000| Complete 
|  98|0x00000000e6200000, 0x00000000e6300000, 0x00000000e6300000|100%|HS|  |TAMS 0x00000000e6300000, 0x00000000e6200000| Complete 
|  99|0x00000000e6300000, 0x00000000e6400000, 0x00000000e6400000|100%|HC|  |TAMS 0x00000000e6400000, 0x00000000e6300000| Complete 
| 100|0x00000000e6400000, 0x00000000e6500000, 0x00000000e6500000|100%|HC|  |TAMS 0x00000000e6500000, 0x00000000e6400000| Complete 
| 101|0x00000000e6500000, 0x00000000e6600000, 0x00000000e6600000|100%|HC|  |TAMS 0x00000000e6600000, 0x00000000e6500000| Complete 
| 102|0x00000000e6600000, 0x00000000e6700000, 0x00000000e6700000|100%|HC|  |TAMS 0x00000000e6700000, 0x00000000e6600000| Complete 
| 103|0x00000000e6700000, 0x00000000e6800000, 0x00000000e6800000|100%|HC|  |TAMS 0x00000000e6800000, 0x00000000e6700000| Complete 
| 104|0x00000000e6800000, 0x00000000e6900000, 0x00000000e6900000|100%|HC|  |TAMS 0x00000000e6900000, 0x00000000e6800000| Complete 
| 105|0x00000000e6900000, 0x00000000e6a00000, 0x00000000e6a00000|100%|HC|  |TAMS 0x00000000e6a00000, 0x00000000e6900000| Complete 
| 106|0x00000000e6a00000, 0x00000000e6b00000, 0x00000000e6b00000|100%|HC|  |TAMS 0x00000000e6b00000, 0x00000000e6a00000| Complete 
| 107|0x00000000e6b00000, 0x00000000e6c00000, 0x00000000e6c00000|100%|HC|  |TAMS 0x00000000e6c00000, 0x00000000e6b00000| Complete 
| 108|0x00000000e6c00000, 0x00000000e6d00000, 0x00000000e6d00000|100%|HC|  |TAMS 0x00000000e6d00000, 0x00000000e6c00000| Complete 
| 109|0x00000000e6d00000, 0x00000000e6e00000, 0x00000000e6e00000|100%|HC|  |TAMS 0x00000000e6e00000, 0x00000000e6d00000| Complete 
| 110|0x00000000e6e00000, 0x00000000e6f00000, 0x00000000e6f00000|100%|HS|  |TAMS 0x00000000e6f00000, 0x00000000e6e00000| Complete 
| 111|0x00000000e6f00000, 0x00000000e7000000, 0x00000000e7000000|100%|HC|  |TAMS 0x00000000e7000000, 0x00000000e6f00000| Complete 
| 112|0x00000000e7000000, 0x00000000e7100000, 0x00000000e7100000|100%| O|  |TAMS 0x00000000e7000000, 0x00000000e7000000| Untracked 
| 113|0x00000000e7100000, 0x00000000e7200000, 0x00000000e7200000|100%| O|  |TAMS 0x00000000e7100000, 0x00000000e7100000| Untracked 
| 114|0x00000000e7200000, 0x00000000e7300000, 0x00000000e7300000|100%| O|  |TAMS 0x00000000e7200000, 0x00000000e7200000| Untracked 
| 115|0x00000000e7300000, 0x00000000e7400000, 0x00000000e7400000|100%| O|  |TAMS 0x00000000e7300000, 0x00000000e7300000| Untracked 
| 116|0x00000000e7400000, 0x00000000e7500000, 0x00000000e7500000|100%| O|  |TAMS 0x00000000e7400000, 0x00000000e7400000| Untracked 
| 117|0x00000000e7500000, 0x00000000e7600000, 0x00000000e7600000|100%| O|  |TAMS 0x00000000e7500000, 0x00000000e7500000| Untracked 
| 118|0x00000000e7600000, 0x00000000e7700000, 0x00000000e7700000|100%| O|  |TAMS 0x00000000e7600000, 0x00000000e7600000| Untracked 
| 119|0x00000000e7700000, 0x00000000e7800000, 0x00000000e7800000|100%| O|  |TAMS 0x00000000e7700000, 0x00000000e7700000| Untracked 
| 120|0x00000000e7800000, 0x00000000e7900000, 0x00000000e7900000|100%| O|  |TAMS 0x00000000e7800000, 0x00000000e7800000| Untracked 
| 121|0x00000000e7900000, 0x00000000e7a00000, 0x00000000e7a00000|100%| O|  |TAMS 0x00000000e7900000, 0x00000000e7900000| Untracked 
| 122|0x00000000e7a00000, 0x00000000e7a93e00, 0x00000000e7b00000| 57%| O|  |TAMS 0x00000000e7a00000, 0x00000000e7a00000| Untracked 
| 123|0x00000000e7b00000, 0x00000000e7b00000, 0x00000000e7c00000|  0%| F|  |TAMS 0x00000000e7b00000, 0x00000000e7b00000| Untracked 
| 124|0x00000000e7c00000, 0x00000000e7c00000, 0x00000000e7d00000|  0%| F|  |TAMS 0x00000000e7c00000, 0x00000000e7c00000| Untracked 
| 125|0x00000000e7d00000, 0x00000000e7d00000, 0x00000000e7e00000|  0%| F|  |TAMS 0x00000000e7d00000, 0x00000000e7d00000| Untracked 
| 126|0x00000000e7e00000, 0x00000000e7e00000, 0x00000000e7f00000|  0%| F|  |TAMS 0x00000000e7e00000, 0x00000000e7e00000| Untracked 
| 127|0x00000000e7f00000, 0x00000000e7f00000, 0x00000000e8000000|  0%| F|  |TAMS 0x00000000e7f00000, 0x00000000e7f00000| Untracked 
| 128|0x00000000e8000000, 0x00000000e8000000, 0x00000000e8100000|  0%| F|  |TAMS 0x00000000e8000000, 0x00000000e8000000| Untracked 
| 129|0x00000000e8100000, 0x00000000e8100000, 0x00000000e8200000|  0%| F|  |TAMS 0x00000000e8100000, 0x00000000e8100000| Untracked 
| 130|0x00000000e8200000, 0x00000000e8200000, 0x00000000e8300000|  0%| F|  |TAMS 0x00000000e8200000, 0x00000000e8200000| Untracked 
| 131|0x00000000e8300000, 0x00000000e8300000, 0x00000000e8400000|  0%| F|  |TAMS 0x00000000e8300000, 0x00000000e8300000| Untracked 
| 132|0x00000000e8400000, 0x00000000e8400000, 0x00000000e8500000|  0%| F|  |TAMS 0x00000000e8400000, 0x00000000e8400000| Untracked 
| 133|0x00000000e8500000, 0x00000000e8500000, 0x00000000e8600000|  0%| F|  |TAMS 0x00000000e8500000, 0x00000000e8500000| Untracked 
| 134|0x00000000e8600000, 0x00000000e8600000, 0x00000000e8700000|  0%| F|  |TAMS 0x00000000e8600000, 0x00000000e8600000| Untracked 
| 135|0x00000000e8700000, 0x00000000e8700000, 0x00000000e8800000|  0%| F|  |TAMS 0x00000000e8700000, 0x00000000e8700000| Untracked 
| 136|0x00000000e8800000, 0x00000000e8800000, 0x00000000e8900000|  0%| F|  |TAMS 0x00000000e8800000, 0x00000000e8800000| Untracked 
| 137|0x00000000e8900000, 0x00000000e8900000, 0x00000000e8a00000|  0%| F|  |TAMS 0x00000000e8900000, 0x00000000e8900000| Untracked 
| 138|0x00000000e8a00000, 0x00000000e8a00000, 0x00000000e8b00000|  0%| F|  |TAMS 0x00000000e8a00000, 0x00000000e8a00000| Untracked 
| 139|0x00000000e8b00000, 0x00000000e8b00000, 0x00000000e8c00000|  0%| F|  |TAMS 0x00000000e8b00000, 0x00000000e8b00000| Untracked 
| 140|0x00000000e8c00000, 0x00000000e8c00000, 0x00000000e8d00000|  0%| F|  |TAMS 0x00000000e8c00000, 0x00000000e8c00000| Untracked 
| 141|0x00000000e8d00000, 0x00000000e8d00000, 0x00000000e8e00000|  0%| F|  |TAMS 0x00000000e8d00000, 0x00000000e8d00000| Untracked 
| 142|0x00000000e8e00000, 0x00000000e8e00000, 0x00000000e8f00000|  0%| F|  |TAMS 0x00000000e8e00000, 0x00000000e8e00000| Untracked 
| 143|0x00000000e8f00000, 0x00000000e8f00000, 0x00000000e9000000|  0%| F|  |TAMS 0x00000000e8f00000, 0x00000000e8f00000| Untracked 
| 144|0x00000000e9000000, 0x00000000e9000000, 0x00000000e9100000|  0%| F|  |TAMS 0x00000000e9000000, 0x00000000e9000000| Untracked 
| 145|0x00000000e9100000, 0x00000000e9100000, 0x00000000e9200000|  0%| F|  |TAMS 0x00000000e9100000, 0x00000000e9100000| Untracked 
| 146|0x00000000e9200000, 0x00000000e9200000, 0x00000000e9300000|  0%| F|  |TAMS 0x00000000e9200000, 0x00000000e9200000| Untracked 
| 147|0x00000000e9300000, 0x00000000e9300000, 0x00000000e9400000|  0%| F|  |TAMS 0x00000000e9300000, 0x00000000e9300000| Untracked 
| 148|0x00000000e9400000, 0x00000000e9400000, 0x00000000e9500000|  0%| F|  |TAMS 0x00000000e9400000, 0x00000000e9400000| Untracked 
| 149|0x00000000e9500000, 0x00000000e9500000, 0x00000000e9600000|  0%| F|  |TAMS 0x00000000e9500000, 0x00000000e9500000| Untracked 
| 150|0x00000000e9600000, 0x00000000e9600000, 0x00000000e9700000|  0%| F|  |TAMS 0x00000000e9600000, 0x00000000e9600000| Untracked 
| 151|0x00000000e9700000, 0x00000000e9700000, 0x00000000e9800000|  0%| F|  |TAMS 0x00000000e9700000, 0x00000000e9700000| Untracked 
| 152|0x00000000e9800000, 0x00000000e9800000, 0x00000000e9900000|  0%| F|  |TAMS 0x00000000e9800000, 0x00000000e9800000| Untracked 
| 153|0x00000000e9900000, 0x00000000e9900000, 0x00000000e9a00000|  0%| F|  |TAMS 0x00000000e9900000, 0x00000000e9900000| Untracked 
| 154|0x00000000e9a00000, 0x00000000e9a00000, 0x00000000e9b00000|  0%| F|  |TAMS 0x00000000e9a00000, 0x00000000e9a00000| Untracked 
| 155|0x00000000e9b00000, 0x00000000e9b00000, 0x00000000e9c00000|  0%| F|  |TAMS 0x00000000e9b00000, 0x00000000e9b00000| Untracked 
| 156|0x00000000e9c00000, 0x00000000e9c00000, 0x00000000e9d00000|  0%| F|  |TAMS 0x00000000e9c00000, 0x00000000e9c00000| Untracked 
| 157|0x00000000e9d00000, 0x00000000e9d00000, 0x00000000e9e00000|  0%| F|  |TAMS 0x00000000e9d00000, 0x00000000e9d00000| Untracked 
| 158|0x00000000e9e00000, 0x00000000e9e00000, 0x00000000e9f00000|  0%| F|  |TAMS 0x00000000e9e00000, 0x00000000e9e00000| Untracked 
| 159|0x00000000e9f00000, 0x00000000e9f00000, 0x00000000ea000000|  0%| F|  |TAMS 0x00000000e9f00000, 0x00000000e9f00000| Untracked 
| 160|0x00000000ea000000, 0x00000000ea000000, 0x00000000ea100000|  0%| F|  |TAMS 0x00000000ea000000, 0x00000000ea000000| Untracked 
| 161|0x00000000ea100000, 0x00000000ea100000, 0x00000000ea200000|  0%| F|  |TAMS 0x00000000ea100000, 0x00000000ea100000| Untracked 
| 162|0x00000000ea200000, 0x00000000ea200000, 0x00000000ea300000|  0%| F|  |TAMS 0x00000000ea200000, 0x00000000ea200000| Untracked 
| 163|0x00000000ea300000, 0x00000000ea300000, 0x00000000ea400000|  0%| F|  |TAMS 0x00000000ea300000, 0x00000000ea300000| Untracked 
| 164|0x00000000ea400000, 0x00000000ea400000, 0x00000000ea500000|  0%| F|  |TAMS 0x00000000ea400000, 0x00000000ea400000| Untracked 
| 165|0x00000000ea500000, 0x00000000ea500000, 0x00000000ea600000|  0%| F|  |TAMS 0x00000000ea500000, 0x00000000ea500000| Untracked 
| 166|0x00000000ea600000, 0x00000000ea600000, 0x00000000ea700000|  0%| F|  |TAMS 0x00000000ea600000, 0x00000000ea600000| Untracked 
| 167|0x00000000ea700000, 0x00000000ea700000, 0x00000000ea800000|  0%| F|  |TAMS 0x00000000ea700000, 0x00000000ea700000| Untracked 
| 168|0x00000000ea800000, 0x00000000ea800000, 0x00000000ea900000|  0%| F|  |TAMS 0x00000000ea800000, 0x00000000ea800000| Untracked 
| 169|0x00000000ea900000, 0x00000000ea900000, 0x00000000eaa00000|  0%| F|  |TAMS 0x00000000ea900000, 0x00000000ea900000| Untracked 
| 170|0x00000000eaa00000, 0x00000000eaa94590, 0x00000000eab00000| 57%| S|CS|TAMS 0x00000000eaa00000, 0x00000000eaa00000| Complete 
| 171|0x00000000eab00000, 0x00000000eac00000, 0x00000000eac00000|100%| S|CS|TAMS 0x00000000eab00000, 0x00000000eab00000| Complete 
| 172|0x00000000eac00000, 0x00000000ead00000, 0x00000000ead00000|100%| S|CS|TAMS 0x00000000eac00000, 0x00000000eac00000| Complete 
| 173|0x00000000ead00000, 0x00000000eae00000, 0x00000000eae00000|100%| S|CS|TAMS 0x00000000ead00000, 0x00000000ead00000| Complete 
| 174|0x00000000eae00000, 0x00000000eaf00000, 0x00000000eaf00000|100%| S|CS|TAMS 0x00000000eae00000, 0x00000000eae00000| Complete 
| 175|0x00000000eaf00000, 0x00000000eb000000, 0x00000000eb000000|100%| S|CS|TAMS 0x00000000eaf00000, 0x00000000eaf00000| Complete 
| 176|0x00000000eb000000, 0x00000000eb000000, 0x00000000eb100000|  0%| F|  |TAMS 0x00000000eb000000, 0x00000000eb000000| Untracked 
| 177|0x00000000eb100000, 0x00000000eb100000, 0x00000000eb200000|  0%| F|  |TAMS 0x00000000eb100000, 0x00000000eb100000| Untracked 
| 178|0x00000000eb200000, 0x00000000eb200000, 0x00000000eb300000|  0%| F|  |TAMS 0x00000000eb200000, 0x00000000eb200000| Untracked 
| 179|0x00000000eb300000, 0x00000000eb300000, 0x00000000eb400000|  0%| F|  |TAMS 0x00000000eb300000, 0x00000000eb300000| Untracked 
| 180|0x00000000eb400000, 0x00000000eb400000, 0x00000000eb500000|  0%| F|  |TAMS 0x00000000eb400000, 0x00000000eb400000| Untracked 
| 181|0x00000000eb500000, 0x00000000eb500000, 0x00000000eb600000|  0%| F|  |TAMS 0x00000000eb500000, 0x00000000eb500000| Untracked 
| 182|0x00000000eb600000, 0x00000000eb600000, 0x00000000eb700000|  0%| F|  |TAMS 0x00000000eb600000, 0x00000000eb600000| Untracked 
| 183|0x00000000eb700000, 0x00000000eb700000, 0x00000000eb800000|  0%| F|  |TAMS 0x00000000eb700000, 0x00000000eb700000| Untracked 
| 184|0x00000000eb800000, 0x00000000eb800000, 0x00000000eb900000|  0%| F|  |TAMS 0x00000000eb800000, 0x00000000eb800000| Untracked 
| 185|0x00000000eb900000, 0x00000000eb900000, 0x00000000eba00000|  0%| F|  |TAMS 0x00000000eb900000, 0x00000000eb900000| Untracked 
| 186|0x00000000eba00000, 0x00000000eba00000, 0x00000000ebb00000|  0%| F|  |TAMS 0x00000000eba00000, 0x00000000eba00000| Untracked 
| 187|0x00000000ebb00000, 0x00000000ebb00000, 0x00000000ebc00000|  0%| F|  |TAMS 0x00000000ebb00000, 0x00000000ebb00000| Untracked 
| 188|0x00000000ebc00000, 0x00000000ebc00000, 0x00000000ebd00000|  0%| F|  |TAMS 0x00000000ebc00000, 0x00000000ebc00000| Untracked 
| 189|0x00000000ebd00000, 0x00000000ebd00000, 0x00000000ebe00000|  0%| F|  |TAMS 0x00000000ebd00000, 0x00000000ebd00000| Untracked 
| 190|0x00000000ebe00000, 0x00000000ebe00000, 0x00000000ebf00000|  0%| F|  |TAMS 0x00000000ebe00000, 0x00000000ebe00000| Untracked 
| 191|0x00000000ebf00000, 0x00000000ebf00000, 0x00000000ec000000|  0%| F|  |TAMS 0x00000000ebf00000, 0x00000000ebf00000| Untracked 
| 192|0x00000000ec000000, 0x00000000ec000000, 0x00000000ec100000|  0%| F|  |TAMS 0x00000000ec000000, 0x00000000ec000000| Untracked 
| 193|0x00000000ec100000, 0x00000000ec100000, 0x00000000ec200000|  0%| F|  |TAMS 0x00000000ec100000, 0x00000000ec100000| Untracked 
| 194|0x00000000ec200000, 0x00000000ec200000, 0x00000000ec300000|  0%| F|  |TAMS 0x00000000ec200000, 0x00000000ec200000| Untracked 
| 195|0x00000000ec300000, 0x00000000ec300000, 0x00000000ec400000|  0%| F|  |TAMS 0x00000000ec300000, 0x00000000ec300000| Untracked 
| 196|0x00000000ec400000, 0x00000000ec400000, 0x00000000ec500000|  0%| F|  |TAMS 0x00000000ec400000, 0x00000000ec400000| Untracked 
| 197|0x00000000ec500000, 0x00000000ec500000, 0x00000000ec600000|  0%| F|  |TAMS 0x00000000ec500000, 0x00000000ec500000| Untracked 
| 198|0x00000000ec600000, 0x00000000ec600000, 0x00000000ec700000|  0%| F|  |TAMS 0x00000000ec600000, 0x00000000ec600000| Untracked 
| 199|0x00000000ec700000, 0x00000000ec700000, 0x00000000ec800000|  0%| F|  |TAMS 0x00000000ec700000, 0x00000000ec700000| Untracked 
| 200|0x00000000ec800000, 0x00000000ec800000, 0x00000000ec900000|  0%| F|  |TAMS 0x00000000ec800000, 0x00000000ec800000| Untracked 
| 201|0x00000000ec900000, 0x00000000ec900000, 0x00000000eca00000|  0%| F|  |TAMS 0x00000000ec900000, 0x00000000ec900000| Untracked 
| 202|0x00000000eca00000, 0x00000000eca00000, 0x00000000ecb00000|  0%| F|  |TAMS 0x00000000eca00000, 0x00000000eca00000| Untracked 
| 203|0x00000000ecb00000, 0x00000000ecb00000, 0x00000000ecc00000|  0%| F|  |TAMS 0x00000000ecb00000, 0x00000000ecb00000| Untracked 
| 204|0x00000000ecc00000, 0x00000000ecc00000, 0x00000000ecd00000|  0%| F|  |TAMS 0x00000000ecc00000, 0x00000000ecc00000| Untracked 
| 205|0x00000000ecd00000, 0x00000000ecd00000, 0x00000000ece00000|  0%| F|  |TAMS 0x00000000ecd00000, 0x00000000ecd00000| Untracked 
| 206|0x00000000ece00000, 0x00000000ece00000, 0x00000000ecf00000|  0%| F|  |TAMS 0x00000000ece00000, 0x00000000ece00000| Untracked 
| 207|0x00000000ecf00000, 0x00000000ecf00000, 0x00000000ed000000|  0%| F|  |TAMS 0x00000000ecf00000, 0x00000000ecf00000| Untracked 
| 208|0x00000000ed000000, 0x00000000ed000000, 0x00000000ed100000|  0%| F|  |TAMS 0x00000000ed000000, 0x00000000ed000000| Untracked 
| 209|0x00000000ed100000, 0x00000000ed100000, 0x00000000ed200000|  0%| F|  |TAMS 0x00000000ed100000, 0x00000000ed100000| Untracked 
| 210|0x00000000ed200000, 0x00000000ed200000, 0x00000000ed300000|  0%| F|  |TAMS 0x00000000ed200000, 0x00000000ed200000| Untracked 
| 211|0x00000000ed300000, 0x00000000ed300000, 0x00000000ed400000|  0%| F|  |TAMS 0x00000000ed300000, 0x00000000ed300000| Untracked 
| 212|0x00000000ed400000, 0x00000000ed400000, 0x00000000ed500000|  0%| F|  |TAMS 0x00000000ed400000, 0x00000000ed400000| Untracked 
| 213|0x00000000ed500000, 0x00000000ed500000, 0x00000000ed600000|  0%| F|  |TAMS 0x00000000ed500000, 0x00000000ed500000| Untracked 
| 214|0x00000000ed600000, 0x00000000ed600000, 0x00000000ed700000|  0%| F|  |TAMS 0x00000000ed600000, 0x00000000ed600000| Untracked 
| 215|0x00000000ed700000, 0x00000000ed700000, 0x00000000ed800000|  0%| F|  |TAMS 0x00000000ed700000, 0x00000000ed700000| Untracked 
| 216|0x00000000ed800000, 0x00000000ed800000, 0x00000000ed900000|  0%| F|  |TAMS 0x00000000ed800000, 0x00000000ed800000| Untracked 
| 217|0x00000000ed900000, 0x00000000ed900000, 0x00000000eda00000|  0%| F|  |TAMS 0x00000000ed900000, 0x00000000ed900000| Untracked 
| 218|0x00000000eda00000, 0x00000000eda00000, 0x00000000edb00000|  0%| F|  |TAMS 0x00000000eda00000, 0x00000000eda00000| Untracked 
| 219|0x00000000edb00000, 0x00000000edb00000, 0x00000000edc00000|  0%| F|  |TAMS 0x00000000edb00000, 0x00000000edb00000| Untracked 
| 220|0x00000000edc00000, 0x00000000edce0080, 0x00000000edd00000| 87%| E|  |TAMS 0x00000000edc00000, 0x00000000edc00000| Complete 
| 221|0x00000000edd00000, 0x00000000ede00000, 0x00000000ede00000|100%| E|CS|TAMS 0x00000000edd00000, 0x00000000edd00000| Complete 
| 222|0x00000000ede00000, 0x00000000edf00000, 0x00000000edf00000|100%| E|CS|TAMS 0x00000000ede00000, 0x00000000ede00000| Complete 
| 223|0x00000000edf00000, 0x00000000ee000000, 0x00000000ee000000|100%| E|CS|TAMS 0x00000000edf00000, 0x00000000edf00000| Complete 
| 224|0x00000000ee000000, 0x00000000ee100000, 0x00000000ee100000|100%| E|CS|TAMS 0x00000000ee000000, 0x00000000ee000000| Complete 
| 225|0x00000000ee100000, 0x00000000ee200000, 0x00000000ee200000|100%| E|CS|TAMS 0x00000000ee100000, 0x00000000ee100000| Complete 
| 226|0x00000000ee200000, 0x00000000ee300000, 0x00000000ee300000|100%| E|CS|TAMS 0x00000000ee200000, 0x00000000ee200000| Complete 
| 227|0x00000000ee300000, 0x00000000ee400000, 0x00000000ee400000|100%| E|  |TAMS 0x00000000ee300000, 0x00000000ee300000| Complete 
| 228|0x00000000ee400000, 0x00000000ee500000, 0x00000000ee500000|100%| E|CS|TAMS 0x00000000ee400000, 0x00000000ee400000| Complete 
| 229|0x00000000ee500000, 0x00000000ee600000, 0x00000000ee600000|100%| E|CS|TAMS 0x00000000ee500000, 0x00000000ee500000| Complete 
| 230|0x00000000ee600000, 0x00000000ee700000, 0x00000000ee700000|100%| E|CS|TAMS 0x00000000ee600000, 0x00000000ee600000| Complete 
| 231|0x00000000ee700000, 0x00000000ee800000, 0x00000000ee800000|100%| E|CS|TAMS 0x00000000ee700000, 0x00000000ee700000| Complete 
| 232|0x00000000ee800000, 0x00000000ee900000, 0x00000000ee900000|100%| E|CS|TAMS 0x00000000ee800000, 0x00000000ee800000| Complete 
| 233|0x00000000ee900000, 0x00000000eea00000, 0x00000000eea00000|100%| E|CS|TAMS 0x00000000ee900000, 0x00000000ee900000| Complete 
| 234|0x00000000eea00000, 0x00000000eeb00000, 0x00000000eeb00000|100%| E|CS|TAMS 0x00000000eea00000, 0x00000000eea00000| Complete 
| 235|0x00000000eeb00000, 0x00000000eec00000, 0x00000000eec00000|100%| E|CS|TAMS 0x00000000eeb00000, 0x00000000eeb00000| Complete 
| 236|0x00000000eec00000, 0x00000000eed00000, 0x00000000eed00000|100%| E|CS|TAMS 0x00000000eec00000, 0x00000000eec00000| Complete 
| 237|0x00000000eed00000, 0x00000000eee00000, 0x00000000eee00000|100%| E|CS|TAMS 0x00000000eed00000, 0x00000000eed00000| Complete 
| 238|0x00000000eee00000, 0x00000000eef00000, 0x00000000eef00000|100%| E|CS|TAMS 0x00000000eee00000, 0x00000000eee00000| Complete 
| 239|0x00000000eef00000, 0x00000000ef000000, 0x00000000ef000000|100%| E|CS|TAMS 0x00000000eef00000, 0x00000000eef00000| Complete 
| 240|0x00000000ef000000, 0x00000000ef100000, 0x00000000ef100000|100%| E|CS|TAMS 0x00000000ef000000, 0x00000000ef000000| Complete 
| 241|0x00000000ef100000, 0x00000000ef200000, 0x00000000ef200000|100%| E|CS|TAMS 0x00000000ef100000, 0x00000000ef100000| Complete 
| 242|0x00000000ef200000, 0x00000000ef300000, 0x00000000ef300000|100%| E|CS|TAMS 0x00000000ef200000, 0x00000000ef200000| Complete 
| 243|0x00000000ef300000, 0x00000000ef400000, 0x00000000ef400000|100%| E|CS|TAMS 0x00000000ef300000, 0x00000000ef300000| Complete 
| 244|0x00000000ef400000, 0x00000000ef500000, 0x00000000ef500000|100%| E|CS|TAMS 0x00000000ef400000, 0x00000000ef400000| Complete 
| 245|0x00000000ef500000, 0x00000000ef600000, 0x00000000ef600000|100%| E|CS|TAMS 0x00000000ef500000, 0x00000000ef500000| Complete 
| 246|0x00000000ef600000, 0x00000000ef700000, 0x00000000ef700000|100%| E|CS|TAMS 0x00000000ef600000, 0x00000000ef600000| Complete 
| 247|0x00000000ef700000, 0x00000000ef800000, 0x00000000ef800000|100%| E|CS|TAMS 0x00000000ef700000, 0x00000000ef700000| Complete 
| 248|0x00000000ef800000, 0x00000000ef900000, 0x00000000ef900000|100%| E|CS|TAMS 0x00000000ef800000, 0x00000000ef800000| Complete 
| 249|0x00000000ef900000, 0x00000000efa00000, 0x00000000efa00000|100%| E|CS|TAMS 0x00000000ef900000, 0x00000000ef900000| Complete 
| 250|0x00000000efa00000, 0x00000000efb00000, 0x00000000efb00000|100%| E|CS|TAMS 0x00000000efa00000, 0x00000000efa00000| Complete 
| 251|0x00000000efb00000, 0x00000000efc00000, 0x00000000efc00000|100%| E|CS|TAMS 0x00000000efb00000, 0x00000000efb00000| Complete 
| 252|0x00000000efc00000, 0x00000000efd00000, 0x00000000efd00000|100%| E|CS|TAMS 0x00000000efc00000, 0x00000000efc00000| Complete 
| 253|0x00000000efd00000, 0x00000000efe00000, 0x00000000efe00000|100%| E|CS|TAMS 0x00000000efd00000, 0x00000000efd00000| Complete 
| 254|0x00000000efe00000, 0x00000000eff00000, 0x00000000eff00000|100%| E|CS|TAMS 0x00000000efe00000, 0x00000000efe00000| Complete 
| 255|0x00000000eff00000, 0x00000000f0000000, 0x00000000f0000000|100%| E|CS|TAMS 0x00000000eff00000, 0x00000000eff00000| Complete 

Card table byte_map: [0x00000207a9900000,0x00000207a9a00000] _byte_map_base: 0x00000207a9200000

Marking Bits (Prev, Next): (CMBitMap*) 0x00000207a9b26dd0, (CMBitMap*) 0x00000207a9b26e10
 Prev Bits: [0x00000207bc0d0000, 0x00000207bc8d0000)
 Next Bits: [0x00000207bc8d0000, 0x00000207bd0d0000)

Polling page: 0x00000207a78a0000

Metaspace:

Usage:
  Non-class:     79.44 MB used.
      Class:     12.33 MB used.
       Both:     91.78 MB used.

Virtual space:
  Non-class space:       88.00 MB reserved,      79.88 MB ( 91%) committed,  11 nodes.
      Class space:      208.00 MB reserved,      12.69 MB (  6%) committed,  1 nodes.
             Both:      296.00 MB reserved,      92.56 MB ( 31%) committed. 

Chunk freelists:
   Non-Class:  3.59 MB
       Class:  3.28 MB
        Both:  6.88 MB

MaxMetaspaceSize: 256.00 MB
CompressedClassSpaceSize: 208.00 MB
Initial GC threshold: 21.00 MB
Current GC threshold: 133.56 MB
CDS: off
MetaspaceReclaimPolicy: balanced
 - commit_granule_bytes: 65536.
 - commit_granule_words: 8192.
 - virtual_space_node_default_size: 1048576.
 - enlarge_chunks_in_place: 1.
 - new_chunks_are_fully_committed: 0.
 - uncommit_free_chunks: 1.
 - use_allocation_guard: 0.
 - handle_deallocations: 1.


Internal statistics:

num_allocs_failed_limit: 15.
num_arena_births: 944.
num_arena_deaths: 0.
num_vsnodes_births: 12.
num_vsnodes_deaths: 0.
num_space_committed: 1480.
num_space_uncommitted: 0.
num_chunks_returned_to_freelist: 15.
num_chunks_taken_from_freelist: 4436.
num_chunk_merges: 12.
num_chunk_splits: 2910.
num_chunks_enlarged: 1913.
num_purges: 0.
num_inconsistent_stats: 0.

CodeHeap 'non-profiled nmethods': size=120000Kb used=4368Kb max_used=4368Kb free=115631Kb
 bounds [0x00000207b4aa0000, 0x00000207b4ef0000, 0x00000207bbfd0000]
CodeHeap 'profiled nmethods': size=120000Kb used=17394Kb max_used=17394Kb free=102605Kb
 bounds [0x00000207acfd0000, 0x00000207ae0d0000, 0x00000207b4500000]
CodeHeap 'non-nmethods': size=5760Kb used=2409Kb max_used=2457Kb free=3350Kb
 bounds [0x00000207b4500000, 0x00000207b4780000, 0x00000207b4aa0000]
 total_blobs=9654 nmethods=8712 adapters=854
 compilation: enabled
              stopped_count=0, restarted_count=0
 full_count=0

Compilation events (20 events):
Event: 24.801 Thread 0x00000207c0140c20 9555       2       org.gradle.internal.snapshot.MerkleDirectorySnapshotBuilder::visitLeafElement (6 bytes)
Event: 24.801 Thread 0x00000207c0140c20 nmethod 9555 0x00000207ae0bec10 code [0x00000207ae0beda0, 0x00000207ae0beec8]
Event: 24.801 Thread 0x00000207c0140c20 9560       2       org.gradle.internal.snapshot.impl.DirectorySnapshotter$PathVisitor::shouldVisit (92 bytes)
Event: 24.802 Thread 0x00000207c0140c20 nmethod 9560 0x00000207ae0bef90 code [0x00000207ae0bf1a0, 0x00000207ae0bf578]
Event: 24.802 Thread 0x00000207c0140c20 9556       2       org.gradle.internal.snapshot.impl.DirectorySnapshotterStatistics$CollectingFileVisitor::visitFile (10 bytes)
Event: 24.802 Thread 0x00000207c0140c20 nmethod 9556 0x00000207ae0bf810 code [0x00000207ae0bf9c0, 0x00000207ae0bfb78]
Event: 24.802 Thread 0x00000207c0140c20 9557       2       org.gradle.internal.snapshot.impl.DirectorySnapshotterStatistics$CollectingFileVisitor::visitFile (14 bytes)
Event: 24.803 Thread 0x00000207c0140c20 nmethod 9557 0x00000207ae0bfd10 code [0x00000207ae0bfec0, 0x00000207ae0c0038]
Event: 24.803 Thread 0x00000207c0140c20 9559   !   2       org.gradle.internal.snapshot.impl.DirectorySnapshotter$PathVisitor::doVisitFile (195 bytes)
Event: 24.805 Thread 0x00000207c0140c20 nmethod 9559 0x00000207ae0c0190 code [0x00000207ae0c04c0, 0x00000207ae0c1008]
Event: 24.805 Thread 0x00000207c0140c20 9561       2       java.util.Comparator$$Lambda$403/0x000000010025a9a8::compare (14 bytes)
Event: 24.805 Thread 0x00000207c0140c20 nmethod 9561 0x00000207ae0c1b10 code [0x00000207ae0c1cc0, 0x00000207ae0c1e68]
Event: 24.805 Thread 0x00000207c0140c20 9562       2       java.util.Comparator::lambda$comparing$ea9a8b3a$1 (21 bytes)
Event: 24.805 Thread 0x00000207c0140c20 nmethod 9562 0x00000207ae0c1f90 code [0x00000207ae0c2140, 0x00000207ae0c22c8]
Event: 24.805 Thread 0x00000207c0140c20 9563       2       org.gradle.internal.snapshot.FileSystemLocationSnapshot$$Lambda$402/0x0000000100507af0::compare (12 bytes)
Event: 24.806 Thread 0x00000207c0140c20 nmethod 9563 0x00000207ae0c2390 code [0x00000207ae0c2540, 0x00000207ae0c2738]
Event: 24.806 Thread 0x00000207c0140c20 9558       2       org.gradle.internal.snapshot.impl.DirectorySnapshotterStatistics$Collector::recordVisitFile (9 bytes)
Event: 24.806 Thread 0x00000207c0140c20 nmethod 9558 0x00000207ae0c2890 code [0x00000207ae0c2a20, 0x00000207ae0c2b48]
Event: 24.806 Thread 0x00000207c0140c20 9564       2       org.gradle.internal.snapshot.PathUtil::compareFileNames (20 bytes)
Event: 24.806 Thread 0x00000207c0140c20 nmethod 9564 0x00000207ae0c2c10 code [0x00000207ae0c2dc0, 0x00000207ae0c2f18]

GC Heap History (20 events):
Event: 5.990 GC heap before
{Heap before GC invocations=5 (full 0):
 garbage-first heap   total 262144K, used 66500K [0x00000000e0000000, 0x0000000100000000)
  region size 1024K, 56 young (57344K), 8 survivors (8192K)
 Metaspace       used 29165K, committed 29504K, reserved 245760K
  class space    used 3940K, committed 4096K, reserved 212992K
}
Event: 6.003 GC heap after
{Heap after GC invocations=6 (full 0):
 garbage-first heap   total 262144K, used 22023K [0x00000000e0000000, 0x0000000100000000)
  region size 1024K, 4 young (4096K), 4 survivors (4096K)
 Metaspace       used 29165K, committed 29504K, reserved 245760K
  class space    used 3940K, committed 4096K, reserved 212992K
}
Event: 6.724 GC heap before
{Heap before GC invocations=6 (full 0):
 garbage-first heap   total 262144K, used 51719K [0x00000000e0000000, 0x0000000100000000)
  region size 1024K, 12 young (12288K), 4 survivors (4096K)
 Metaspace       used 29634K, committed 30016K, reserved 245760K
  class space    used 4025K, committed 4224K, reserved 212992K
}
Event: 6.740 GC heap after
{Heap after GC invocations=7 (full 0):
 garbage-first heap   total 262144K, used 48287K [0x00000000e0000000, 0x0000000100000000)
  region size 1024K, 2 young (2048K), 2 survivors (2048K)
 Metaspace       used 29634K, committed 30016K, reserved 245760K
  class space    used 4025K, committed 4224K, reserved 212992K
}
Event: 8.731 GC heap before
{Heap before GC invocations=7 (full 0):
 garbage-first heap   total 262144K, used 89247K [0x00000000e0000000, 0x0000000100000000)
  region size 1024K, 44 young (45056K), 2 survivors (2048K)
 Metaspace       used 35614K, committed 35968K, reserved 245760K
  class space    used 4941K, committed 5120K, reserved 212992K
}
Event: 8.738 GC heap after
{Heap after GC invocations=8 (full 0):
 garbage-first heap   total 262144K, used 49749K [0x00000000e0000000, 0x0000000100000000)
  region size 1024K, 4 young (4096K), 4 survivors (4096K)
 Metaspace       used 35614K, committed 35968K, reserved 245760K
  class space    used 4941K, committed 5120K, reserved 212992K
}
Event: 14.638 GC heap before
{Heap before GC invocations=9 (full 0):
 garbage-first heap   total 262144K, used 211541K [0x00000000e0000000, 0x0000000100000000)
  region size 1024K, 153 young (156672K), 4 survivors (4096K)
 Metaspace       used 54073K, committed 54656K, reserved 262144K
  class space    used 7230K, committed 7488K, reserved 212992K
}
Event: 14.667 GC heap after
{Heap after GC invocations=10 (full 0):
 garbage-first heap   total 262144K, used 71286K [0x00000000e0000000, 0x0000000100000000)
  region size 1024K, 19 young (19456K), 19 survivors (19456K)
 Metaspace       used 54073K, committed 54656K, reserved 262144K
  class space    used 7230K, committed 7488K, reserved 212992K
}
Event: 14.713 GC heap before
{Heap before GC invocations=10 (full 0):
 garbage-first heap   total 262144K, used 72310K [0x00000000e0000000, 0x0000000100000000)
  region size 1024K, 20 young (20480K), 19 survivors (19456K)
 Metaspace       used 54176K, committed 54784K, reserved 262144K
  class space    used 7244K, committed 7488K, reserved 212992K
}
Event: 14.738 GC heap after
{Heap after GC invocations=11 (full 0):
 garbage-first heap   total 262144K, used 72311K [0x00000000e0000000, 0x0000000100000000)
  region size 1024K, 2 young (2048K), 2 survivors (2048K)
 Metaspace       used 54176K, committed 54784K, reserved 262144K
  class space    used 7244K, committed 7488K, reserved 212992K
}
Event: 16.664 GC heap before
{Heap before GC invocations=11 (full 0):
 garbage-first heap   total 262144K, used 147063K [0x00000000e0000000, 0x0000000100000000)
  region size 1024K, 73 young (74752K), 2 survivors (2048K)
 Metaspace       used 59725K, committed 60288K, reserved 270336K
  class space    used 7909K, committed 8192K, reserved 212992K
}
Event: 16.674 GC heap after
{Heap after GC invocations=12 (full 0):
 garbage-first heap   total 262144K, used 82452K [0x00000000e0000000, 0x0000000100000000)
  region size 1024K, 9 young (9216K), 9 survivors (9216K)
 Metaspace       used 59725K, committed 60288K, reserved 270336K
  class space    used 7909K, committed 8192K, reserved 212992K
}
Event: 18.875 GC heap before
{Heap before GC invocations=13 (full 0):
 garbage-first heap   total 262144K, used 198164K [0x00000000e0000000, 0x0000000100000000)
  region size 1024K, 116 young (118784K), 9 survivors (9216K)
 Metaspace       used 69553K, committed 70208K, reserved 278528K
  class space    used 9228K, committed 9536K, reserved 212992K
}
Event: 18.894 GC heap after
{Heap after GC invocations=14 (full 0):
 garbage-first heap   total 262144K, used 91129K [0x00000000e0000000, 0x0000000100000000)
  region size 1024K, 9 young (9216K), 9 survivors (9216K)
 Metaspace       used 69553K, committed 70208K, reserved 278528K
  class space    used 9228K, committed 9536K, reserved 212992K
}
Event: 18.923 GC heap before
{Heap before GC invocations=14 (full 0):
 garbage-first heap   total 262144K, used 94201K [0x00000000e0000000, 0x0000000100000000)
  region size 1024K, 12 young (12288K), 9 survivors (9216K)
 Metaspace       used 69553K, committed 70208K, reserved 278528K
  class space    used 9228K, committed 9536K, reserved 212992K
}
Event: 18.938 GC heap after
{Heap after GC invocations=15 (full 0):
 garbage-first heap   total 262144K, used 91605K [0x00000000e0000000, 0x0000000100000000)
  region size 1024K, 1 young (1024K), 1 survivors (1024K)
 Metaspace       used 69553K, committed 70208K, reserved 278528K
  class space    used 9228K, committed 9536K, reserved 212992K
}
Event: 21.956 GC heap before
{Heap before GC invocations=15 (full 0):
 garbage-first heap   total 262144K, used 221653K [0x00000000e0000000, 0x0000000100000000)
  region size 1024K, 106 young (108544K), 1 survivors (1024K)
 Metaspace       used 80946K, committed 81664K, reserved 286720K
  class space    used 11004K, committed 11328K, reserved 212992K
}
Event: 21.969 GC heap after
{Heap after GC invocations=16 (full 0):
 garbage-first heap   total 262144K, used 124373K [0x00000000e0000000, 0x0000000100000000)
  region size 1024K, 11 young (11264K), 11 survivors (11264K)
 Metaspace       used 80946K, committed 81664K, reserved 286720K
  class space    used 11004K, committed 11328K, reserved 212992K
}
Event: 24.228 GC heap before
{Heap before GC invocations=17 (full 0):
 garbage-first heap   total 262144K, used 206293K [0x00000000e0000000, 0x0000000100000000)
  region size 1024K, 91 young (93184K), 11 survivors (11264K)
 Metaspace       used 91699K, committed 92480K, reserved 294912K
  class space    used 12428K, committed 12800K, reserved 212992K
}
Event: 24.245 GC heap after
{Heap after GC invocations=18 (full 0):
 garbage-first heap   total 262144K, used 130208K [0x00000000e0000000, 0x0000000100000000)
  region size 1024K, 6 young (6144K), 6 survivors (6144K)
 Metaspace       used 91699K, committed 92480K, reserved 294912K
  class space    used 12428K, committed 12800K, reserved 212992K
}

Dll operation events (2 events):
Event: 0.010 Loaded shared library D:\Android_Studio\jbr\bin\java.dll
Event: 0.972 Loaded shared library D:\Android_Studio\jbr\bin\verify.dll

Deoptimization events (20 events):
Event: 24.577 Thread 0x00000207c30690f0 DEOPT PACKING pc=0x00000207b4d7b324 sp=0x000000869cff7880
Event: 24.577 Thread 0x00000207c30690f0 DEOPT UNPACKING pc=0x00000207b45569a3 sp=0x000000869cff77e0 mode 2
Event: 24.706 Thread 0x00000207c30b3160 DEOPT PACKING pc=0x00000207ad34d61b sp=0x000000869e8fd0d0
Event: 24.706 Thread 0x00000207c30b3160 DEOPT UNPACKING pc=0x00000207b4557143 sp=0x000000869e8fc540 mode 0
Event: 24.707 Thread 0x00000207c59e8380 Uncommon trap: trap_request=0xffffff54 fr.pc=0x00000207b4c46bcc relative=0x000000000000106c
Event: 24.707 Thread 0x00000207c59e8380 Uncommon trap: reason=speculate_null_assert action=make_not_entrant pc=0x00000207b4c46bcc method=java.lang.invoke.MethodType$ConcurrentWeakInternSet.add(Ljava/lang/Object;)Ljava/lang/Object; @ 47 c2
Event: 24.707 Thread 0x00000207c59e8380 DEOPT PACKING pc=0x00000207b4c46bcc sp=0x00000086a04fd2c0
Event: 24.707 Thread 0x00000207c59e8380 DEOPT UNPACKING pc=0x00000207b45569a3 sp=0x00000086a04fd258 mode 2
Event: 24.719 Thread 0x00000207c306c5e0 Uncommon trap: trap_request=0xffffffc6 fr.pc=0x00000207b4de95d8 relative=0x0000000000000958
Event: 24.719 Thread 0x00000207c306c5e0 Uncommon trap: reason=bimorphic_or_optimized_type_check action=maybe_recompile pc=0x00000207b4de95d8 method=java.io.BufferedInputStream.read1([BII)I @ 39 c2
Event: 24.719 Thread 0x00000207c306c5e0 DEOPT PACKING pc=0x00000207b4de95d8 sp=0x000000869e3fe4d0
Event: 24.719 Thread 0x00000207c306c5e0 DEOPT UNPACKING pc=0x00000207b45569a3 sp=0x000000869e3fe3e8 mode 2
Event: 24.735 Thread 0x00000207c306c5e0 Uncommon trap: trap_request=0xffffffc6 fr.pc=0x00000207b4de95d8 relative=0x0000000000000958
Event: 24.735 Thread 0x00000207c306c5e0 Uncommon trap: reason=bimorphic_or_optimized_type_check action=maybe_recompile pc=0x00000207b4de95d8 method=java.io.BufferedInputStream.read1([BII)I @ 39 c2
Event: 24.735 Thread 0x00000207c306c5e0 DEOPT PACKING pc=0x00000207b4de95d8 sp=0x000000869e3fe4d0
Event: 24.735 Thread 0x00000207c306c5e0 DEOPT UNPACKING pc=0x00000207b45569a3 sp=0x000000869e3fe3e8 mode 2
Event: 24.742 Thread 0x00000207c59e8850 Uncommon trap: trap_request=0xffffff45 fr.pc=0x00000207b4b71720 relative=0x0000000000000560
Event: 24.742 Thread 0x00000207c59e8850 Uncommon trap: reason=unstable_if action=reinterpret pc=0x00000207b4b71720 method=java.lang.StringLatin1.compareToCI([B[B)I @ 68 c2
Event: 24.742 Thread 0x00000207c59e8850 DEOPT PACKING pc=0x00000207b4b71720 sp=0x00000086a0cfb7d0
Event: 24.742 Thread 0x00000207c59e8850 DEOPT UNPACKING pc=0x00000207b45569a3 sp=0x00000086a0cfb6c0 mode 2

Classes unloaded (0 events):
No events

Classes redefined (0 events):
No events

Internal exceptions (20 events):
Event: 22.266 Thread 0x00000207c30690f0 Exception <a 'java/lang/ClassNotFoundException'{0x00000000eee42498}: org/gradle/api/internal/tasks/DefaultSourceSetContainerCustomizer> (0x00000000eee42498) 
thrown [s\src\hotspot\share\classfile\systemDictionary.cpp, line 256]
Event: 22.268 Thread 0x00000207c30690f0 Exception <a 'java/lang/ClassNotFoundException'{0x00000000eee57b50}: org/gradle/api/internal/tasks/DefaultSourceSetContainer_DecoratedCustomizer> (0x00000000eee57b50) 
thrown [s\src\hotspot\share\classfile\systemDictionary.cpp, line 256]
Event: 22.350 Thread 0x00000207c1abf530 Exception <a 'java/lang/NoSuchMethodError'{0x00000000eec6ec48}: static Lorg/jetbrains/plugins/gradle/tooling/serialization/internal/adapter/kotlin/dsl/InternalKotlinDslScriptsModel;.<clinit>()V> (0x00000000eec6ec48) 
thrown [s\src\hotspot\share\prims\jni.cpp, line 1108]
Event: 22.803 Thread 0x00000207c30690f0 Exception <a 'sun/nio/fs/WindowsException'{0x00000000ede0b4d0}> (0x00000000ede0b4d0) 
thrown [s\src\hotspot\share\prims\jni.cpp, line 517]
Event: 22.980 Thread 0x00000207c30690f0 Exception <a 'java/lang/NullPointerException'{0x00000000ed71f560}> (0x00000000ed71f560) 
thrown [s\src\hotspot\share\interpreter\linkResolver.cpp, line 1447]
Event: 23.228 Thread 0x00000207c30690f0 Implicit null exception at 0x00000207b4e9cd2b to 0x00000207b4e9f17c
Event: 23.425 Thread 0x00000207c30690f0 Exception <a 'sun/nio/fs/WindowsException'{0x00000000ecaec0b0}> (0x00000000ecaec0b0) 
thrown [s\src\hotspot\share\prims\jni.cpp, line 517]
Event: 23.425 Thread 0x00000207c30690f0 Exception <a 'sun/nio/fs/WindowsException'{0x00000000ecaed428}> (0x00000000ecaed428) 
thrown [s\src\hotspot\share\prims\jni.cpp, line 517]
Event: 23.425 Thread 0x00000207c30690f0 Exception <a 'sun/nio/fs/WindowsException'{0x00000000ecaee7f0}> (0x00000000ecaee7f0) 
thrown [s\src\hotspot\share\prims\jni.cpp, line 517]
Event: 23.426 Thread 0x00000207c30690f0 Exception <a 'sun/nio/fs/WindowsException'{0x00000000ecaefbb8}> (0x00000000ecaefbb8) 
thrown [s\src\hotspot\share\prims\jni.cpp, line 517]
Event: 23.701 Thread 0x00000207c30690f0 Exception <a 'java/lang/NoSuchMethodError'{0x00000000ebfa9d18}: 'java.lang.Object java.lang.invoke.DirectMethodHandle$Holder.newInvokeSpecial(java.lang.Object, java.lang.Object, java.lang.Object, java.lang.Object, int, java.lang.Object)'> (0x00000000ebfa9d18) 
thrown [s\src\hotspot\share\interpreter\linkResolver.cpp, line 771]
Event: 23.701 Thread 0x00000207c30690f0 Exception <a 'java/lang/NoSuchMethodError'{0x00000000ebfaedc8}: 'java.lang.Object java.lang.invoke.Invokers$Holder.linkToTargetMethod(java.lang.Object, java.lang.Object, java.lang.Object, int, java.lang.Object, java.lang.Object)'> (0x00000000ebfaedc8) 
thrown [s\src\hotspot\share\interpreter\linkResolver.cpp, line 771]
Event: 23.738 Thread 0x00000207c30690f0 Exception <a 'java/lang/IncompatibleClassChangeError'{0x00000000ebe9bea0}: Found class java.lang.Object, but interface was expected> (0x00000000ebe9bea0) 
thrown [s\src\hotspot\share\interpreter\linkResolver.cpp, line 838]
Event: 23.807 Thread 0x00000207c30b5cb0 Exception <a 'java/lang/IncompatibleClassChangeError'{0x00000000ebc1cab8}: Found class java.lang.Object, but interface was expected> (0x00000000ebc1cab8) 
thrown [s\src\hotspot\share\interpreter\linkResolver.cpp, line 838]
Event: 23.837 Thread 0x00000207c30b5cb0 Exception <a 'java/lang/NoSuchMethodError'{0x00000000ebb194a0}: 'int java.lang.invoke.DirectMethodHandle$Holder.invokeStaticInit(java.lang.Object, java.lang.Object, java.lang.Object, java.lang.Object, java.lang.Object)'> (0x00000000ebb194a0) 
thrown [s\src\hotspot\share\interpreter\linkResolver.cpp, line 771]
Event: 23.884 Thread 0x00000207c30690f0 Exception <a 'java/lang/NoSuchMethodError'{0x00000000eba15548}: 'int java.lang.invoke.DirectMethodHandle$Holder.invokeSpecialIFC(java.lang.Object, java.lang.Object, java.lang.Object)'> (0x00000000eba15548) 
thrown [s\src\hotspot\share\interpreter\linkResolver.cpp, line 771]
Event: 23.966 Thread 0x00000207c30690f0 Exception <a 'java/lang/NoSuchMethodError'{0x00000000eb7b36d8}: 'void java.lang.invoke.DirectMethodHandle$Holder.invokeSpecial(java.lang.Object, java.lang.Object, java.lang.Object, java.lang.Object, int, java.lang.Object, java.lang.Object)'> (0x00000000eb7b36d8) 
thrown [s\src\hotspot\share\interpreter\linkResolver.cpp, line 771]
Event: 24.707 Thread 0x00000207c59e8380 Exception <a 'java/lang/NoSuchMethodError'{0x00000000eee3bed8}: 'java.lang.Object java.lang.invoke.DirectMethodHandle$Holder.invokeSpecialIFC(java.lang.Object, java.lang.Object, java.lang.Object)'> (0x00000000eee3bed8) 
thrown [s\src\hotspot\share\interpreter\linkResolver.cpp, line 771]
Event: 24.707 Thread 0x00000207c30b3160 Exception <a 'java/lang/NoSuchMethodError'{0x00000000eee0a0a0}: 'java.lang.Object java.lang.invoke.DirectMethodHandle$Holder.invokeSpecialIFC(java.lang.Object, java.lang.Object, java.lang.Object)'> (0x00000000eee0a0a0) 
thrown [s\src\hotspot\share\interpreter\linkResolver.cpp, line 771]
Event: 24.707 Thread 0x00000207c59e8850 Exception <a 'java/lang/NoSuchMethodError'{0x00000000eee1df88}: 'java.lang.Object java.lang.invoke.DirectMethodHandle$Holder.invokeSpecialIFC(java.lang.Object, java.lang.Object, java.lang.Object)'> (0x00000000eee1df88) 
thrown [s\src\hotspot\share\interpreter\linkResolver.cpp, line 771]

VM Operations (20 events):
Event: 22.921 Executing VM operation: HandshakeAllThreads
Event: 22.922 Executing VM operation: HandshakeAllThreads done
Event: 23.371 Executing VM operation: HandshakeAllThreads
Event: 23.371 Executing VM operation: HandshakeAllThreads done
Event: 23.371 Executing VM operation: Cleanup
Event: 23.371 Executing VM operation: Cleanup done
Event: 23.450 Executing VM operation: HandshakeAllThreads
Event: 23.450 Executing VM operation: HandshakeAllThreads done
Event: 23.549 Executing VM operation: HandshakeAllThreads
Event: 23.549 Executing VM operation: HandshakeAllThreads done
Event: 23.721 Executing VM operation: HandshakeAllThreads
Event: 23.721 Executing VM operation: HandshakeAllThreads done
Event: 23.725 Executing VM operation: HandshakeAllThreads
Event: 23.726 Executing VM operation: HandshakeAllThreads done
Event: 23.787 Executing VM operation: ICBufferFull
Event: 23.787 Executing VM operation: ICBufferFull done
Event: 24.228 Executing VM operation: G1CollectForAllocation
Event: 24.246 Executing VM operation: G1CollectForAllocation done
Event: 24.636 Executing VM operation: ICBufferFull
Event: 24.636 Executing VM operation: ICBufferFull done

Events (20 events):
Event: 24.074 loading class javax/xml/stream/events/StartElement done
Event: 24.074 loading class com/sun/xml/internal/stream/events/StartElementEvent done
Event: 24.074 loading class com/sun/xml/internal/stream/events/NamespaceImpl
Event: 24.074 loading class javax/xml/stream/events/Namespace
Event: 24.074 loading class javax/xml/stream/events/Attribute
Event: 24.074 loading class javax/xml/stream/events/Attribute done
Event: 24.074 loading class javax/xml/stream/events/Namespace done
Event: 24.074 loading class com/sun/xml/internal/stream/events/AttributeImpl
Event: 24.074 loading class com/sun/xml/internal/stream/events/AttributeImpl done
Event: 24.074 loading class com/sun/xml/internal/stream/events/NamespaceImpl done
Event: 24.074 loading class com/sun/org/apache/xerces/internal/util/NamespaceSupport$Prefixes
Event: 24.074 loading class com/sun/org/apache/xerces/internal/util/NamespaceSupport$Prefixes done
Event: 24.075 loading class com/sun/xml/internal/stream/events/CharacterEvent
Event: 24.075 loading class javax/xml/stream/events/Characters
Event: 24.075 loading class javax/xml/stream/events/Characters done
Event: 24.075 loading class com/sun/xml/internal/stream/events/CharacterEvent done
Event: 24.076 loading class com/sun/xml/internal/stream/events/EndElementEvent
Event: 24.076 loading class javax/xml/stream/events/EndElement
Event: 24.076 loading class javax/xml/stream/events/EndElement done
Event: 24.076 loading class com/sun/xml/internal/stream/events/EndElementEvent done


Dynamic libraries:
0x00007ff7e4260000 - 0x00007ff7e426a000 	D:\Android_Studio\jbr\bin\java.exe
0x00007ffd128b0000 - 0x00007ffd12aa8000 	C:\Windows\SYSTEM32\ntdll.dll
0x00007ffd11e00000 - 0x00007ffd11ebf000 	C:\Windows\System32\KERNEL32.DLL
0x00007ffd10010000 - 0x00007ffd10306000 	C:\Windows\System32\KERNELBASE.dll
0x00007ffd106c0000 - 0x00007ffd107c0000 	C:\Windows\System32\ucrtbase.dll
0x00007ffce90d0000 - 0x00007ffce90e7000 	D:\Android_Studio\jbr\bin\jli.dll
0x00007ffcfe8a0000 - 0x00007ffcfe8bb000 	D:\Android_Studio\jbr\bin\VCRUNTIME140.dll
0x00007ffd11bf0000 - 0x00007ffd11d8d000 	C:\Windows\System32\USER32.dll
0x00007ffd10310000 - 0x00007ffd10332000 	C:\Windows\System32\win32u.dll
0x00007ffd12320000 - 0x00007ffd1234c000 	C:\Windows\System32\GDI32.dll
0x00007ffcff2c0000 - 0x00007ffcff55a000 	C:\Windows\WinSxS\amd64_microsoft.windows.common-controls_6595b64144ccf1df_6.0.19041.1110_none_60b5254171f9507e\COMCTL32.dll
0x00007ffd104a0000 - 0x00007ffd105b5000 	C:\Windows\System32\gdi32full.dll
0x00007ffd12710000 - 0x00007ffd127ae000 	C:\Windows\System32\msvcrt.dll
0x00007ffd107c0000 - 0x00007ffd1085d000 	C:\Windows\System32\msvcp_win.dll
0x00007ffd10c70000 - 0x00007ffd10ca0000 	C:\Windows\System32\IMM32.DLL
0x00007ffcfe890000 - 0x00007ffcfe89c000 	D:\Android_Studio\jbr\bin\vcruntime140_1.dll
0x00007ffccf650000 - 0x00007ffccf6dd000 	D:\Android_Studio\jbr\bin\msvcp140.dll
0x00007ffcc7150000 - 0x00007ffcc7dbe000 	D:\Android_Studio\jbr\bin\server\jvm.dll
0x00007ffd127b0000 - 0x00007ffd1285f000 	C:\Windows\System32\ADVAPI32.dll
0x00007ffd12670000 - 0x00007ffd1270c000 	C:\Windows\System32\sechost.dll
0x00007ffd12540000 - 0x00007ffd12666000 	C:\Windows\System32\RPCRT4.dll
0x00007ffcfa9b0000 - 0x00007ffcfa9b9000 	C:\Windows\SYSTEM32\WSOCK32.dll
0x00007ffd12250000 - 0x00007ffd122bb000 	C:\Windows\System32\WS2_32.dll
0x00007ffcfffc0000 - 0x00007ffcfffe7000 	C:\Windows\SYSTEM32\WINMM.dll
0x00007ffd0b670000 - 0x00007ffd0b67a000 	C:\Windows\SYSTEM32\VERSION.dll
0x00007ffd0de30000 - 0x00007ffd0de42000 	C:\Windows\SYSTEM32\kernel.appcore.dll
0x00007ffd0ba30000 - 0x00007ffd0ba3a000 	D:\Android_Studio\jbr\bin\jimage.dll
0x00007ffd06160000 - 0x00007ffd06344000 	C:\Windows\SYSTEM32\DBGHELP.DLL
0x00007ffcf55d0000 - 0x00007ffcf5604000 	C:\Windows\SYSTEM32\dbgcore.DLL
0x00007ffd105c0000 - 0x00007ffd10642000 	C:\Windows\System32\bcryptPrimitives.dll
0x00007ffcf0080000 - 0x00007ffcf00a5000 	D:\Android_Studio\jbr\bin\java.dll
0x00007ffceea10000 - 0x00007ffceea28000 	D:\Android_Studio\jbr\bin\zip.dll
0x00007ffd10f60000 - 0x00007ffd116a4000 	C:\Windows\System32\SHELL32.dll
0x00007ffd0e030000 - 0x00007ffd0e7c3000 	C:\Windows\SYSTEM32\windows.storage.dll
0x00007ffd10910000 - 0x00007ffd10c64000 	C:\Windows\System32\combase.dll
0x00007ffd0f950000 - 0x00007ffd0f97e000 	C:\Windows\SYSTEM32\Wldp.dll
0x00007ffd12480000 - 0x00007ffd1252d000 	C:\Windows\System32\SHCORE.dll
0x00007ffd122c0000 - 0x00007ffd12315000 	C:\Windows\System32\shlwapi.dll
0x00007ffd0fec0000 - 0x00007ffd0fee5000 	C:\Windows\SYSTEM32\profapi.dll
0x00007ffcee340000 - 0x00007ffcee359000 	D:\Android_Studio\jbr\bin\net.dll
0x00007ffd068b0000 - 0x00007ffd069ba000 	C:\Windows\SYSTEM32\WINHTTP.dll
0x00007ffd0f660000 - 0x00007ffd0f6ca000 	C:\Windows\system32\mswsock.dll
0x00007ffcee320000 - 0x00007ffcee336000 	D:\Android_Studio\jbr\bin\nio.dll
0x00007ffcfe8e0000 - 0x00007ffcfe8f0000 	D:\Android_Studio\jbr\bin\verify.dll
0x00007ffce8ea0000 - 0x00007ffce8ec7000 	C:\Users\User\.gradle\native\68d5fa5c4cc2d200863cafc0d521ce42e7d3e7ee720ec0a83991735586a16f82\windows-amd64\native-platform.dll
0x00007ffcced90000 - 0x00007ffcceed4000 	C:\Users\User\.gradle\native\e376f236ea51e6404a007f0833ffe2c6e607c4080706a723a18a27aeea778392\windows-amd64\native-platform-file-events.dll
0x00007ffcfb5b0000 - 0x00007ffcfb5b9000 	D:\Android_Studio\jbr\bin\management.dll
0x00007ffcfae60000 - 0x00007ffcfae6b000 	D:\Android_Studio\jbr\bin\management_ext.dll
0x00007ffd12860000 - 0x00007ffd12868000 	C:\Windows\System32\PSAPI.DLL
0x00007ffd0f850000 - 0x00007ffd0f868000 	C:\Windows\SYSTEM32\CRYPTSP.dll
0x00007ffd0ef70000 - 0x00007ffd0efa4000 	C:\Windows\system32\rsaenh.dll
0x00007ffd0ffe0000 - 0x00007ffd10007000 	C:\Windows\System32\bcrypt.dll
0x00007ffd0fe80000 - 0x00007ffd0feae000 	C:\Windows\SYSTEM32\USERENV.dll
0x00007ffd0fae0000 - 0x00007ffd0faec000 	C:\Windows\SYSTEM32\CRYPTBASE.dll
0x00007ffd0f350000 - 0x00007ffd0f38b000 	C:\Windows\SYSTEM32\IPHLPAPI.DLL
0x00007ffd12530000 - 0x00007ffd12538000 	C:\Windows\System32\NSI.dll
0x00007ffd0b6d0000 - 0x00007ffd0b6e7000 	C:\Windows\SYSTEM32\dhcpcsvc6.DLL
0x00007ffd05a40000 - 0x00007ffd05a5d000 	C:\Windows\SYSTEM32\dhcpcsvc.DLL
0x00007ffd0f390000 - 0x00007ffd0f45a000 	C:\Windows\SYSTEM32\DNSAPI.dll
0x00007ffcf99b0000 - 0x00007ffcf99b7000 	C:\Windows\system32\wshunix.dll

dbghelp: loaded successfully - version: 4.0.5 - missing functions: none
symbol engine: initialized successfully - sym options: 0x614 - pdb path: .;D:\Android_Studio\jbr\bin;C:\Windows\SYSTEM32;C:\Windows\WinSxS\amd64_microsoft.windows.common-controls_6595b64144ccf1df_6.0.19041.1110_none_60b5254171f9507e;D:\Android_Studio\jbr\bin\server;C:\Users\User\.gradle\native\68d5fa5c4cc2d200863cafc0d521ce42e7d3e7ee720ec0a83991735586a16f82\windows-amd64;C:\Users\User\.gradle\native\e376f236ea51e6404a007f0833ffe2c6e607c4080706a723a18a27aeea778392\windows-amd64

VM Arguments:
jvm_args: --add-opens=java.base/java.util=ALL-UNNAMED --add-opens=java.base/java.lang=ALL-UNNAMED --add-opens=java.base/java.lang.invoke=ALL-UNNAMED --add-opens=java.prefs/java.util.prefs=ALL-UNNAMED --add-opens=java.base/java.nio.charset=ALL-UNNAMED --add-opens=java.base/java.net=ALL-UNNAMED --add-opens=java.base/java.util.concurrent.atomic=ALL-UNNAMED -XX:MaxMetaspaceSize=256m -XX:+HeapDumpOnOutOfMemoryError -Xms256m -Xmx512m -Dfile.encoding=windows-1252 -Duser.country=IN -Duser.language=en -Duser.variant 
java_command: org.gradle.launcher.daemon.bootstrap.GradleDaemon 8.0
java_class_path (initial): C:\Users\User\.gradle\wrapper\dists\gradle-8.0-bin\ca5e32bp14vu59qr306oxotwh\gradle-8.0\lib\gradle-launcher-8.0.jar
Launcher Type: SUN_STANDARD

[Global flags]
     intx CICompilerCount                          = 3                                         {product} {ergonomic}
   size_t CompressedClassSpaceSize                 = 218103808                                 {product} {ergonomic}
     uint ConcGCThreads                            = 1                                         {product} {ergonomic}
     uint G1ConcRefinementThreads                  = 4                                         {product} {ergonomic}
   size_t G1HeapRegionSize                         = 1048576                                   {product} {ergonomic}
    uintx GCDrainStackTargetSize                   = 64                                        {product} {ergonomic}
     bool HeapDumpOnOutOfMemoryError               = true                                   {manageable} {command line}
   size_t InitialHeapSize                          = 268435456                                 {product} {command line}
   size_t MarkStackSize                            = 4194304                                   {product} {ergonomic}
   size_t MaxHeapSize                              = 536870912                                 {product} {command line}
   size_t MaxMetaspaceSize                         = 268435456                                 {product} {command line}
   size_t MaxNewSize                               = 321912832                                 {product} {ergonomic}
   size_t MinHeapDeltaBytes                        = 1048576                                   {product} {ergonomic}
   size_t MinHeapSize                              = 268435456                                 {product} {command line}
    uintx NonNMethodCodeHeapSize                   = 5832780                                {pd product} {ergonomic}
    uintx NonProfiledCodeHeapSize                  = 122912730                              {pd product} {ergonomic}
    uintx ProfiledCodeHeapSize                     = 122912730                              {pd product} {ergonomic}
    uintx ReservedCodeCacheSize                    = 251658240                              {pd product} {ergonomic}
     bool SegmentedCodeCache                       = true                                      {product} {ergonomic}
   size_t SoftMaxHeapSize                          = 536870912                              {manageable} {ergonomic}
     bool UseCompressedClassPointers               = true                           {product lp64_product} {ergonomic}
     bool UseCompressedOops                        = true                           {product lp64_product} {ergonomic}
     bool UseG1GC                                  = true                                      {product} {ergonomic}
     bool UseLargePagesIndividualAllocation        = false                                  {pd product} {ergonomic}

Logging:
Log output configuration:
 #0: stdout all=warning uptime,level,tags
 #1: stderr all=off uptime,level,tags

Environment Variables:
PATH=D:\VMWare\bin\;C:\Windows\system32;C:\Windows;C:\Windows\System32\Wbem;C:\Windows\System32\WindowsPowerShell\v1.0\;C:\Windows\System32\OpenSSH\;C:\Users\User\AppData\Local\Microsoft\WindowsApps;C:\sqlite;;D:\Local Folder\Intellij IDEA\IntelliJ IDEA Community Edition 2023.1.3\bin;
USERNAME=User
OS=Windows_NT
PROCESSOR_IDENTIFIER=Intel64 Family 6 Model 78 Stepping 3, GenuineIntel
TMP=C:\Users\User\AppData\Local\Temp
TEMP=C:\Users\User\AppData\Local\Temp


JNI global refs:
JNI global refs: 25, weak refs: 7

JNI global refs memory usage: 843, weak refs: 841


---------------  S Y S T E M  ---------------

OS:
 Windows 10 , 64 bit Build 19041 (10.0.19041.3155)
OS uptime: 2 days 23:44 hours

CPU: total 4 (initial active 4) (2 cores per cpu, 2 threads per core) family 6 model 78 stepping 3 microcode 0xf0, cx8, cmov, fxsr, ht, mmx, 3dnowpref, sse, sse2, sse3, ssse3, sse4.1, sse4.2, popcnt, lzcnt, tsc, tscinvbit, avx, avx2, aes, erms, clmul, bmi1, bmi2, rtm, adx, fma, vzeroupper, clflush, clflushopt

Memory: 4k page, system-wide physical 7847M (301M free)
TotalPageFile size 9723M (AvailPageFile size 6M)
current process WorkingSet (physical memory assigned to process): 471M, peak: 471M
current process commit charge ("private bytes"): 523M, peak: 525M

vm_info: OpenJDK 64-Bit Server VM (17.0.6+0-b2043.56-10027231) for windows-amd64 JRE (17.0.6+0-b2043.56-10027231), built on Apr 28 2023 00:43:19 by "androidbuild" with MS VC++ 16.10 / 16.11 (VS2019)

END.
